This file contains any messages produced by compilers while
running configure, to aid debugging if configure makes a mistake.

It was created by Transcendence Core configure 1.0.0, which was
generated by GNU Autoconf 2.69.  Invocation command line was

  $ ./configure --prefix=/ --disable-tests

## --------- ##
## Platform. ##
## --------- ##

hostname = transcendence-1
uname -m = x86_64
uname -r = 4.4.0-127-generic
uname -s = Linux
uname -v = #153-Ubuntu SMP Sat May 19 10:58:46 UTC 2018

/usr/bin/uname -p = unknown
/bin/uname -X     = unknown

/bin/arch              = unknown
/usr/bin/arch -k       = unknown
/usr/convex/getsysinfo = unknown
/usr/bin/hostinfo      = unknown
/bin/machine           = unknown
/usr/bin/oslevel       = unknown
/bin/universe          = unknown

PATH: /usr/local/sbin
PATH: /usr/local/bin
PATH: /usr/sbin
PATH: /usr/bin
PATH: /sbin
PATH: /bin
PATH: /usr/games
PATH: /usr/local/games
PATH: /snap/bin


## ----------- ##
## Core tests. ##
## ----------- ##

configure:2829: loading site script /root/telos/depends/x86_64-apple-darwin11/share/config.site
| depends_prefix="`dirname ${ac_site_file}`/.."
| 
| cross_compiling=maybe
| host_alias=x86_64-apple-darwin11
| ac_tool_prefix=${host_alias}-
| 
| if test -z $with_boost; then
|   with_boost=$depends_prefix
| fi
| if test -z $with_qt_plugindir; then
|   with_qt_plugindir=$depends_prefix/plugins
| fi
| if test -z $with_qt_translationdir; then
|   with_qt_translationdir=$depends_prefix/translations
| fi
| if test -z $with_qt_bindir; then
|   with_qt_bindir=$depends_prefix/native/bin
| fi
| if test -z $with_protoc_bindir; then
|   with_protoc_bindir=$depends_prefix/native/bin
| fi
| 
| 
| if test -z $enable_wallet && test -n ""; then
|   enable_wallet=no
| fi
| 
| if test -z $with_miniupnpc && test -n ""; then
|   with_miniupnpc=no
| fi
| 
| if test -z $with_gui && test -n ""; then
|   with_gui=no
| fi
| 
| if test xdarwin = xdarwin; then
|   BREW=no
|   PORT=no
| fi
| 
| if test xdarwin = xmingw32; then
|   if test -z $with_qt_incdir; then
|     with_qt_incdir=$depends_prefix/include
|   fi
|   if test -z $with_qt_libdir; then
|     with_qt_libdir=$depends_prefix/lib
|   fi
| fi
| 
| PATH=$depends_prefix/native/bin:$PATH
| PKG_CONFIG="`which pkg-config` --static"
| 
| # These two need to remain exported because pkg-config does not see them
| # otherwise. That means they must be unexported at the end of configure.ac to
| # avoid ruining the cache. Sigh.
| 
| export PKG_CONFIG_LIBDIR=$depends_prefix/lib/pkgconfig
| export PKG_CONFIG_PATH=$depends_prefix/share/pkgconfig
| 
| CPPFLAGS="-I$depends_prefix/include/ $CPPFLAGS"
| LDFLAGS="-L$depends_prefix/lib $LDFLAGS"
| 
| CC="/root/telos/depends/x86_64-apple-darwin11/native/bin/clang -target x86_64-apple-darwin11 -mmacosx-version-min=10.8 --sysroot /root/telos/depends/SDKs/MacOSX10.11.sdk -mlinker-version=253.9"
| CXX="/root/telos/depends/x86_64-apple-darwin11/native/bin/clang++ -target x86_64-apple-darwin11 -mmacosx-version-min=10.8 --sysroot /root/telos/depends/SDKs/MacOSX10.11.sdk -mlinker-version=253.9 -stdlib=libc++"
| OBJC="${CC}"
| CCACHE=$depends_prefix/native/bin/ccache
| PYTHONPATH=$depends_prefix/native/lib/python/dist-packages:$PYTHONPATH
| 
| if test -n "/root/telos/depends/x86_64-apple-darwin11/native/bin/x86_64-apple-darwin11-ar"; then
|   AR=/root/telos/depends/x86_64-apple-darwin11/native/bin/x86_64-apple-darwin11-ar
|   ac_cv_path_ac_pt_AR=${AR}
| fi
| 
| if test -n "/root/telos/depends/x86_64-apple-darwin11/native/bin/x86_64-apple-darwin11-ranlib"; then
|   RANLIB=/root/telos/depends/x86_64-apple-darwin11/native/bin/x86_64-apple-darwin11-ranlib
|   ac_cv_path_ac_pt_RANLIB=${RANLIB}
| fi
| 
| if test -n "/root/telos/depends/x86_64-apple-darwin11/native/bin/x86_64-apple-darwin11-nm"; then
|   NM=/root/telos/depends/x86_64-apple-darwin11/native/bin/x86_64-apple-darwin11-nm
|   ac_cv_path_ac_pt_NM=${NM}
| fi
| 
| if test -n ""; then
|   enable_reduce_exports=no
| fi
| 
| if test -n "-pipe -O2"; then
|   CFLAGS="-pipe -O2 $CFLAGS"
| fi
| if test -n "-pipe -O2"; then
|   CXXFLAGS="-pipe -O2 $CXXFLAGS"
| fi
| if test -n ""; then
|   CPPFLAGS=" $CPPFLAGS"
| fi
| if test -n ""; then
|   LDFLAGS=" $LDFLAGS"
| fi
configure:2968: checking build system type
configure:2982: result: x86_64-pc-linux-gnu
configure:3002: checking host system type
configure:3015: result: x86_64-apple-darwin11
configure:3058: checking for a BSD-compatible install
configure:3126: result: /usr/bin/install -c
configure:3137: checking whether build environment is sane
configure:3192: result: yes
configure:3251: checking for x86_64-apple-darwin11-strip
configure:3267: found /root/telos/depends/x86_64-apple-darwin11/share/../native/bin/x86_64-apple-darwin11-strip
configure:3278: result: x86_64-apple-darwin11-strip
configure:3343: checking for a thread-safe mkdir -p
configure:3382: result: /bin/mkdir -p
configure:3389: checking for gawk
configure:3405: found /usr/bin/gawk
configure:3416: result: gawk
configure:3427: checking whether make sets $(MAKE)
configure:3449: result: yes
configure:3478: checking whether make supports nested variables
configure:3495: result: yes
configure:3614: checking whether to enable maintainer-specific portions of Makefiles
configure:3623: result: yes
configure:3648: checking whether make supports nested variables
configure:3665: result: yes
configure:3794: checking for C++ compiler version
configure:3803: /root/telos/depends/x86_64-apple-darwin11/native/bin/clang++ -target x86_64-apple-darwin11 -mmacosx-version-min=10.8 --sysroot /root/telos/depends/SDKs/MacOSX10.11.sdk -mlinker-version=253.9 -stdlib=libc++ --version >&5
clang version 3.7.1 (tags/RELEASE_371/final)
Target: x86_64-apple-darwin11
Thread model: posix
configure:3814: $? = 0
configure:3803: /root/telos/depends/x86_64-apple-darwin11/native/bin/clang++ -target x86_64-apple-darwin11 -mmacosx-version-min=10.8 --sysroot /root/telos/depends/SDKs/MacOSX10.11.sdk -mlinker-version=253.9 -stdlib=libc++ -v >&5
clang version 3.7.1 (tags/RELEASE_371/final)
Target: x86_64-apple-darwin11
Thread model: posix
clang: warning: argument unused during compilation: '-mmacosx-version-min=10.8'
clang: warning: argument unused during compilation: '-mlinker-version=253.9'
clang: warning: argument unused during compilation: '-stdlib=libc++'
configure:3814: $? = 0
configure:3803: /root/telos/depends/x86_64-apple-darwin11/native/bin/clang++ -target x86_64-apple-darwin11 -mmacosx-version-min=10.8 --sysroot /root/telos/depends/SDKs/MacOSX10.11.sdk -mlinker-version=253.9 -stdlib=libc++ -V >&5
clang: error: argument to '-V' is missing (expected 1 value)
clang: error: no input files
configure:3814: $? = 1
configure:3803: /root/telos/depends/x86_64-apple-darwin11/native/bin/clang++ -target x86_64-apple-darwin11 -mmacosx-version-min=10.8 --sysroot /root/telos/depends/SDKs/MacOSX10.11.sdk -mlinker-version=253.9 -stdlib=libc++ -qversion >&5
clang: error: unknown argument: '-qversion'
clang: error: no input files
configure:3814: $? = 1
configure:3834: checking whether the C++ compiler works
configure:3856: /root/telos/depends/x86_64-apple-darwin11/native/bin/clang++ -target x86_64-apple-darwin11 -mmacosx-version-min=10.8 --sysroot /root/telos/depends/SDKs/MacOSX10.11.sdk -mlinker-version=253.9 -stdlib=libc++ -pipe -O2  -I/root/telos/depends/x86_64-apple-darwin11/share/../include/  -L/root/telos/depends/x86_64-apple-darwin11/share/../lib  conftest.cpp  >&5
configure:3860: $? = 0
configure:3908: result: yes
configure:3911: checking for C++ compiler default output file name
configure:3913: result: a.out
configure:3919: checking for suffix of executables
configure:3926: /root/telos/depends/x86_64-apple-darwin11/native/bin/clang++ -target x86_64-apple-darwin11 -mmacosx-version-min=10.8 --sysroot /root/telos/depends/SDKs/MacOSX10.11.sdk -mlinker-version=253.9 -stdlib=libc++ -o conftest -pipe -O2  -I/root/telos/depends/x86_64-apple-darwin11/share/../include/  -L/root/telos/depends/x86_64-apple-darwin11/share/../lib  conftest.cpp  >&5
configure:3930: $? = 0
configure:3952: result: 
configure:3974: checking whether we are cross compiling
configure:3982: /root/telos/depends/x86_64-apple-darwin11/native/bin/clang++ -target x86_64-apple-darwin11 -mmacosx-version-min=10.8 --sysroot /root/telos/depends/SDKs/MacOSX10.11.sdk -mlinker-version=253.9 -stdlib=libc++ -o conftest -pipe -O2  -I/root/telos/depends/x86_64-apple-darwin11/share/../include/  -L/root/telos/depends/x86_64-apple-darwin11/share/../lib  conftest.cpp  >&5
configure:3986: $? = 0
configure:3993: ./conftest
./configure: line 3995: ./conftest: cannot execute binary file: Exec format error
configure:3997: $? = 126
configure:4012: result: yes
configure:4017: checking for suffix of object files
configure:4039: /root/telos/depends/x86_64-apple-darwin11/native/bin/clang++ -target x86_64-apple-darwin11 -mmacosx-version-min=10.8 --sysroot /root/telos/depends/SDKs/MacOSX10.11.sdk -mlinker-version=253.9 -stdlib=libc++ -c -pipe -O2  -I/root/telos/depends/x86_64-apple-darwin11/share/../include/  conftest.cpp >&5
configure:4043: $? = 0
configure:4064: result: o
configure:4068: checking whether we are using the GNU C++ compiler
configure:4087: /root/telos/depends/x86_64-apple-darwin11/native/bin/clang++ -target x86_64-apple-darwin11 -mmacosx-version-min=10.8 --sysroot /root/telos/depends/SDKs/MacOSX10.11.sdk -mlinker-version=253.9 -stdlib=libc++ -c -pipe -O2  -I/root/telos/depends/x86_64-apple-darwin11/share/../include/  conftest.cpp >&5
configure:4087: $? = 0
configure:4096: result: yes
configure:4105: checking whether /root/telos/depends/x86_64-apple-darwin11/native/bin/clang++ -target x86_64-apple-darwin11 -mmacosx-version-min=10.8 --sysroot /root/telos/depends/SDKs/MacOSX10.11.sdk -mlinker-version=253.9 -stdlib=libc++ accepts -g
configure:4125: /root/telos/depends/x86_64-apple-darwin11/native/bin/clang++ -target x86_64-apple-darwin11 -mmacosx-version-min=10.8 --sysroot /root/telos/depends/SDKs/MacOSX10.11.sdk -mlinker-version=253.9 -stdlib=libc++ -c -g -I/root/telos/depends/x86_64-apple-darwin11/share/../include/  conftest.cpp >&5
configure:4125: $? = 0
configure:4166: result: yes
configure:4200: checking for style of include used by make
configure:4228: result: GNU
configure:4254: checking dependency style of /root/telos/depends/x86_64-apple-darwin11/native/bin/clang++ -target x86_64-apple-darwin11 -mmacosx-version-min=10.8 --sysroot /root/telos/depends/SDKs/MacOSX10.11.sdk -mlinker-version=253.9 -stdlib=libc++
configure:4365: result: gcc3
configure:4394: checking whether /root/telos/depends/x86_64-apple-darwin11/native/bin/clang++ -target x86_64-apple-darwin11 -mmacosx-version-min=10.8 --sysroot /root/telos/depends/SDKs/MacOSX10.11.sdk -mlinker-version=253.9 -stdlib=libc++ supports C++11 features by default
configure:4688: /root/telos/depends/x86_64-apple-darwin11/native/bin/clang++ -target x86_64-apple-darwin11 -mmacosx-version-min=10.8 --sysroot /root/telos/depends/SDKs/MacOSX10.11.sdk -mlinker-version=253.9 -stdlib=libc++ -c -pipe -O2  -I/root/telos/depends/x86_64-apple-darwin11/share/../include/  conftest.cpp >&5
conftest.cpp:20:2: error: "This is not a C++11 compiler"
#error "This is not a C++11 compiler"
 ^
1 error generated.
configure:4688: $? = 1
configure: failed program was:
| /* confdefs.h */
| #define PACKAGE_NAME "Transcendence Core"
| #define PACKAGE_TARNAME "transcendence"
| #define PACKAGE_VERSION "1.0.0"
| #define PACKAGE_STRING "Transcendence Core 1.0.0"
| #define PACKAGE_BUGREPORT "www.transcendence.org"
| #define PACKAGE_URL ""
| /* end confdefs.h.  */
| 
| 
| // If the compiler admits that it is not ready for C++11, why torture it?
| // Hopefully, this will speed up the test.
| 
| #ifndef __cplusplus
| 
| #error "This is not a C++ compiler"
| 
| #elif __cplusplus < 201103L
| 
| #error "This is not a C++11 compiler"
| 
| #else
| 
| namespace cxx11
| {
| 
|   namespace test_static_assert
|   {
| 
|     template <typename T>
|     struct check
|     {
|       static_assert(sizeof(int) <= sizeof(T), "not big enough");
|     };
| 
|   }
| 
|   namespace test_final_override
|   {
| 
|     struct Base
|     {
|       virtual void f() {}
|     };
| 
|     struct Derived : public Base
|     {
|       virtual void f() override {}
|     };
| 
|   }
| 
|   namespace test_double_right_angle_brackets
|   {
| 
|     template < typename T >
|     struct check {};
| 
|     typedef check<void> single_type;
|     typedef check<check<void>> double_type;
|     typedef check<check<check<void>>> triple_type;
|     typedef check<check<check<check<void>>>> quadruple_type;
| 
|   }
| 
|   namespace test_decltype
|   {
| 
|     int
|     f()
|     {
|       int a = 1;
|       decltype(a) b = 2;
|       return a + b;
|     }
| 
|   }
| 
|   namespace test_type_deduction
|   {
| 
|     template < typename T1, typename T2 >
|     struct is_same
|     {
|       static const bool value = false;
|     };
| 
|     template < typename T >
|     struct is_same<T, T>
|     {
|       static const bool value = true;
|     };
| 
|     template < typename T1, typename T2 >
|     auto
|     add(T1 a1, T2 a2) -> decltype(a1 + a2)
|     {
|       return a1 + a2;
|     }
| 
|     int
|     test(const int c, volatile int v)
|     {
|       static_assert(is_same<int, decltype(0)>::value == true, "");
|       static_assert(is_same<int, decltype(c)>::value == false, "");
|       static_assert(is_same<int, decltype(v)>::value == false, "");
|       auto ac = c;
|       auto av = v;
|       auto sumi = ac + av + 'x';
|       auto sumf = ac + av + 1.0;
|       static_assert(is_same<int, decltype(ac)>::value == true, "");
|       static_assert(is_same<int, decltype(av)>::value == true, "");
|       static_assert(is_same<int, decltype(sumi)>::value == true, "");
|       static_assert(is_same<int, decltype(sumf)>::value == false, "");
|       static_assert(is_same<int, decltype(add(c, v))>::value == true, "");
|       return (sumf > 0.0) ? sumi : add(c, v);
|     }
| 
|   }
| 
|   namespace test_noexcept
|   {
| 
|     int f() { return 0; }
|     int g() noexcept { return 0; }
| 
|     static_assert(noexcept(f()) == false, "");
|     static_assert(noexcept(g()) == true, "");
| 
|   }
| 
|   namespace test_constexpr
|   {
| 
|     template < typename CharT >
|     unsigned long constexpr
|     strlen_c_r(const CharT *const s, const unsigned long acc) noexcept
|     {
|       return *s ? strlen_c_r(s + 1, acc + 1) : acc;
|     }
| 
|     template < typename CharT >
|     unsigned long constexpr
|     strlen_c(const CharT *const s) noexcept
|     {
|       return strlen_c_r(s, 0UL);
|     }
| 
|     static_assert(strlen_c("") == 0UL, "");
|     static_assert(strlen_c("1") == 1UL, "");
|     static_assert(strlen_c("example") == 7UL, "");
|     static_assert(strlen_c("another\0example") == 7UL, "");
| 
|   }
| 
|   namespace test_rvalue_references
|   {
| 
|     template < int N >
|     struct answer
|     {
|       static constexpr int value = N;
|     };
| 
|     answer<1> f(int&)       { return answer<1>(); }
|     answer<2> f(const int&) { return answer<2>(); }
|     answer<3> f(int&&)      { return answer<3>(); }
| 
|     void
|     test()
|     {
|       int i = 0;
|       const int c = 0;
|       static_assert(decltype(f(i))::value == 1, "");
|       static_assert(decltype(f(c))::value == 2, "");
|       static_assert(decltype(f(0))::value == 3, "");
|     }
| 
|   }
| 
|   namespace test_uniform_initialization
|   {
| 
|     struct test
|     {
|       static const int zero {};
|       static const int one {1};
|     };
| 
|     static_assert(test::zero == 0, "");
|     static_assert(test::one == 1, "");
| 
|   }
| 
|   namespace test_lambdas
|   {
| 
|     void
|     test1()
|     {
|       auto lambda1 = [](){};
|       auto lambda2 = lambda1;
|       lambda1();
|       lambda2();
|     }
| 
|     int
|     test2()
|     {
|       auto a = [](int i, int j){ return i + j; }(1, 2);
|       auto b = []() -> int { return '0'; }();
|       auto c = [=](){ return a + b; }();
|       auto d = [&](){ return c; }();
|       auto e = [a, &b](int x) mutable {
|         const auto identity = [](int y){ return y; };
|         for (auto i = 0; i < a; ++i)
|           a += b--;
|         return x + identity(a + b);
|       }(0);
|       return a + b + c + d + e;
|     }
| 
|     int
|     test3()
|     {
|       const auto nullary = [](){ return 0; };
|       const auto unary = [](int x){ return x; };
|       using nullary_t = decltype(nullary);
|       using unary_t = decltype(unary);
|       const auto higher1st = [](nullary_t f){ return f(); };
|       const auto higher2nd = [unary](nullary_t f1){
|         return [unary, f1](unary_t f2){ return f2(unary(f1())); };
|       };
|       return higher1st(nullary) + higher2nd(nullary)(unary);
|     }
| 
|   }
| 
|   namespace test_variadic_templates
|   {
| 
|     template <int...>
|     struct sum;
| 
|     template <int N0, int... N1toN>
|     struct sum<N0, N1toN...>
|     {
|       static constexpr auto value = N0 + sum<N1toN...>::value;
|     };
| 
|     template <>
|     struct sum<>
|     {
|       static constexpr auto value = 0;
|     };
| 
|     static_assert(sum<>::value == 0, "");
|     static_assert(sum<1>::value == 1, "");
|     static_assert(sum<23>::value == 23, "");
|     static_assert(sum<1, 2>::value == 3, "");
|     static_assert(sum<5, 5, 11>::value == 21, "");
|     static_assert(sum<2, 3, 5, 7, 11, 13>::value == 41, "");
| 
|   }
| 
|   // http://stackoverflow.com/questions/13728184/template-aliases-and-sfinae
|   // Clang 3.1 fails with headers of libstd++ 4.8.3 when using std::function
|   // because of this.
|   namespace test_template_alias_sfinae
|   {
| 
|     struct foo {};
| 
|     template<typename T>
|     using member = typename T::member_type;
| 
|     template<typename T>
|     void func(...) {}
| 
|     template<typename T>
|     void func(member<T>*) {}
| 
|     void test();
| 
|     void test() { func<foo>(0); }
| 
|   }
| 
| }  // namespace cxx11
| 
| #endif  // __cplusplus >= 201103L
| 
| 
| 
configure:4695: result: no
configure:4706: checking whether /root/telos/depends/x86_64-apple-darwin11/native/bin/clang++ -target x86_64-apple-darwin11 -mmacosx-version-min=10.8 --sysroot /root/telos/depends/SDKs/MacOSX10.11.sdk -mlinker-version=253.9 -stdlib=libc++ supports C++11 features with -std=c++11
configure:5002: /root/telos/depends/x86_64-apple-darwin11/native/bin/clang++ -target x86_64-apple-darwin11 -mmacosx-version-min=10.8 --sysroot /root/telos/depends/SDKs/MacOSX10.11.sdk -mlinker-version=253.9 -stdlib=libc++ -std=c++11 -c -pipe -O2  -I/root/telos/depends/x86_64-apple-darwin11/share/../include/  conftest.cpp >&5
configure:5002: $? = 0
configure:5011: result: yes
configure:5061: checking for x86_64-apple-darwin11-g++
configure:5088: result: /root/telos/depends/x86_64-apple-darwin11/native/bin/clang++ -target x86_64-apple-darwin11 -mmacosx-version-min=10.8 --sysroot /root/telos/depends/SDKs/MacOSX10.11.sdk -mlinker-version=253.9 -stdlib=libc++ -std=c++11
configure:5157: checking for Objective C++ compiler version
configure:5166: /root/telos/depends/x86_64-apple-darwin11/native/bin/clang++ -target x86_64-apple-darwin11 -mmacosx-version-min=10.8 --sysroot /root/telos/depends/SDKs/MacOSX10.11.sdk -mlinker-version=253.9 -stdlib=libc++ -std=c++11 --version >&5
clang version 3.7.1 (tags/RELEASE_371/final)
Target: x86_64-apple-darwin11
Thread model: posix
configure:5177: $? = 0
configure:5166: /root/telos/depends/x86_64-apple-darwin11/native/bin/clang++ -target x86_64-apple-darwin11 -mmacosx-version-min=10.8 --sysroot /root/telos/depends/SDKs/MacOSX10.11.sdk -mlinker-version=253.9 -stdlib=libc++ -std=c++11 -v >&5
clang version 3.7.1 (tags/RELEASE_371/final)
Target: x86_64-apple-darwin11
Thread model: posix
clang: warning: argument unused during compilation: '-mmacosx-version-min=10.8'
clang: warning: argument unused during compilation: '-mlinker-version=253.9'
clang: warning: argument unused during compilation: '-stdlib=libc++'
clang: warning: argument unused during compilation: '-std=c++11'
configure:5177: $? = 0
configure:5166: /root/telos/depends/x86_64-apple-darwin11/native/bin/clang++ -target x86_64-apple-darwin11 -mmacosx-version-min=10.8 --sysroot /root/telos/depends/SDKs/MacOSX10.11.sdk -mlinker-version=253.9 -stdlib=libc++ -std=c++11 -V >&5
clang: error: argument to '-V' is missing (expected 1 value)
clang: error: no input files
configure:5177: $? = 1
configure:5166: /root/telos/depends/x86_64-apple-darwin11/native/bin/clang++ -target x86_64-apple-darwin11 -mmacosx-version-min=10.8 --sysroot /root/telos/depends/SDKs/MacOSX10.11.sdk -mlinker-version=253.9 -stdlib=libc++ -std=c++11 -qversion >&5
clang: error: unknown argument: '-qversion'
clang: error: no input files
configure:5177: $? = 1
configure:5181: checking whether we are using the GNU Objective C++ compiler
configure:5200: /root/telos/depends/x86_64-apple-darwin11/native/bin/clang++ -target x86_64-apple-darwin11 -mmacosx-version-min=10.8 --sysroot /root/telos/depends/SDKs/MacOSX10.11.sdk -mlinker-version=253.9 -stdlib=libc++ -std=c++11 -c  -I/root/telos/depends/x86_64-apple-darwin11/share/../include/  conftest.mm >&5
configure:5200: $? = 0
configure:5209: result: yes
configure:5218: checking whether /root/telos/depends/x86_64-apple-darwin11/native/bin/clang++ -target x86_64-apple-darwin11 -mmacosx-version-min=10.8 --sysroot /root/telos/depends/SDKs/MacOSX10.11.sdk -mlinker-version=253.9 -stdlib=libc++ -std=c++11 accepts -g
configure:5238: /root/telos/depends/x86_64-apple-darwin11/native/bin/clang++ -target x86_64-apple-darwin11 -mmacosx-version-min=10.8 --sysroot /root/telos/depends/SDKs/MacOSX10.11.sdk -mlinker-version=253.9 -stdlib=libc++ -std=c++11 -c -g -I/root/telos/depends/x86_64-apple-darwin11/share/../include/  conftest.mm >&5
configure:5238: $? = 0
configure:5279: result: yes
configure:5304: checking dependency style of /root/telos/depends/x86_64-apple-darwin11/native/bin/clang++ -target x86_64-apple-darwin11 -mmacosx-version-min=10.8 --sysroot /root/telos/depends/SDKs/MacOSX10.11.sdk -mlinker-version=253.9 -stdlib=libc++ -std=c++11
configure:5413: result: gcc3
configure:5476: checking how to print strings
configure:5503: result: printf
configure:5532: checking for x86_64-apple-darwin11-gcc
configure:5559: result: /root/telos/depends/x86_64-apple-darwin11/native/bin/clang -target x86_64-apple-darwin11 -mmacosx-version-min=10.8 --sysroot /root/telos/depends/SDKs/MacOSX10.11.sdk -mlinker-version=253.9
configure:5828: checking for C compiler version
configure:5837: /root/telos/depends/x86_64-apple-darwin11/native/bin/clang -target x86_64-apple-darwin11 -mmacosx-version-min=10.8 --sysroot /root/telos/depends/SDKs/MacOSX10.11.sdk -mlinker-version=253.9 --version >&5
clang version 3.7.1 (tags/RELEASE_371/final)
Target: x86_64-apple-darwin11
Thread model: posix
configure:5848: $? = 0
configure:5837: /root/telos/depends/x86_64-apple-darwin11/native/bin/clang -target x86_64-apple-darwin11 -mmacosx-version-min=10.8 --sysroot /root/telos/depends/SDKs/MacOSX10.11.sdk -mlinker-version=253.9 -v >&5
clang version 3.7.1 (tags/RELEASE_371/final)
Target: x86_64-apple-darwin11
Thread model: posix
clang: warning: argument unused during compilation: '-mmacosx-version-min=10.8'
clang: warning: argument unused during compilation: '-mlinker-version=253.9'
configure:5848: $? = 0
configure:5837: /root/telos/depends/x86_64-apple-darwin11/native/bin/clang -target x86_64-apple-darwin11 -mmacosx-version-min=10.8 --sysroot /root/telos/depends/SDKs/MacOSX10.11.sdk -mlinker-version=253.9 -V >&5
clang: error: argument to '-V' is missing (expected 1 value)
clang: error: no input files
configure:5848: $? = 1
configure:5837: /root/telos/depends/x86_64-apple-darwin11/native/bin/clang -target x86_64-apple-darwin11 -mmacosx-version-min=10.8 --sysroot /root/telos/depends/SDKs/MacOSX10.11.sdk -mlinker-version=253.9 -qversion >&5
clang: error: unknown argument: '-qversion'
clang: error: no input files
configure:5848: $? = 1
configure:5852: checking whether we are using the GNU C compiler
configure:5871: /root/telos/depends/x86_64-apple-darwin11/native/bin/clang -target x86_64-apple-darwin11 -mmacosx-version-min=10.8 --sysroot /root/telos/depends/SDKs/MacOSX10.11.sdk -mlinker-version=253.9 -c -pipe -O2  -I/root/telos/depends/x86_64-apple-darwin11/share/../include/  conftest.c >&5
configure:5871: $? = 0
configure:5880: result: yes
configure:5889: checking whether /root/telos/depends/x86_64-apple-darwin11/native/bin/clang -target x86_64-apple-darwin11 -mmacosx-version-min=10.8 --sysroot /root/telos/depends/SDKs/MacOSX10.11.sdk -mlinker-version=253.9 accepts -g
configure:5909: /root/telos/depends/x86_64-apple-darwin11/native/bin/clang -target x86_64-apple-darwin11 -mmacosx-version-min=10.8 --sysroot /root/telos/depends/SDKs/MacOSX10.11.sdk -mlinker-version=253.9 -c -g -I/root/telos/depends/x86_64-apple-darwin11/share/../include/  conftest.c >&5
configure:5909: $? = 0
configure:5950: result: yes
configure:5967: checking for /root/telos/depends/x86_64-apple-darwin11/native/bin/clang -target x86_64-apple-darwin11 -mmacosx-version-min=10.8 --sysroot /root/telos/depends/SDKs/MacOSX10.11.sdk -mlinker-version=253.9 option to accept ISO C89
configure:6030: /root/telos/depends/x86_64-apple-darwin11/native/bin/clang -target x86_64-apple-darwin11 -mmacosx-version-min=10.8 --sysroot /root/telos/depends/SDKs/MacOSX10.11.sdk -mlinker-version=253.9  -c -pipe -O2  -I/root/telos/depends/x86_64-apple-darwin11/share/../include/  conftest.c >&5
configure:6030: $? = 0
configure:6043: result: none needed
configure:6068: checking whether /root/telos/depends/x86_64-apple-darwin11/native/bin/clang -target x86_64-apple-darwin11 -mmacosx-version-min=10.8 --sysroot /root/telos/depends/SDKs/MacOSX10.11.sdk -mlinker-version=253.9 understands -c and -o together
configure:6090: /root/telos/depends/x86_64-apple-darwin11/native/bin/clang -target x86_64-apple-darwin11 -mmacosx-version-min=10.8 --sysroot /root/telos/depends/SDKs/MacOSX10.11.sdk -mlinker-version=253.9 -c conftest.c -o conftest2.o
configure:6093: $? = 0
configure:6090: /root/telos/depends/x86_64-apple-darwin11/native/bin/clang -target x86_64-apple-darwin11 -mmacosx-version-min=10.8 --sysroot /root/telos/depends/SDKs/MacOSX10.11.sdk -mlinker-version=253.9 -c conftest.c -o conftest2.o
configure:6093: $? = 0
configure:6105: result: yes
configure:6124: checking dependency style of /root/telos/depends/x86_64-apple-darwin11/native/bin/clang -target x86_64-apple-darwin11 -mmacosx-version-min=10.8 --sysroot /root/telos/depends/SDKs/MacOSX10.11.sdk -mlinker-version=253.9
configure:6235: result: gcc3
configure:6250: checking for a sed that does not truncate output
configure:6314: result: /bin/sed
configure:6332: checking for grep that handles long lines and -e
configure:6390: result: /bin/grep
configure:6395: checking for egrep
configure:6457: result: /bin/grep -E
configure:6462: checking for fgrep
configure:6524: result: /bin/grep -F
configure:6559: checking for ld used by /root/telos/depends/x86_64-apple-darwin11/native/bin/clang -target x86_64-apple-darwin11 -mmacosx-version-min=10.8 --sysroot /root/telos/depends/SDKs/MacOSX10.11.sdk -mlinker-version=253.9
configure:6626: result: /root/telos/depends/x86_64-apple-darwin11/native/bin/x86_64-apple-darwin11-ld
configure:6633: checking if the linker (/root/telos/depends/x86_64-apple-darwin11/native/bin/x86_64-apple-darwin11-ld) is GNU ld
configure:6648: result: no
configure:6660: checking for BSD- or MS-compatible name lister (nm)
configure:6714: result: /root/telos/depends/x86_64-apple-darwin11/native/bin/x86_64-apple-darwin11-nm
configure:6844: checking the name lister (/root/telos/depends/x86_64-apple-darwin11/native/bin/x86_64-apple-darwin11-nm) interface
configure:6851: /root/telos/depends/x86_64-apple-darwin11/native/bin/clang -target x86_64-apple-darwin11 -mmacosx-version-min=10.8 --sysroot /root/telos/depends/SDKs/MacOSX10.11.sdk -mlinker-version=253.9 -c -pipe -O2  -I/root/telos/depends/x86_64-apple-darwin11/share/../include/  conftest.c >&5
configure:6854: /root/telos/depends/x86_64-apple-darwin11/native/bin/x86_64-apple-darwin11-nm "conftest.o"
configure:6857: output
0000000000000000 S _some_variable
configure:6864: result: BSD nm
configure:6867: checking whether ln -s works
configure:6871: result: yes
configure:6879: checking the maximum length of command line arguments
configure:7010: result: 1572864
configure:7058: checking how to convert x86_64-pc-linux-gnu file names to x86_64-apple-darwin11 format
configure:7098: result: func_convert_file_noop
configure:7105: checking how to convert x86_64-pc-linux-gnu file names to toolchain format
configure:7125: result: func_convert_file_noop
configure:7132: checking for /root/telos/depends/x86_64-apple-darwin11/native/bin/x86_64-apple-darwin11-ld option to reload object files
configure:7139: result: -r
configure:7173: checking for x86_64-apple-darwin11-objdump
configure:7203: result: no
configure:7213: checking for objdump
configure:7229: found /usr/bin/objdump
configure:7240: result: objdump
configure:7252: WARNING: using cross tools not prefixed with host triplet
configure:7272: checking how to recognize dependent libraries
configure:7472: result: pass_all
configure:7517: checking for x86_64-apple-darwin11-dlltool
configure:7547: result: no
configure:7557: checking for dlltool
configure:7587: result: no
configure:7617: checking how to associate runtime and link libraries
configure:7644: result: printf %s\n
configure:7661: checking for x86_64-apple-darwin11-ar
configure:7688: result: /root/telos/depends/x86_64-apple-darwin11/native/bin/x86_64-apple-darwin11-ar
configure:7769: checking for archiver @FILE support
configure:7786: /root/telos/depends/x86_64-apple-darwin11/native/bin/clang -target x86_64-apple-darwin11 -mmacosx-version-min=10.8 --sysroot /root/telos/depends/SDKs/MacOSX10.11.sdk -mlinker-version=253.9 -c -pipe -O2  -I/root/telos/depends/x86_64-apple-darwin11/share/../include/  conftest.c >&5
configure:7786: $? = 0
configure:7789: /root/telos/depends/x86_64-apple-darwin11/native/bin/x86_64-apple-darwin11-ar cru libconftest.a @conftest.lst >&5
x86_64-apple-darwin11-ar: @conftest.lst: No such file or directory
configure:7792: $? = 1
configure:7812: result: no
configure:7830: checking for x86_64-apple-darwin11-strip
configure:7857: result: x86_64-apple-darwin11-strip
configure:7929: checking for x86_64-apple-darwin11-ranlib
configure:7956: result: /root/telos/depends/x86_64-apple-darwin11/native/bin/x86_64-apple-darwin11-ranlib
configure:8098: checking command to parse /root/telos/depends/x86_64-apple-darwin11/native/bin/x86_64-apple-darwin11-nm output from /root/telos/depends/x86_64-apple-darwin11/native/bin/clang -target x86_64-apple-darwin11 -mmacosx-version-min=10.8 --sysroot /root/telos/depends/SDKs/MacOSX10.11.sdk -mlinker-version=253.9 object
configure:8251: /root/telos/depends/x86_64-apple-darwin11/native/bin/clang -target x86_64-apple-darwin11 -mmacosx-version-min=10.8 --sysroot /root/telos/depends/SDKs/MacOSX10.11.sdk -mlinker-version=253.9 -c -pipe -O2  -I/root/telos/depends/x86_64-apple-darwin11/share/../include/  conftest.c >&5
configure:8254: $? = 0
configure:8258: /root/telos/depends/x86_64-apple-darwin11/native/bin/x86_64-apple-darwin11-nm conftest.o \| sed -n -e 's/^.*[ ]\([BCDEGRST][BCDEGRST]*\)[ ][ ]*\([_A-Za-z][_A-Za-z0-9]*\)$/\1 \2 \2/p' | sed '/ __gnu_lto/d' \> conftest.nm
configure:8261: $? = 0
cannot find nm_test_var in conftest.nm
configure:8251: /root/telos/depends/x86_64-apple-darwin11/native/bin/clang -target x86_64-apple-darwin11 -mmacosx-version-min=10.8 --sysroot /root/telos/depends/SDKs/MacOSX10.11.sdk -mlinker-version=253.9 -c -pipe -O2  -I/root/telos/depends/x86_64-apple-darwin11/share/../include/  conftest.c >&5
configure:8254: $? = 0
configure:8258: /root/telos/depends/x86_64-apple-darwin11/native/bin/x86_64-apple-darwin11-nm conftest.o \| sed -n -e 's/^.*[ ]\([BCDEGRST][BCDEGRST]*\)[ ][ ]*_\([_A-Za-z][_A-Za-z0-9]*\)$/\1 _\2 \2/p' | sed '/ __gnu_lto/d' \> conftest.nm
configure:8261: $? = 0
configure:8327: /root/telos/depends/x86_64-apple-darwin11/native/bin/clang -target x86_64-apple-darwin11 -mmacosx-version-min=10.8 --sysroot /root/telos/depends/SDKs/MacOSX10.11.sdk -mlinker-version=253.9 -o conftest -pipe -O2  -I/root/telos/depends/x86_64-apple-darwin11/share/../include/  -L/root/telos/depends/x86_64-apple-darwin11/share/../lib  conftest.c conftstm.o >&5
configure:8330: $? = 0
configure:8368: result: ok
configure:8415: checking for sysroot
configure:8445: result: no
configure:8452: checking for a working dd
configure:8490: result: /bin/dd
configure:8494: checking how to truncate binary pipes
configure:8509: result: /bin/dd bs=4096 count=1
configure:8798: checking for x86_64-apple-darwin11-mt
configure:8828: result: no
configure:8838: checking for mt
configure:8854: found /bin/mt
configure:8865: result: mt
configure:8888: checking if mt is a manifest tool
configure:8894: mt '-?'
configure:8902: result: no
configure:8918: checking for x86_64-apple-darwin11-dsymutil
configure:8934: found /root/telos/depends/x86_64-apple-darwin11/share/../native/bin/x86_64-apple-darwin11-dsymutil
configure:8945: result: x86_64-apple-darwin11-dsymutil
configure:9010: checking for x86_64-apple-darwin11-nmedit
configure:9026: found /root/telos/depends/x86_64-apple-darwin11/share/../native/bin/x86_64-apple-darwin11-nmedit
configure:9037: result: x86_64-apple-darwin11-nmedit
configure:9102: checking for x86_64-apple-darwin11-lipo
configure:9118: found /root/telos/depends/x86_64-apple-darwin11/share/../native/bin/x86_64-apple-darwin11-lipo
configure:9129: result: x86_64-apple-darwin11-lipo
configure:9194: checking for x86_64-apple-darwin11-otool
configure:9210: found /root/telos/depends/x86_64-apple-darwin11/share/../native/bin/x86_64-apple-darwin11-otool
configure:9221: result: x86_64-apple-darwin11-otool
configure:9286: checking for x86_64-apple-darwin11-otool64
configure:9316: result: no
configure:9326: checking for otool64
configure:9356: result: no
configure:9401: checking for -single_module linker flag
/root/telos/depends/x86_64-apple-darwin11/native/bin/clang -target x86_64-apple-darwin11 -mmacosx-version-min=10.8 --sysroot /root/telos/depends/SDKs/MacOSX10.11.sdk -mlinker-version=253.9 -pipe -O2  -L/root/telos/depends/x86_64-apple-darwin11/share/../lib  -o libconftest.dylib -dynamiclib -Wl,-single_module conftest.c
configure:9434: result: yes
configure:9437: checking for -exported_symbols_list linker flag
configure:9457: /root/telos/depends/x86_64-apple-darwin11/native/bin/clang -target x86_64-apple-darwin11 -mmacosx-version-min=10.8 --sysroot /root/telos/depends/SDKs/MacOSX10.11.sdk -mlinker-version=253.9 -o conftest -pipe -O2  -I/root/telos/depends/x86_64-apple-darwin11/share/../include/  -L/root/telos/depends/x86_64-apple-darwin11/share/../lib  -Wl,-exported_symbols_list,conftest.sym conftest.c  >&5
configure:9457: $? = 0
configure:9467: result: yes
configure:9470: checking for -force_load linker flag
/root/telos/depends/x86_64-apple-darwin11/native/bin/clang -target x86_64-apple-darwin11 -mmacosx-version-min=10.8 --sysroot /root/telos/depends/SDKs/MacOSX10.11.sdk -mlinker-version=253.9 -pipe -O2  -c -o conftest.o conftest.c
/root/telos/depends/x86_64-apple-darwin11/native/bin/x86_64-apple-darwin11-ar cru libconftest.a conftest.o
/root/telos/depends/x86_64-apple-darwin11/native/bin/x86_64-apple-darwin11-ranlib libconftest.a
/root/telos/depends/x86_64-apple-darwin11/native/bin/clang -target x86_64-apple-darwin11 -mmacosx-version-min=10.8 --sysroot /root/telos/depends/SDKs/MacOSX10.11.sdk -mlinker-version=253.9 -pipe -O2  -L/root/telos/depends/x86_64-apple-darwin11/share/../lib  -o conftest conftest.c -Wl,-force_load,./libconftest.a
configure:9502: result: yes
configure:9579: checking how to run the C preprocessor
configure:9610: /root/telos/depends/x86_64-apple-darwin11/native/bin/clang -target x86_64-apple-darwin11 -mmacosx-version-min=10.8 --sysroot /root/telos/depends/SDKs/MacOSX10.11.sdk -mlinker-version=253.9 -E -I/root/telos/depends/x86_64-apple-darwin11/share/../include/  conftest.c
configure:9610: $? = 0
configure:9624: /root/telos/depends/x86_64-apple-darwin11/native/bin/clang -target x86_64-apple-darwin11 -mmacosx-version-min=10.8 --sysroot /root/telos/depends/SDKs/MacOSX10.11.sdk -mlinker-version=253.9 -E -I/root/telos/depends/x86_64-apple-darwin11/share/../include/  conftest.c
conftest.c:10:10: fatal error: 'ac_nonexistent.h' file not found
#include <ac_nonexistent.h>
         ^
1 error generated.
configure:9624: $? = 1
configure: failed program was:
| /* confdefs.h */
| #define PACKAGE_NAME "Transcendence Core"
| #define PACKAGE_TARNAME "transcendence"
| #define PACKAGE_VERSION "1.0.0"
| #define PACKAGE_STRING "Transcendence Core 1.0.0"
| #define PACKAGE_BUGREPORT "www.transcendence.org"
| #define PACKAGE_URL ""
| #define HAVE_CXX11 1
| /* end confdefs.h.  */
| #include <ac_nonexistent.h>
configure:9649: result: /root/telos/depends/x86_64-apple-darwin11/native/bin/clang -target x86_64-apple-darwin11 -mmacosx-version-min=10.8 --sysroot /root/telos/depends/SDKs/MacOSX10.11.sdk -mlinker-version=253.9 -E
configure:9669: /root/telos/depends/x86_64-apple-darwin11/native/bin/clang -target x86_64-apple-darwin11 -mmacosx-version-min=10.8 --sysroot /root/telos/depends/SDKs/MacOSX10.11.sdk -mlinker-version=253.9 -E -I/root/telos/depends/x86_64-apple-darwin11/share/../include/  conftest.c
configure:9669: $? = 0
configure:9683: /root/telos/depends/x86_64-apple-darwin11/native/bin/clang -target x86_64-apple-darwin11 -mmacosx-version-min=10.8 --sysroot /root/telos/depends/SDKs/MacOSX10.11.sdk -mlinker-version=253.9 -E -I/root/telos/depends/x86_64-apple-darwin11/share/../include/  conftest.c
conftest.c:10:10: fatal error: 'ac_nonexistent.h' file not found
#include <ac_nonexistent.h>
         ^
1 error generated.
configure:9683: $? = 1
configure: failed program was:
| /* confdefs.h */
| #define PACKAGE_NAME "Transcendence Core"
| #define PACKAGE_TARNAME "transcendence"
| #define PACKAGE_VERSION "1.0.0"
| #define PACKAGE_STRING "Transcendence Core 1.0.0"
| #define PACKAGE_BUGREPORT "www.transcendence.org"
| #define PACKAGE_URL ""
| #define HAVE_CXX11 1
| /* end confdefs.h.  */
| #include <ac_nonexistent.h>
configure:9712: checking for ANSI C header files
configure:9732: /root/telos/depends/x86_64-apple-darwin11/native/bin/clang -target x86_64-apple-darwin11 -mmacosx-version-min=10.8 --sysroot /root/telos/depends/SDKs/MacOSX10.11.sdk -mlinker-version=253.9 -c -pipe -O2  -I/root/telos/depends/x86_64-apple-darwin11/share/../include/  conftest.c >&5
configure:9732: $? = 0
configure:9816: result: yes
configure:9829: checking for sys/types.h
configure:9829: /root/telos/depends/x86_64-apple-darwin11/native/bin/clang -target x86_64-apple-darwin11 -mmacosx-version-min=10.8 --sysroot /root/telos/depends/SDKs/MacOSX10.11.sdk -mlinker-version=253.9 -c -pipe -O2  -I/root/telos/depends/x86_64-apple-darwin11/share/../include/  conftest.c >&5
configure:9829: $? = 0
configure:9829: result: yes
configure:9829: checking for sys/stat.h
configure:9829: /root/telos/depends/x86_64-apple-darwin11/native/bin/clang -target x86_64-apple-darwin11 -mmacosx-version-min=10.8 --sysroot /root/telos/depends/SDKs/MacOSX10.11.sdk -mlinker-version=253.9 -c -pipe -O2  -I/root/telos/depends/x86_64-apple-darwin11/share/../include/  conftest.c >&5
configure:9829: $? = 0
configure:9829: result: yes
configure:9829: checking for stdlib.h
configure:9829: /root/telos/depends/x86_64-apple-darwin11/native/bin/clang -target x86_64-apple-darwin11 -mmacosx-version-min=10.8 --sysroot /root/telos/depends/SDKs/MacOSX10.11.sdk -mlinker-version=253.9 -c -pipe -O2  -I/root/telos/depends/x86_64-apple-darwin11/share/../include/  conftest.c >&5
configure:9829: $? = 0
configure:9829: result: yes
configure:9829: checking for string.h
configure:9829: /root/telos/depends/x86_64-apple-darwin11/native/bin/clang -target x86_64-apple-darwin11 -mmacosx-version-min=10.8 --sysroot /root/telos/depends/SDKs/MacOSX10.11.sdk -mlinker-version=253.9 -c -pipe -O2  -I/root/telos/depends/x86_64-apple-darwin11/share/../include/  conftest.c >&5
configure:9829: $? = 0
configure:9829: result: yes
configure:9829: checking for memory.h
configure:9829: /root/telos/depends/x86_64-apple-darwin11/native/bin/clang -target x86_64-apple-darwin11 -mmacosx-version-min=10.8 --sysroot /root/telos/depends/SDKs/MacOSX10.11.sdk -mlinker-version=253.9 -c -pipe -O2  -I/root/telos/depends/x86_64-apple-darwin11/share/../include/  conftest.c >&5
configure:9829: $? = 0
configure:9829: result: yes
configure:9829: checking for strings.h
configure:9829: /root/telos/depends/x86_64-apple-darwin11/native/bin/clang -target x86_64-apple-darwin11 -mmacosx-version-min=10.8 --sysroot /root/telos/depends/SDKs/MacOSX10.11.sdk -mlinker-version=253.9 -c -pipe -O2  -I/root/telos/depends/x86_64-apple-darwin11/share/../include/  conftest.c >&5
configure:9829: $? = 0
configure:9829: result: yes
configure:9829: checking for inttypes.h
configure:9829: /root/telos/depends/x86_64-apple-darwin11/native/bin/clang -target x86_64-apple-darwin11 -mmacosx-version-min=10.8 --sysroot /root/telos/depends/SDKs/MacOSX10.11.sdk -mlinker-version=253.9 -c -pipe -O2  -I/root/telos/depends/x86_64-apple-darwin11/share/../include/  conftest.c >&5
configure:9829: $? = 0
configure:9829: result: yes
configure:9829: checking for stdint.h
configure:9829: /root/telos/depends/x86_64-apple-darwin11/native/bin/clang -target x86_64-apple-darwin11 -mmacosx-version-min=10.8 --sysroot /root/telos/depends/SDKs/MacOSX10.11.sdk -mlinker-version=253.9 -c -pipe -O2  -I/root/telos/depends/x86_64-apple-darwin11/share/../include/  conftest.c >&5
configure:9829: $? = 0
configure:9829: result: yes
configure:9829: checking for unistd.h
configure:9829: /root/telos/depends/x86_64-apple-darwin11/native/bin/clang -target x86_64-apple-darwin11 -mmacosx-version-min=10.8 --sysroot /root/telos/depends/SDKs/MacOSX10.11.sdk -mlinker-version=253.9 -c -pipe -O2  -I/root/telos/depends/x86_64-apple-darwin11/share/../include/  conftest.c >&5
configure:9829: $? = 0
configure:9829: result: yes
configure:9843: checking for dlfcn.h
configure:9843: /root/telos/depends/x86_64-apple-darwin11/native/bin/clang -target x86_64-apple-darwin11 -mmacosx-version-min=10.8 --sysroot /root/telos/depends/SDKs/MacOSX10.11.sdk -mlinker-version=253.9 -c -pipe -O2  -I/root/telos/depends/x86_64-apple-darwin11/share/../include/  conftest.c >&5
configure:9843: $? = 0
configure:9843: result: yes
configure:10108: checking for objdir
configure:10123: result: .libs
configure:10387: checking if /root/telos/depends/x86_64-apple-darwin11/native/bin/clang -target x86_64-apple-darwin11 -mmacosx-version-min=10.8 --sysroot /root/telos/depends/SDKs/MacOSX10.11.sdk -mlinker-version=253.9 supports -fno-rtti -fno-exceptions
configure:10405: /root/telos/depends/x86_64-apple-darwin11/native/bin/clang -target x86_64-apple-darwin11 -mmacosx-version-min=10.8 --sysroot /root/telos/depends/SDKs/MacOSX10.11.sdk -mlinker-version=253.9 -c -pipe -O2  -I/root/telos/depends/x86_64-apple-darwin11/share/../include/  -fno-rtti -fno-exceptions conftest.c >&5
configure:10409: $? = 0
configure:10422: result: yes
configure:10780: checking for /root/telos/depends/x86_64-apple-darwin11/native/bin/clang -target x86_64-apple-darwin11 -mmacosx-version-min=10.8 --sysroot /root/telos/depends/SDKs/MacOSX10.11.sdk -mlinker-version=253.9 option to produce PIC
configure:10787: result: -fno-common -DPIC
configure:10795: checking if /root/telos/depends/x86_64-apple-darwin11/native/bin/clang -target x86_64-apple-darwin11 -mmacosx-version-min=10.8 --sysroot /root/telos/depends/SDKs/MacOSX10.11.sdk -mlinker-version=253.9 PIC flag -fno-common -DPIC works
configure:10813: /root/telos/depends/x86_64-apple-darwin11/native/bin/clang -target x86_64-apple-darwin11 -mmacosx-version-min=10.8 --sysroot /root/telos/depends/SDKs/MacOSX10.11.sdk -mlinker-version=253.9 -c -pipe -O2  -I/root/telos/depends/x86_64-apple-darwin11/share/../include/  -fno-common -DPIC -DPIC conftest.c >&5
configure:10817: $? = 0
configure:10830: result: yes
configure:10859: checking if /root/telos/depends/x86_64-apple-darwin11/native/bin/clang -target x86_64-apple-darwin11 -mmacosx-version-min=10.8 --sysroot /root/telos/depends/SDKs/MacOSX10.11.sdk -mlinker-version=253.9 static flag -static works
configure:10887: result: no
configure:10902: checking if /root/telos/depends/x86_64-apple-darwin11/native/bin/clang -target x86_64-apple-darwin11 -mmacosx-version-min=10.8 --sysroot /root/telos/depends/SDKs/MacOSX10.11.sdk -mlinker-version=253.9 supports -c -o file.o
configure:10923: /root/telos/depends/x86_64-apple-darwin11/native/bin/clang -target x86_64-apple-darwin11 -mmacosx-version-min=10.8 --sysroot /root/telos/depends/SDKs/MacOSX10.11.sdk -mlinker-version=253.9 -c -pipe -O2  -I/root/telos/depends/x86_64-apple-darwin11/share/../include/  -o out/conftest2.o conftest.c >&5
configure:10927: $? = 0
configure:10949: result: yes
configure:10957: checking if /root/telos/depends/x86_64-apple-darwin11/native/bin/clang -target x86_64-apple-darwin11 -mmacosx-version-min=10.8 --sysroot /root/telos/depends/SDKs/MacOSX10.11.sdk -mlinker-version=253.9 supports -c -o file.o
configure:11004: result: yes
configure:11037: checking whether the /root/telos/depends/x86_64-apple-darwin11/native/bin/clang -target x86_64-apple-darwin11 -mmacosx-version-min=10.8 --sysroot /root/telos/depends/SDKs/MacOSX10.11.sdk -mlinker-version=253.9 linker (/root/telos/depends/x86_64-apple-darwin11/native/bin/x86_64-apple-darwin11-ld) supports shared libraries
configure:12300: result: yes
configure:12540: checking dynamic linker characteristics
configure:13370: result: darwin11 dyld
configure:13492: checking how to hardcode library paths into programs
configure:13517: result: immediate
configure:14065: checking whether stripping libraries is possible
configure:14079: result: yes
configure:14105: checking if libtool supports shared libraries
configure:14107: result: yes
configure:14110: checking whether to build shared libraries
configure:14135: result: yes
configure:14138: checking whether to build static libraries
configure:14142: result: yes
configure:14165: checking how to run the C++ preprocessor
configure:14192: /root/telos/depends/x86_64-apple-darwin11/native/bin/clang++ -target x86_64-apple-darwin11 -mmacosx-version-min=10.8 --sysroot /root/telos/depends/SDKs/MacOSX10.11.sdk -mlinker-version=253.9 -stdlib=libc++ -std=c++11 -E -I/root/telos/depends/x86_64-apple-darwin11/share/../include/  conftest.cpp
configure:14192: $? = 0
configure:14206: /root/telos/depends/x86_64-apple-darwin11/native/bin/clang++ -target x86_64-apple-darwin11 -mmacosx-version-min=10.8 --sysroot /root/telos/depends/SDKs/MacOSX10.11.sdk -mlinker-version=253.9 -stdlib=libc++ -std=c++11 -E -I/root/telos/depends/x86_64-apple-darwin11/share/../include/  conftest.cpp
conftest.cpp:22:10: fatal error: 'ac_nonexistent.h' file not found
#include <ac_nonexistent.h>
         ^
1 error generated.
configure:14206: $? = 1
configure: failed program was:
| /* confdefs.h */
| #define PACKAGE_NAME "Transcendence Core"
| #define PACKAGE_TARNAME "transcendence"
| #define PACKAGE_VERSION "1.0.0"
| #define PACKAGE_STRING "Transcendence Core 1.0.0"
| #define PACKAGE_BUGREPORT "www.transcendence.org"
| #define PACKAGE_URL ""
| #define HAVE_CXX11 1
| #define STDC_HEADERS 1
| #define HAVE_SYS_TYPES_H 1
| #define HAVE_SYS_STAT_H 1
| #define HAVE_STDLIB_H 1
| #define HAVE_STRING_H 1
| #define HAVE_MEMORY_H 1
| #define HAVE_STRINGS_H 1
| #define HAVE_INTTYPES_H 1
| #define HAVE_STDINT_H 1
| #define HAVE_UNISTD_H 1
| #define HAVE_DLFCN_H 1
| #define LT_OBJDIR ".libs/"
| /* end confdefs.h.  */
| #include <ac_nonexistent.h>
configure:14231: result: /root/telos/depends/x86_64-apple-darwin11/native/bin/clang++ -target x86_64-apple-darwin11 -mmacosx-version-min=10.8 --sysroot /root/telos/depends/SDKs/MacOSX10.11.sdk -mlinker-version=253.9 -stdlib=libc++ -std=c++11 -E
configure:14251: /root/telos/depends/x86_64-apple-darwin11/native/bin/clang++ -target x86_64-apple-darwin11 -mmacosx-version-min=10.8 --sysroot /root/telos/depends/SDKs/MacOSX10.11.sdk -mlinker-version=253.9 -stdlib=libc++ -std=c++11 -E -I/root/telos/depends/x86_64-apple-darwin11/share/../include/  conftest.cpp
configure:14251: $? = 0
configure:14265: /root/telos/depends/x86_64-apple-darwin11/native/bin/clang++ -target x86_64-apple-darwin11 -mmacosx-version-min=10.8 --sysroot /root/telos/depends/SDKs/MacOSX10.11.sdk -mlinker-version=253.9 -stdlib=libc++ -std=c++11 -E -I/root/telos/depends/x86_64-apple-darwin11/share/../include/  conftest.cpp
conftest.cpp:22:10: fatal error: 'ac_nonexistent.h' file not found
#include <ac_nonexistent.h>
         ^
1 error generated.
configure:14265: $? = 1
configure: failed program was:
| /* confdefs.h */
| #define PACKAGE_NAME "Transcendence Core"
| #define PACKAGE_TARNAME "transcendence"
| #define PACKAGE_VERSION "1.0.0"
| #define PACKAGE_STRING "Transcendence Core 1.0.0"
| #define PACKAGE_BUGREPORT "www.transcendence.org"
| #define PACKAGE_URL ""
| #define HAVE_CXX11 1
| #define STDC_HEADERS 1
| #define HAVE_SYS_TYPES_H 1
| #define HAVE_SYS_STAT_H 1
| #define HAVE_STDLIB_H 1
| #define HAVE_STRING_H 1
| #define HAVE_MEMORY_H 1
| #define HAVE_STRINGS_H 1
| #define HAVE_INTTYPES_H 1
| #define HAVE_STDINT_H 1
| #define HAVE_UNISTD_H 1
| #define HAVE_DLFCN_H 1
| #define LT_OBJDIR ".libs/"
| /* end confdefs.h.  */
| #include <ac_nonexistent.h>
configure:14427: checking for ld used by /root/telos/depends/x86_64-apple-darwin11/native/bin/clang++ -target x86_64-apple-darwin11 -mmacosx-version-min=10.8 --sysroot /root/telos/depends/SDKs/MacOSX10.11.sdk -mlinker-version=253.9 -stdlib=libc++ -std=c++11
configure:14494: result: /root/telos/depends/x86_64-apple-darwin11/native/bin/x86_64-apple-darwin11-ld
configure:14501: checking if the linker (/root/telos/depends/x86_64-apple-darwin11/native/bin/x86_64-apple-darwin11-ld) is GNU ld
configure:14516: result: no
configure:14571: checking whether the /root/telos/depends/x86_64-apple-darwin11/native/bin/clang++ -target x86_64-apple-darwin11 -mmacosx-version-min=10.8 --sysroot /root/telos/depends/SDKs/MacOSX10.11.sdk -mlinker-version=253.9 -stdlib=libc++ -std=c++11 linker (/root/telos/depends/x86_64-apple-darwin11/native/bin/x86_64-apple-darwin11-ld) supports shared libraries
configure:15644: result: yes
configure:15680: /root/telos/depends/x86_64-apple-darwin11/native/bin/clang++ -target x86_64-apple-darwin11 -mmacosx-version-min=10.8 --sysroot /root/telos/depends/SDKs/MacOSX10.11.sdk -mlinker-version=253.9 -stdlib=libc++ -std=c++11 -c -pipe -O2  -I/root/telos/depends/x86_64-apple-darwin11/share/../include/  conftest.cpp >&5
configure:15683: $? = 0
configure:16164: checking for /root/telos/depends/x86_64-apple-darwin11/native/bin/clang++ -target x86_64-apple-darwin11 -mmacosx-version-min=10.8 --sysroot /root/telos/depends/SDKs/MacOSX10.11.sdk -mlinker-version=253.9 -stdlib=libc++ -std=c++11 option to produce PIC
configure:16171: result: -fno-common -DPIC
configure:16179: checking if /root/telos/depends/x86_64-apple-darwin11/native/bin/clang++ -target x86_64-apple-darwin11 -mmacosx-version-min=10.8 --sysroot /root/telos/depends/SDKs/MacOSX10.11.sdk -mlinker-version=253.9 -stdlib=libc++ -std=c++11 PIC flag -fno-common -DPIC works
configure:16197: /root/telos/depends/x86_64-apple-darwin11/native/bin/clang++ -target x86_64-apple-darwin11 -mmacosx-version-min=10.8 --sysroot /root/telos/depends/SDKs/MacOSX10.11.sdk -mlinker-version=253.9 -stdlib=libc++ -std=c++11 -c -pipe -O2  -I/root/telos/depends/x86_64-apple-darwin11/share/../include/  -fno-common -DPIC -DPIC conftest.cpp >&5
configure:16201: $? = 0
configure:16214: result: yes
configure:16237: checking if /root/telos/depends/x86_64-apple-darwin11/native/bin/clang++ -target x86_64-apple-darwin11 -mmacosx-version-min=10.8 --sysroot /root/telos/depends/SDKs/MacOSX10.11.sdk -mlinker-version=253.9 -stdlib=libc++ -std=c++11 static flag -static works
configure:16265: result: no
configure:16277: checking if /root/telos/depends/x86_64-apple-darwin11/native/bin/clang++ -target x86_64-apple-darwin11 -mmacosx-version-min=10.8 --sysroot /root/telos/depends/SDKs/MacOSX10.11.sdk -mlinker-version=253.9 -stdlib=libc++ -std=c++11 supports -c -o file.o
configure:16298: /root/telos/depends/x86_64-apple-darwin11/native/bin/clang++ -target x86_64-apple-darwin11 -mmacosx-version-min=10.8 --sysroot /root/telos/depends/SDKs/MacOSX10.11.sdk -mlinker-version=253.9 -stdlib=libc++ -std=c++11 -c -pipe -O2  -I/root/telos/depends/x86_64-apple-darwin11/share/../include/  -o out/conftest2.o conftest.cpp >&5
configure:16302: $? = 0
configure:16324: result: yes
configure:16329: checking if /root/telos/depends/x86_64-apple-darwin11/native/bin/clang++ -target x86_64-apple-darwin11 -mmacosx-version-min=10.8 --sysroot /root/telos/depends/SDKs/MacOSX10.11.sdk -mlinker-version=253.9 -stdlib=libc++ -std=c++11 supports -c -o file.o
configure:16376: result: yes
configure:16406: checking whether the /root/telos/depends/x86_64-apple-darwin11/native/bin/clang++ -target x86_64-apple-darwin11 -mmacosx-version-min=10.8 --sysroot /root/telos/depends/SDKs/MacOSX10.11.sdk -mlinker-version=253.9 -stdlib=libc++ -std=c++11 linker (/root/telos/depends/x86_64-apple-darwin11/native/bin/x86_64-apple-darwin11-ld) supports shared libraries
configure:16449: result: yes
configure:16590: checking dynamic linker characteristics
configure:17347: result: darwin11 dyld
configure:17412: checking how to hardcode library paths into programs
configure:17437: result: immediate
configure:17502: checking for x86_64-apple-darwin11-ar
configure:17532: result: /root/telos/depends/x86_64-apple-darwin11/native/bin/x86_64-apple-darwin11-ar
configure:17600: checking for x86_64-apple-darwin11-ranlib
configure:17630: result: /root/telos/depends/x86_64-apple-darwin11/native/bin/x86_64-apple-darwin11-ranlib
configure:17698: checking for x86_64-apple-darwin11-strip
configure:17716: found /root/telos/depends/x86_64-apple-darwin11/share/../native/bin/x86_64-apple-darwin11-strip
configure:17728: result: /root/telos/depends/x86_64-apple-darwin11/share/../native/bin/x86_64-apple-darwin11-strip
configure:17796: checking for x86_64-apple-darwin11-gcov
configure:17829: result: no
configure:17839: checking for gcov
configure:17857: found /usr/bin/gcov
configure:17869: result: /usr/bin/gcov
configure:17893: checking for lcov
configure:17926: result: no
configure:17933: checking for java
configure:17966: result: no
configure:17975: checking for python3
configure:17993: found /usr/bin/python3
configure:18005: result: /usr/bin/python3
configure:18018: checking for genhtml
configure:18051: result: no
configure:18058: checking for git
configure:18076: found /usr/bin/git
configure:18088: result: /usr/bin/git
configure:18098: checking for ccache
configure:18128: result: /root/telos/depends/x86_64-apple-darwin11/share/../native/bin/ccache
configure:18138: checking for xgettext
configure:18171: result: no
configure:18178: checking for hexdump
configure:18196: found /usr/bin/hexdump
configure:18208: result: /usr/bin/hexdump
configure:18219: checking for x86_64-apple-darwin11-readelf
configure:18252: result: no
configure:18262: checking for readelf
configure:18280: found /usr/bin/readelf
configure:18292: result: /usr/bin/readelf
configure:18317: checking for x86_64-apple-darwin11-c++filt
configure:18350: result: no
configure:18360: checking for c++filt
configure:18378: found /usr/bin/c++filt
configure:18390: result: /usr/bin/c++filt
configure:18415: checking for x86_64-apple-darwin11-objcopy
configure:18448: result: no
configure:18458: checking for objcopy
configure:18476: found /usr/bin/objcopy
configure:18488: result: /usr/bin/objcopy
configure:19841: checking for x86_64-apple-darwin11-install_name_tool
configure:19859: found /root/telos/depends/x86_64-apple-darwin11/share/../native/bin/x86_64-apple-darwin11-install_name_tool
configure:19871: result: /root/telos/depends/x86_64-apple-darwin11/share/../native/bin/x86_64-apple-darwin11-install_name_tool
configure:19939: checking for x86_64-apple-darwin11-otool
configure:19957: found /root/telos/depends/x86_64-apple-darwin11/share/../native/bin/x86_64-apple-darwin11-otool
configure:19969: result: /root/telos/depends/x86_64-apple-darwin11/share/../native/bin/x86_64-apple-darwin11-otool
configure:20038: checking for genisoimage
configure:20056: found /root/telos/depends/x86_64-apple-darwin11/share/../native/bin/genisoimage
configure:20068: result: /root/telos/depends/x86_64-apple-darwin11/share/../native/bin/genisoimage
configure:20084: checking for rsvg-convert
configure:20102: found /usr/bin/rsvg-convert
configure:20114: result: /usr/bin/rsvg-convert
configure:20130: checking for convert
configure:20148: found /usr/bin/convert
configure:20160: result: /usr/bin/convert
configure:20176: checking for tiffcp
configure:20194: found /usr/bin/tiffcp
configure:20206: result: /usr/bin/tiffcp
configure:20224: checking whether the linker accepts -Wl,-headerpad_max_install_names
configure:20243: /root/telos/depends/x86_64-apple-darwin11/native/bin/clang++ -target x86_64-apple-darwin11 -mmacosx-version-min=10.8 --sysroot /root/telos/depends/SDKs/MacOSX10.11.sdk -mlinker-version=253.9 -stdlib=libc++ -std=c++11 -o conftest -pipe -O2  -I/root/telos/depends/x86_64-apple-darwin11/share/../include/  -DBOOST_SPIRIT_THREADSAFE -DHAVE_BUILD_INFO -D__STDC_FORMAT_MACROS -L/root/telos/depends/x86_64-apple-darwin11/share/../lib   -Wl,-headerpad_max_install_names conftest.cpp  >&5
configure:20243: $? = 0
configure:20252: result: yes
configure:20283: checking for x86_64-apple-darwin11-pkg-config
configure:20313: result: /usr/bin/pkg-config --static
configure:20381: checking pkg-config is at least version 0.9.0
configure:20384: result: yes
configure:20468: checking whether byte ordering is bigendian
configure:20483: /root/telos/depends/x86_64-apple-darwin11/native/bin/clang++ -target x86_64-apple-darwin11 -mmacosx-version-min=10.8 --sysroot /root/telos/depends/SDKs/MacOSX10.11.sdk -mlinker-version=253.9 -stdlib=libc++ -std=c++11 -c -pipe -O2  -I/root/telos/depends/x86_64-apple-darwin11/share/../include/  -DBOOST_SPIRIT_THREADSAFE -DHAVE_BUILD_INFO -D__STDC_FORMAT_MACROS -DMAC_OSX conftest.cpp >&5
configure:20483: $? = 0
configure:20528: /root/telos/depends/x86_64-apple-darwin11/native/bin/clang++ -target x86_64-apple-darwin11 -mmacosx-version-min=10.8 --sysroot /root/telos/depends/SDKs/MacOSX10.11.sdk -mlinker-version=253.9 -stdlib=libc++ -std=c++11 -c -pipe -O2  -I/root/telos/depends/x86_64-apple-darwin11/share/../include/  -DBOOST_SPIRIT_THREADSAFE -DHAVE_BUILD_INFO -D__STDC_FORMAT_MACROS -DMAC_OSX conftest.cpp >&5
configure:20528: $? = 0
configure:20546: /root/telos/depends/x86_64-apple-darwin11/native/bin/clang++ -target x86_64-apple-darwin11 -mmacosx-version-min=10.8 --sysroot /root/telos/depends/SDKs/MacOSX10.11.sdk -mlinker-version=253.9 -stdlib=libc++ -std=c++11 -c -pipe -O2  -I/root/telos/depends/x86_64-apple-darwin11/share/../include/  -DBOOST_SPIRIT_THREADSAFE -DHAVE_BUILD_INFO -D__STDC_FORMAT_MACROS -DMAC_OSX conftest.cpp >&5
conftest.cpp:29:11: error: expected ';' after expression
                 not big endian
                        ^
                        ;
conftest.cpp:29:8: error: use of undeclared identifier 'big'
                 not big endian
                     ^
conftest.cpp:29:12: error: use of undeclared identifier 'endian'
                 not big endian
                         ^
3 errors generated.
configure:20546: $? = 1
configure: failed program was:
| /* confdefs.h */
| #define PACKAGE_NAME "Transcendence Core"
| #define PACKAGE_TARNAME "transcendence"
| #define PACKAGE_VERSION "1.0.0"
| #define PACKAGE_STRING "Transcendence Core 1.0.0"
| #define PACKAGE_BUGREPORT "www.transcendence.org"
| #define PACKAGE_URL ""
| #define HAVE_CXX11 1
| #define STDC_HEADERS 1
| #define HAVE_SYS_TYPES_H 1
| #define HAVE_SYS_STAT_H 1
| #define HAVE_STDLIB_H 1
| #define HAVE_STRING_H 1
| #define HAVE_MEMORY_H 1
| #define HAVE_STRINGS_H 1
| #define HAVE_INTTYPES_H 1
| #define HAVE_STDINT_H 1
| #define HAVE_UNISTD_H 1
| #define HAVE_DLFCN_H 1
| #define LT_OBJDIR ".libs/"
| /* end confdefs.h.  */
| #include <sys/types.h>
| 		#include <sys/param.h>
| 
| int
| main ()
| {
| #if BYTE_ORDER != BIG_ENDIAN
| 		 not big endian
| 		#endif
| 
|   ;
|   return 0;
| }
configure:20674: result: no
configure:20804: checking if compiler needs -Werror to reject unknown flags
configure:20820: /root/telos/depends/x86_64-apple-darwin11/native/bin/clang -target x86_64-apple-darwin11 -mmacosx-version-min=10.8 --sysroot /root/telos/depends/SDKs/MacOSX10.11.sdk -mlinker-version=253.9 -c -pipe -O2  -Werror -Wunknown-warning-option -Wsizeof-array-argument -I/root/telos/depends/x86_64-apple-darwin11/share/../include/  -DBOOST_SPIRIT_THREADSAFE -DHAVE_BUILD_INFO -D__STDC_FORMAT_MACROS -DMAC_OSX conftest.c >&5
configure:20820: $? = 0
configure:20821: result: yes
configure:20841: checking whether pthreads work with -pthread
configure:20929: /root/telos/depends/x86_64-apple-darwin11/native/bin/clang -target x86_64-apple-darwin11 -mmacosx-version-min=10.8 --sysroot /root/telos/depends/SDKs/MacOSX10.11.sdk -mlinker-version=253.9 -o conftest -pipe -O2  -pthread -Werror -I/root/telos/depends/x86_64-apple-darwin11/share/../include/  -DBOOST_SPIRIT_THREADSAFE -DHAVE_BUILD_INFO -D__STDC_FORMAT_MACROS -DMAC_OSX -L/root/telos/depends/x86_64-apple-darwin11/share/../lib  -Wl,-headerpad_max_install_names conftest.c   >&5
configure:20929: $? = 0
configure:20938: result: yes
configure:20957: checking for joinable pthread attribute
configure:20972: /root/telos/depends/x86_64-apple-darwin11/native/bin/clang -target x86_64-apple-darwin11 -mmacosx-version-min=10.8 --sysroot /root/telos/depends/SDKs/MacOSX10.11.sdk -mlinker-version=253.9 -o conftest -pipe -O2  -pthread -I/root/telos/depends/x86_64-apple-darwin11/share/../include/  -DBOOST_SPIRIT_THREADSAFE -DHAVE_BUILD_INFO -D__STDC_FORMAT_MACROS -DMAC_OSX -L/root/telos/depends/x86_64-apple-darwin11/share/../lib  -Wl,-headerpad_max_install_names conftest.c   >&5
configure:20972: $? = 0
configure:20978: result: PTHREAD_CREATE_JOINABLE
configure:20988: checking if more special flags are required for pthreads
configure:21003: result: -D_THREAD_SAFE
configure:21009: checking for PTHREAD_PRIO_INHERIT
configure:21026: /root/telos/depends/x86_64-apple-darwin11/native/bin/clang -target x86_64-apple-darwin11 -mmacosx-version-min=10.8 --sysroot /root/telos/depends/SDKs/MacOSX10.11.sdk -mlinker-version=253.9 -o conftest -pipe -O2  -pthread -I/root/telos/depends/x86_64-apple-darwin11/share/../include/  -DBOOST_SPIRIT_THREADSAFE -DHAVE_BUILD_INFO -D__STDC_FORMAT_MACROS -DMAC_OSX -L/root/telos/depends/x86_64-apple-darwin11/share/../lib  -Wl,-headerpad_max_install_names conftest.c   >&5
configure:21026: $? = 0
configure:21035: result: yes
configure:21145: checking for special C compiler options needed for large files
configure:21190: result: no
configure:21196: checking for _FILE_OFFSET_BITS value needed for large files
configure:21221: /root/telos/depends/x86_64-apple-darwin11/native/bin/clang++ -target x86_64-apple-darwin11 -mmacosx-version-min=10.8 --sysroot /root/telos/depends/SDKs/MacOSX10.11.sdk -mlinker-version=253.9 -stdlib=libc++ -std=c++11 -c -pipe -O2  -I/root/telos/depends/x86_64-apple-darwin11/share/../include/  -DBOOST_SPIRIT_THREADSAFE -DHAVE_BUILD_INFO -D__STDC_FORMAT_MACROS -DMAC_OSX conftest.cpp >&5
configure:21221: $? = 0
configure:21253: result: no
configure:21339: checking whether strerror_r is declared
configure:21339: /root/telos/depends/x86_64-apple-darwin11/native/bin/clang++ -target x86_64-apple-darwin11 -mmacosx-version-min=10.8 --sysroot /root/telos/depends/SDKs/MacOSX10.11.sdk -mlinker-version=253.9 -stdlib=libc++ -std=c++11 -c -pipe -O2  -I/root/telos/depends/x86_64-apple-darwin11/share/../include/  -DBOOST_SPIRIT_THREADSAFE -DHAVE_BUILD_INFO -D__STDC_FORMAT_MACROS -DMAC_OSX conftest.cpp >&5
configure:21339: $? = 0
configure:21339: result: yes
configure:21352: checking for strerror_r
configure:21352: /root/telos/depends/x86_64-apple-darwin11/native/bin/clang++ -target x86_64-apple-darwin11 -mmacosx-version-min=10.8 --sysroot /root/telos/depends/SDKs/MacOSX10.11.sdk -mlinker-version=253.9 -stdlib=libc++ -std=c++11 -o conftest -pipe -O2  -I/root/telos/depends/x86_64-apple-darwin11/share/../include/  -DBOOST_SPIRIT_THREADSAFE -DHAVE_BUILD_INFO -D__STDC_FORMAT_MACROS -DMAC_OSX -L/root/telos/depends/x86_64-apple-darwin11/share/../lib  -Wl,-headerpad_max_install_names conftest.cpp  >&5
configure:21352: $? = 0
configure:21352: result: yes
configure:21361: checking whether strerror_r returns char *
configure:21385: /root/telos/depends/x86_64-apple-darwin11/native/bin/clang++ -target x86_64-apple-darwin11 -mmacosx-version-min=10.8 --sysroot /root/telos/depends/SDKs/MacOSX10.11.sdk -mlinker-version=253.9 -stdlib=libc++ -std=c++11 -c -pipe -O2  -I/root/telos/depends/x86_64-apple-darwin11/share/../include/  -DBOOST_SPIRIT_THREADSAFE -DHAVE_BUILD_INFO -D__STDC_FORMAT_MACROS -DMAC_OSX conftest.cpp >&5
conftest.cpp:64:13: error: indirection requires pointer operand ('int' invalid)
          char x = *strerror_r (0, buf, sizeof buf);
                   ^~~~~~~~~~~~~~~~~~~~~~~~~~~~~~~~
conftest.cpp:65:10: error: cannot initialize a variable of type 'char *' with an rvalue of type 'int'
          char *p = strerror_r (0, buf, sizeof buf);
                ^   ~~~~~~~~~~~~~~~~~~~~~~~~~~~~~~~
2 errors generated.
configure:21385: $? = 1
configure: failed program was:
| /* confdefs.h */
| #define PACKAGE_NAME "Transcendence Core"
| #define PACKAGE_TARNAME "transcendence"
| #define PACKAGE_VERSION "1.0.0"
| #define PACKAGE_STRING "Transcendence Core 1.0.0"
| #define PACKAGE_BUGREPORT "www.transcendence.org"
| #define PACKAGE_URL ""
| #define HAVE_CXX11 1
| #define STDC_HEADERS 1
| #define HAVE_SYS_TYPES_H 1
| #define HAVE_SYS_STAT_H 1
| #define HAVE_STDLIB_H 1
| #define HAVE_STRING_H 1
| #define HAVE_MEMORY_H 1
| #define HAVE_STRINGS_H 1
| #define HAVE_INTTYPES_H 1
| #define HAVE_STDINT_H 1
| #define HAVE_UNISTD_H 1
| #define HAVE_DLFCN_H 1
| #define LT_OBJDIR ".libs/"
| #define HAVE_PTHREAD_PRIO_INHERIT 1
| #define HAVE_PTHREAD 1
| #define HAVE_DECL_STRERROR_R 1
| #define HAVE_STRERROR_R 1
| /* end confdefs.h.  */
| #include <stdio.h>
| #ifdef HAVE_SYS_TYPES_H
| # include <sys/types.h>
| #endif
| #ifdef HAVE_SYS_STAT_H
| # include <sys/stat.h>
| #endif
| #ifdef STDC_HEADERS
| # include <stdlib.h>
| # include <stddef.h>
| #else
| # ifdef HAVE_STDLIB_H
| #  include <stdlib.h>
| # endif
| #endif
| #ifdef HAVE_STRING_H
| # if !defined STDC_HEADERS && defined HAVE_MEMORY_H
| #  include <memory.h>
| # endif
| # include <string.h>
| #endif
| #ifdef HAVE_STRINGS_H
| # include <strings.h>
| #endif
| #ifdef HAVE_INTTYPES_H
| # include <inttypes.h>
| #endif
| #ifdef HAVE_STDINT_H
| # include <stdint.h>
| #endif
| #ifdef HAVE_UNISTD_H
| # include <unistd.h>
| #endif
| int
| main ()
| {
| 
| 	  char buf[100];
| 	  char x = *strerror_r (0, buf, sizeof buf);
| 	  char *p = strerror_r (0, buf, sizeof buf);
| 	  return !p || x;
| 
|   ;
|   return 0;
| }
configure:21423: result: no
configure:21444: checking whether the linker accepts -Wl,--large-address-aware
configure:21463: /root/telos/depends/x86_64-apple-darwin11/native/bin/clang++ -target x86_64-apple-darwin11 -mmacosx-version-min=10.8 --sysroot /root/telos/depends/SDKs/MacOSX10.11.sdk -mlinker-version=253.9 -stdlib=libc++ -std=c++11 -o conftest -pipe -O2  -I/root/telos/depends/x86_64-apple-darwin11/share/../include/  -DBOOST_SPIRIT_THREADSAFE -DHAVE_BUILD_INFO -D__STDC_FORMAT_MACROS -DMAC_OSX -L/root/telos/depends/x86_64-apple-darwin11/share/../lib  -Wl,-headerpad_max_install_names  -Wl,--large-address-aware conftest.cpp  >&5
ld: unknown option: --large-address-aware
clang: error: linker command failed with exit code 1 (use -v to see invocation)
configure:21463: $? = 1
configure: failed program was:
| /* confdefs.h */
| #define PACKAGE_NAME "Transcendence Core"
| #define PACKAGE_TARNAME "transcendence"
| #define PACKAGE_VERSION "1.0.0"
| #define PACKAGE_STRING "Transcendence Core 1.0.0"
| #define PACKAGE_BUGREPORT "www.transcendence.org"
| #define PACKAGE_URL ""
| #define HAVE_CXX11 1
| #define STDC_HEADERS 1
| #define HAVE_SYS_TYPES_H 1
| #define HAVE_SYS_STAT_H 1
| #define HAVE_STDLIB_H 1
| #define HAVE_STRING_H 1
| #define HAVE_MEMORY_H 1
| #define HAVE_STRINGS_H 1
| #define HAVE_INTTYPES_H 1
| #define HAVE_STDINT_H 1
| #define HAVE_UNISTD_H 1
| #define HAVE_DLFCN_H 1
| #define LT_OBJDIR ".libs/"
| #define HAVE_PTHREAD_PRIO_INHERIT 1
| #define HAVE_PTHREAD 1
| #define HAVE_DECL_STRERROR_R 1
| #define HAVE_STRERROR_R 1
| /* end confdefs.h.  */
| 
| int
| main ()
| {
| 
|   ;
|   return 0;
| }
configure:21472: result: no
configure:21484: checking for __attribute__((visibility))
configure:21506: /root/telos/depends/x86_64-apple-darwin11/native/bin/clang++ -target x86_64-apple-darwin11 -mmacosx-version-min=10.8 --sysroot /root/telos/depends/SDKs/MacOSX10.11.sdk -mlinker-version=253.9 -stdlib=libc++ -std=c++11 -o conftest -pipe -O2  -I/root/telos/depends/x86_64-apple-darwin11/share/../include/  -DBOOST_SPIRIT_THREADSAFE -DHAVE_BUILD_INFO -D__STDC_FORMAT_MACROS -DMAC_OSX -L/root/telos/depends/x86_64-apple-darwin11/share/../lib  -Wl,-headerpad_max_install_names conftest.cpp  >&5
configure:21506: $? = 0
configure:21519: result: yes
configure:21535: checking for __attribute__((dllexport))
configure:21556: /root/telos/depends/x86_64-apple-darwin11/native/bin/clang++ -target x86_64-apple-darwin11 -mmacosx-version-min=10.8 --sysroot /root/telos/depends/SDKs/MacOSX10.11.sdk -mlinker-version=253.9 -stdlib=libc++ -std=c++11 -o conftest -pipe -O2  -I/root/telos/depends/x86_64-apple-darwin11/share/../include/  -DBOOST_SPIRIT_THREADSAFE -DHAVE_BUILD_INFO -D__STDC_FORMAT_MACROS -DMAC_OSX -L/root/telos/depends/x86_64-apple-darwin11/share/../lib  -Wl,-headerpad_max_install_names conftest.cpp  >&5
conftest.cpp:29:36: warning: unknown attribute 'dllexport' ignored [-Wunknown-attributes]
                    __attribute__((dllexport)) int foo( void ) { return 0; }
                                   ^
1 warning generated.
configure:21556: $? = 0
configure:21569: result: no
configure:21585: checking for __attribute__((dllimport))
configure:21606: /root/telos/depends/x86_64-apple-darwin11/native/bin/clang++ -target x86_64-apple-darwin11 -mmacosx-version-min=10.8 --sysroot /root/telos/depends/SDKs/MacOSX10.11.sdk -mlinker-version=253.9 -stdlib=libc++ -std=c++11 -o conftest -pipe -O2  -I/root/telos/depends/x86_64-apple-darwin11/share/../include/  -DBOOST_SPIRIT_THREADSAFE -DHAVE_BUILD_INFO -D__STDC_FORMAT_MACROS -DMAC_OSX -L/root/telos/depends/x86_64-apple-darwin11/share/../lib  -Wl,-headerpad_max_install_names conftest.cpp  >&5
conftest.cpp:29:52: warning: unknown attribute 'dllimport' ignored [-Wunknown-attributes]
                    int foo( void ) __attribute__((dllimport));
                                                   ^
1 warning generated.
configure:21606: $? = 0
configure:21619: result: no
configure:21672: checking whether C++ compiler accepts -Wstack-protector
configure:21691: /root/telos/depends/x86_64-apple-darwin11/native/bin/clang++ -target x86_64-apple-darwin11 -mmacosx-version-min=10.8 --sysroot /root/telos/depends/SDKs/MacOSX10.11.sdk -mlinker-version=253.9 -stdlib=libc++ -std=c++11 -c -pipe -O2   -Wstack-protector -I/root/telos/depends/x86_64-apple-darwin11/share/../include/  -DBOOST_SPIRIT_THREADSAFE -DHAVE_BUILD_INFO -D__STDC_FORMAT_MACROS -DMAC_OSX conftest.cpp >&5
configure:21691: $? = 0
configure:21699: result: yes
configure:21707: checking whether C++ compiler accepts -fstack-protector-all
configure:21726: /root/telos/depends/x86_64-apple-darwin11/native/bin/clang++ -target x86_64-apple-darwin11 -mmacosx-version-min=10.8 --sysroot /root/telos/depends/SDKs/MacOSX10.11.sdk -mlinker-version=253.9 -stdlib=libc++ -std=c++11 -c -pipe -O2   -fstack-protector-all -I/root/telos/depends/x86_64-apple-darwin11/share/../include/  -DBOOST_SPIRIT_THREADSAFE -DHAVE_BUILD_INFO -D__STDC_FORMAT_MACROS -DMAC_OSX conftest.cpp >&5
configure:21726: $? = 0
configure:21734: result: yes
configure:21744: checking whether C++ preprocessor accepts -D_FORTIFY_SOURCE=2
configure:21763: /root/telos/depends/x86_64-apple-darwin11/native/bin/clang++ -target x86_64-apple-darwin11 -mmacosx-version-min=10.8 --sysroot /root/telos/depends/SDKs/MacOSX10.11.sdk -mlinker-version=253.9 -stdlib=libc++ -std=c++11 -E -I/root/telos/depends/x86_64-apple-darwin11/share/../include/  -DBOOST_SPIRIT_THREADSAFE -DHAVE_BUILD_INFO -D__STDC_FORMAT_MACROS -DMAC_OSX  -D_FORTIFY_SOURCE=2 conftest.cpp
configure:21763: $? = 0
configure:21771: result: yes
configure:21775: checking whether C++ preprocessor accepts -U_FORTIFY_SOURCE
configure:21794: /root/telos/depends/x86_64-apple-darwin11/native/bin/clang++ -target x86_64-apple-darwin11 -mmacosx-version-min=10.8 --sysroot /root/telos/depends/SDKs/MacOSX10.11.sdk -mlinker-version=253.9 -stdlib=libc++ -std=c++11 -E -I/root/telos/depends/x86_64-apple-darwin11/share/../include/  -DBOOST_SPIRIT_THREADSAFE -DHAVE_BUILD_INFO -D__STDC_FORMAT_MACROS -DMAC_OSX  -U_FORTIFY_SOURCE conftest.cpp
configure:21794: $? = 0
configure:21802: result: yes
configure:21819: checking whether the linker accepts -Wl,--dynamicbase
configure:21838: /root/telos/depends/x86_64-apple-darwin11/native/bin/clang++ -target x86_64-apple-darwin11 -mmacosx-version-min=10.8 --sysroot /root/telos/depends/SDKs/MacOSX10.11.sdk -mlinker-version=253.9 -stdlib=libc++ -std=c++11 -o conftest -pipe -O2  -I/root/telos/depends/x86_64-apple-darwin11/share/../include/  -DBOOST_SPIRIT_THREADSAFE -DHAVE_BUILD_INFO -D__STDC_FORMAT_MACROS -DMAC_OSX -L/root/telos/depends/x86_64-apple-darwin11/share/../lib  -Wl,-headerpad_max_install_names  -Wl,--dynamicbase conftest.cpp  >&5
ld: unknown option: --dynamicbase
clang: error: linker command failed with exit code 1 (use -v to see invocation)
configure:21838: $? = 1
configure: failed program was:
| /* confdefs.h */
| #define PACKAGE_NAME "Transcendence Core"
| #define PACKAGE_TARNAME "transcendence"
| #define PACKAGE_VERSION "1.0.0"
| #define PACKAGE_STRING "Transcendence Core 1.0.0"
| #define PACKAGE_BUGREPORT "www.transcendence.org"
| #define PACKAGE_URL ""
| #define HAVE_CXX11 1
| #define STDC_HEADERS 1
| #define HAVE_SYS_TYPES_H 1
| #define HAVE_SYS_STAT_H 1
| #define HAVE_STDLIB_H 1
| #define HAVE_STRING_H 1
| #define HAVE_MEMORY_H 1
| #define HAVE_STRINGS_H 1
| #define HAVE_INTTYPES_H 1
| #define HAVE_STDINT_H 1
| #define HAVE_UNISTD_H 1
| #define HAVE_DLFCN_H 1
| #define LT_OBJDIR ".libs/"
| #define HAVE_PTHREAD_PRIO_INHERIT 1
| #define HAVE_PTHREAD 1
| #define HAVE_DECL_STRERROR_R 1
| #define HAVE_STRERROR_R 1
| #define HAVE_FUNC_ATTRIBUTE_VISIBILITY 1
| /* end confdefs.h.  */
| 
| int
| main ()
| {
| 
|   ;
|   return 0;
| }
configure:21847: result: no
configure:21855: checking whether the linker accepts -Wl,--nxcompat
configure:21874: /root/telos/depends/x86_64-apple-darwin11/native/bin/clang++ -target x86_64-apple-darwin11 -mmacosx-version-min=10.8 --sysroot /root/telos/depends/SDKs/MacOSX10.11.sdk -mlinker-version=253.9 -stdlib=libc++ -std=c++11 -o conftest -pipe -O2  -I/root/telos/depends/x86_64-apple-darwin11/share/../include/  -DBOOST_SPIRIT_THREADSAFE -DHAVE_BUILD_INFO -D__STDC_FORMAT_MACROS -DMAC_OSX -L/root/telos/depends/x86_64-apple-darwin11/share/../lib  -Wl,-headerpad_max_install_names  -Wl,--nxcompat conftest.cpp  >&5
ld: unknown option: --nxcompat
clang: error: linker command failed with exit code 1 (use -v to see invocation)
configure:21874: $? = 1
configure: failed program was:
| /* confdefs.h */
| #define PACKAGE_NAME "Transcendence Core"
| #define PACKAGE_TARNAME "transcendence"
| #define PACKAGE_VERSION "1.0.0"
| #define PACKAGE_STRING "Transcendence Core 1.0.0"
| #define PACKAGE_BUGREPORT "www.transcendence.org"
| #define PACKAGE_URL ""
| #define HAVE_CXX11 1
| #define STDC_HEADERS 1
| #define HAVE_SYS_TYPES_H 1
| #define HAVE_SYS_STAT_H 1
| #define HAVE_STDLIB_H 1
| #define HAVE_STRING_H 1
| #define HAVE_MEMORY_H 1
| #define HAVE_STRINGS_H 1
| #define HAVE_INTTYPES_H 1
| #define HAVE_STDINT_H 1
| #define HAVE_UNISTD_H 1
| #define HAVE_DLFCN_H 1
| #define LT_OBJDIR ".libs/"
| #define HAVE_PTHREAD_PRIO_INHERIT 1
| #define HAVE_PTHREAD 1
| #define HAVE_DECL_STRERROR_R 1
| #define HAVE_STRERROR_R 1
| #define HAVE_FUNC_ATTRIBUTE_VISIBILITY 1
| /* end confdefs.h.  */
| 
| int
| main ()
| {
| 
|   ;
|   return 0;
| }
configure:21883: result: no
configure:21891: checking whether the linker accepts -Wl,-z,relro
configure:21910: /root/telos/depends/x86_64-apple-darwin11/native/bin/clang++ -target x86_64-apple-darwin11 -mmacosx-version-min=10.8 --sysroot /root/telos/depends/SDKs/MacOSX10.11.sdk -mlinker-version=253.9 -stdlib=libc++ -std=c++11 -o conftest -pipe -O2  -I/root/telos/depends/x86_64-apple-darwin11/share/../include/  -DBOOST_SPIRIT_THREADSAFE -DHAVE_BUILD_INFO -D__STDC_FORMAT_MACROS -DMAC_OSX -L/root/telos/depends/x86_64-apple-darwin11/share/../lib  -Wl,-headerpad_max_install_names  -Wl,-z,relro conftest.cpp  >&5
ld: unknown option: -z
clang: error: linker command failed with exit code 1 (use -v to see invocation)
configure:21910: $? = 1
configure: failed program was:
| /* confdefs.h */
| #define PACKAGE_NAME "Transcendence Core"
| #define PACKAGE_TARNAME "transcendence"
| #define PACKAGE_VERSION "1.0.0"
| #define PACKAGE_STRING "Transcendence Core 1.0.0"
| #define PACKAGE_BUGREPORT "www.transcendence.org"
| #define PACKAGE_URL ""
| #define HAVE_CXX11 1
| #define STDC_HEADERS 1
| #define HAVE_SYS_TYPES_H 1
| #define HAVE_SYS_STAT_H 1
| #define HAVE_STDLIB_H 1
| #define HAVE_STRING_H 1
| #define HAVE_MEMORY_H 1
| #define HAVE_STRINGS_H 1
| #define HAVE_INTTYPES_H 1
| #define HAVE_STDINT_H 1
| #define HAVE_UNISTD_H 1
| #define HAVE_DLFCN_H 1
| #define LT_OBJDIR ".libs/"
| #define HAVE_PTHREAD_PRIO_INHERIT 1
| #define HAVE_PTHREAD 1
| #define HAVE_DECL_STRERROR_R 1
| #define HAVE_STRERROR_R 1
| #define HAVE_FUNC_ATTRIBUTE_VISIBILITY 1
| /* end confdefs.h.  */
| 
| int
| main ()
| {
| 
|   ;
|   return 0;
| }
configure:21919: result: no
configure:21927: checking whether the linker accepts -Wl,-z,now
configure:21946: /root/telos/depends/x86_64-apple-darwin11/native/bin/clang++ -target x86_64-apple-darwin11 -mmacosx-version-min=10.8 --sysroot /root/telos/depends/SDKs/MacOSX10.11.sdk -mlinker-version=253.9 -stdlib=libc++ -std=c++11 -o conftest -pipe -O2  -I/root/telos/depends/x86_64-apple-darwin11/share/../include/  -DBOOST_SPIRIT_THREADSAFE -DHAVE_BUILD_INFO -D__STDC_FORMAT_MACROS -DMAC_OSX -L/root/telos/depends/x86_64-apple-darwin11/share/../lib  -Wl,-headerpad_max_install_names  -Wl,-z,now conftest.cpp  >&5
ld: unknown option: -z
clang: error: linker command failed with exit code 1 (use -v to see invocation)
configure:21946: $? = 1
configure: failed program was:
| /* confdefs.h */
| #define PACKAGE_NAME "Transcendence Core"
| #define PACKAGE_TARNAME "transcendence"
| #define PACKAGE_VERSION "1.0.0"
| #define PACKAGE_STRING "Transcendence Core 1.0.0"
| #define PACKAGE_BUGREPORT "www.transcendence.org"
| #define PACKAGE_URL ""
| #define HAVE_CXX11 1
| #define STDC_HEADERS 1
| #define HAVE_SYS_TYPES_H 1
| #define HAVE_SYS_STAT_H 1
| #define HAVE_STDLIB_H 1
| #define HAVE_STRING_H 1
| #define HAVE_MEMORY_H 1
| #define HAVE_STRINGS_H 1
| #define HAVE_INTTYPES_H 1
| #define HAVE_STDINT_H 1
| #define HAVE_UNISTD_H 1
| #define HAVE_DLFCN_H 1
| #define LT_OBJDIR ".libs/"
| #define HAVE_PTHREAD_PRIO_INHERIT 1
| #define HAVE_PTHREAD 1
| #define HAVE_DECL_STRERROR_R 1
| #define HAVE_STRERROR_R 1
| #define HAVE_FUNC_ATTRIBUTE_VISIBILITY 1
| /* end confdefs.h.  */
| 
| int
| main ()
| {
| 
|   ;
|   return 0;
| }
configure:21955: result: no
configure:21966: checking whether C++ compiler accepts -fPIC
configure:21985: /root/telos/depends/x86_64-apple-darwin11/native/bin/clang++ -target x86_64-apple-darwin11 -mmacosx-version-min=10.8 --sysroot /root/telos/depends/SDKs/MacOSX10.11.sdk -mlinker-version=253.9 -stdlib=libc++ -std=c++11 -c -pipe -O2   -fPIC -I/root/telos/depends/x86_64-apple-darwin11/share/../include/  -DBOOST_SPIRIT_THREADSAFE -DHAVE_BUILD_INFO -D__STDC_FORMAT_MACROS -DMAC_OSX conftest.cpp >&5
configure:21985: $? = 0
configure:21993: result: yes
configure:22001: checking whether the linker accepts -pic
configure:22020: /root/telos/depends/x86_64-apple-darwin11/native/bin/clang++ -target x86_64-apple-darwin11 -mmacosx-version-min=10.8 --sysroot /root/telos/depends/SDKs/MacOSX10.11.sdk -mlinker-version=253.9 -stdlib=libc++ -std=c++11 -o conftest -pipe -O2  -I/root/telos/depends/x86_64-apple-darwin11/share/../include/  -DBOOST_SPIRIT_THREADSAFE -DHAVE_BUILD_INFO -D__STDC_FORMAT_MACROS -DMAC_OSX -L/root/telos/depends/x86_64-apple-darwin11/share/../lib  -Wl,-headerpad_max_install_names  -pic conftest.cpp  >&5
clang: error: unknown argument: '-pic'
configure:22020: $? = 1
configure: failed program was:
| /* confdefs.h */
| #define PACKAGE_NAME "Transcendence Core"
| #define PACKAGE_TARNAME "transcendence"
| #define PACKAGE_VERSION "1.0.0"
| #define PACKAGE_STRING "Transcendence Core 1.0.0"
| #define PACKAGE_BUGREPORT "www.transcendence.org"
| #define PACKAGE_URL ""
| #define HAVE_CXX11 1
| #define STDC_HEADERS 1
| #define HAVE_SYS_TYPES_H 1
| #define HAVE_SYS_STAT_H 1
| #define HAVE_STDLIB_H 1
| #define HAVE_STRING_H 1
| #define HAVE_MEMORY_H 1
| #define HAVE_STRINGS_H 1
| #define HAVE_INTTYPES_H 1
| #define HAVE_STDINT_H 1
| #define HAVE_UNISTD_H 1
| #define HAVE_DLFCN_H 1
| #define LT_OBJDIR ".libs/"
| #define HAVE_PTHREAD_PRIO_INHERIT 1
| #define HAVE_PTHREAD 1
| #define HAVE_DECL_STRERROR_R 1
| #define HAVE_STRERROR_R 1
| #define HAVE_FUNC_ATTRIBUTE_VISIBILITY 1
| /* end confdefs.h.  */
| 
| int
| main ()
| {
| 
|   ;
|   return 0;
| }
configure:22029: result: no
configure:22092: checking whether the linker accepts -Wl,-dead_strip
configure:22111: /root/telos/depends/x86_64-apple-darwin11/native/bin/clang++ -target x86_64-apple-darwin11 -mmacosx-version-min=10.8 --sysroot /root/telos/depends/SDKs/MacOSX10.11.sdk -mlinker-version=253.9 -stdlib=libc++ -std=c++11 -o conftest -pipe -O2   -Wstack-protector -fstack-protector-all -fPIC -I/root/telos/depends/x86_64-apple-darwin11/share/../include/  -DBOOST_SPIRIT_THREADSAFE -DHAVE_BUILD_INFO -D__STDC_FORMAT_MACROS -DMAC_OSX  -U_FORTIFY_SOURCE -D_FORTIFY_SOURCE=2 -L/root/telos/depends/x86_64-apple-darwin11/share/../lib  -Wl,-headerpad_max_install_names   -Wl,-dead_strip conftest.cpp  >&5
configure:22111: $? = 0
configure:22120: result: yes
configure:22133: checking endian.h usability
configure:22133: /root/telos/depends/x86_64-apple-darwin11/native/bin/clang++ -target x86_64-apple-darwin11 -mmacosx-version-min=10.8 --sysroot /root/telos/depends/SDKs/MacOSX10.11.sdk -mlinker-version=253.9 -stdlib=libc++ -std=c++11 -c -pipe -O2   -Wstack-protector -fstack-protector-all -fPIC -I/root/telos/depends/x86_64-apple-darwin11/share/../include/  -DBOOST_SPIRIT_THREADSAFE -DHAVE_BUILD_INFO -D__STDC_FORMAT_MACROS -DMAC_OSX  -U_FORTIFY_SOURCE -D_FORTIFY_SOURCE=2 conftest.cpp >&5
conftest.cpp:60:10: fatal error: 'endian.h' file not found
#include <endian.h>
         ^
1 error generated.
configure:22133: $? = 1
configure: failed program was:
| /* confdefs.h */
| #define PACKAGE_NAME "Transcendence Core"
| #define PACKAGE_TARNAME "transcendence"
| #define PACKAGE_VERSION "1.0.0"
| #define PACKAGE_STRING "Transcendence Core 1.0.0"
| #define PACKAGE_BUGREPORT "www.transcendence.org"
| #define PACKAGE_URL ""
| #define HAVE_CXX11 1
| #define STDC_HEADERS 1
| #define HAVE_SYS_TYPES_H 1
| #define HAVE_SYS_STAT_H 1
| #define HAVE_STDLIB_H 1
| #define HAVE_STRING_H 1
| #define HAVE_MEMORY_H 1
| #define HAVE_STRINGS_H 1
| #define HAVE_INTTYPES_H 1
| #define HAVE_STDINT_H 1
| #define HAVE_UNISTD_H 1
| #define HAVE_DLFCN_H 1
| #define LT_OBJDIR ".libs/"
| #define HAVE_PTHREAD_PRIO_INHERIT 1
| #define HAVE_PTHREAD 1
| #define HAVE_DECL_STRERROR_R 1
| #define HAVE_STRERROR_R 1
| #define HAVE_FUNC_ATTRIBUTE_VISIBILITY 1
| /* end confdefs.h.  */
| #include <stdio.h>
| #ifdef HAVE_SYS_TYPES_H
| # include <sys/types.h>
| #endif
| #ifdef HAVE_SYS_STAT_H
| # include <sys/stat.h>
| #endif
| #ifdef STDC_HEADERS
| # include <stdlib.h>
| # include <stddef.h>
| #else
| # ifdef HAVE_STDLIB_H
| #  include <stdlib.h>
| # endif
| #endif
| #ifdef HAVE_STRING_H
| # if !defined STDC_HEADERS && defined HAVE_MEMORY_H
| #  include <memory.h>
| # endif
| # include <string.h>
| #endif
| #ifdef HAVE_STRINGS_H
| # include <strings.h>
| #endif
| #ifdef HAVE_INTTYPES_H
| # include <inttypes.h>
| #endif
| #ifdef HAVE_STDINT_H
| # include <stdint.h>
| #endif
| #ifdef HAVE_UNISTD_H
| # include <unistd.h>
| #endif
| #include <endian.h>
configure:22133: result: no
configure:22133: checking endian.h presence
configure:22133: /root/telos/depends/x86_64-apple-darwin11/native/bin/clang++ -target x86_64-apple-darwin11 -mmacosx-version-min=10.8 --sysroot /root/telos/depends/SDKs/MacOSX10.11.sdk -mlinker-version=253.9 -stdlib=libc++ -std=c++11 -E -I/root/telos/depends/x86_64-apple-darwin11/share/../include/  -DBOOST_SPIRIT_THREADSAFE -DHAVE_BUILD_INFO -D__STDC_FORMAT_MACROS -DMAC_OSX  -U_FORTIFY_SOURCE -D_FORTIFY_SOURCE=2 conftest.cpp
conftest.cpp:27:10: fatal error: 'endian.h' file not found
#include <endian.h>
         ^
1 error generated.
configure:22133: $? = 1
configure: failed program was:
| /* confdefs.h */
| #define PACKAGE_NAME "Transcendence Core"
| #define PACKAGE_TARNAME "transcendence"
| #define PACKAGE_VERSION "1.0.0"
| #define PACKAGE_STRING "Transcendence Core 1.0.0"
| #define PACKAGE_BUGREPORT "www.transcendence.org"
| #define PACKAGE_URL ""
| #define HAVE_CXX11 1
| #define STDC_HEADERS 1
| #define HAVE_SYS_TYPES_H 1
| #define HAVE_SYS_STAT_H 1
| #define HAVE_STDLIB_H 1
| #define HAVE_STRING_H 1
| #define HAVE_MEMORY_H 1
| #define HAVE_STRINGS_H 1
| #define HAVE_INTTYPES_H 1
| #define HAVE_STDINT_H 1
| #define HAVE_UNISTD_H 1
| #define HAVE_DLFCN_H 1
| #define LT_OBJDIR ".libs/"
| #define HAVE_PTHREAD_PRIO_INHERIT 1
| #define HAVE_PTHREAD 1
| #define HAVE_DECL_STRERROR_R 1
| #define HAVE_STRERROR_R 1
| #define HAVE_FUNC_ATTRIBUTE_VISIBILITY 1
| /* end confdefs.h.  */
| #include <endian.h>
configure:22133: result: no
configure:22133: checking for endian.h
configure:22133: result: no
configure:22133: checking stdio.h usability
configure:22133: /root/telos/depends/x86_64-apple-darwin11/native/bin/clang++ -target x86_64-apple-darwin11 -mmacosx-version-min=10.8 --sysroot /root/telos/depends/SDKs/MacOSX10.11.sdk -mlinker-version=253.9 -stdlib=libc++ -std=c++11 -c -pipe -O2   -Wstack-protector -fstack-protector-all -fPIC -I/root/telos/depends/x86_64-apple-darwin11/share/../include/  -DBOOST_SPIRIT_THREADSAFE -DHAVE_BUILD_INFO -D__STDC_FORMAT_MACROS -DMAC_OSX  -U_FORTIFY_SOURCE -D_FORTIFY_SOURCE=2 conftest.cpp >&5
configure:22133: $? = 0
configure:22133: result: yes
configure:22133: checking stdio.h presence
configure:22133: /root/telos/depends/x86_64-apple-darwin11/native/bin/clang++ -target x86_64-apple-darwin11 -mmacosx-version-min=10.8 --sysroot /root/telos/depends/SDKs/MacOSX10.11.sdk -mlinker-version=253.9 -stdlib=libc++ -std=c++11 -E -I/root/telos/depends/x86_64-apple-darwin11/share/../include/  -DBOOST_SPIRIT_THREADSAFE -DHAVE_BUILD_INFO -D__STDC_FORMAT_MACROS -DMAC_OSX  -U_FORTIFY_SOURCE -D_FORTIFY_SOURCE=2 conftest.cpp
configure:22133: $? = 0
configure:22133: result: yes
configure:22133: checking for stdio.h
configure:22133: result: yes
configure:22133: checking for stdlib.h
configure:22133: result: yes
configure:22133: checking for unistd.h
configure:22133: result: yes
configure:22133: checking for strings.h
configure:22133: result: yes
configure:22133: checking for sys/types.h
configure:22133: result: yes
configure:22133: checking for sys/stat.h
configure:22133: result: yes
configure:22133: checking sys/select.h usability
configure:22133: /root/telos/depends/x86_64-apple-darwin11/native/bin/clang++ -target x86_64-apple-darwin11 -mmacosx-version-min=10.8 --sysroot /root/telos/depends/SDKs/MacOSX10.11.sdk -mlinker-version=253.9 -stdlib=libc++ -std=c++11 -c -pipe -O2   -Wstack-protector -fstack-protector-all -fPIC -I/root/telos/depends/x86_64-apple-darwin11/share/../include/  -DBOOST_SPIRIT_THREADSAFE -DHAVE_BUILD_INFO -D__STDC_FORMAT_MACROS -DMAC_OSX  -U_FORTIFY_SOURCE -D_FORTIFY_SOURCE=2 conftest.cpp >&5
configure:22133: $? = 0
configure:22133: result: yes
configure:22133: checking sys/select.h presence
configure:22133: /root/telos/depends/x86_64-apple-darwin11/native/bin/clang++ -target x86_64-apple-darwin11 -mmacosx-version-min=10.8 --sysroot /root/telos/depends/SDKs/MacOSX10.11.sdk -mlinker-version=253.9 -stdlib=libc++ -std=c++11 -E -I/root/telos/depends/x86_64-apple-darwin11/share/../include/  -DBOOST_SPIRIT_THREADSAFE -DHAVE_BUILD_INFO -D__STDC_FORMAT_MACROS -DMAC_OSX  -U_FORTIFY_SOURCE -D_FORTIFY_SOURCE=2 conftest.cpp
configure:22133: $? = 0
configure:22133: result: yes
configure:22133: checking for sys/select.h
configure:22133: result: yes
configure:22133: checking sys/prctl.h usability
configure:22133: /root/telos/depends/x86_64-apple-darwin11/native/bin/clang++ -target x86_64-apple-darwin11 -mmacosx-version-min=10.8 --sysroot /root/telos/depends/SDKs/MacOSX10.11.sdk -mlinker-version=253.9 -stdlib=libc++ -std=c++11 -c -pipe -O2   -Wstack-protector -fstack-protector-all -fPIC -I/root/telos/depends/x86_64-apple-darwin11/share/../include/  -DBOOST_SPIRIT_THREADSAFE -DHAVE_BUILD_INFO -D__STDC_FORMAT_MACROS -DMAC_OSX  -U_FORTIFY_SOURCE -D_FORTIFY_SOURCE=2 conftest.cpp >&5
conftest.cpp:67:10: fatal error: 'sys/prctl.h' file not found
#include <sys/prctl.h>
         ^
1 error generated.
configure:22133: $? = 1
configure: failed program was:
| /* confdefs.h */
| #define PACKAGE_NAME "Transcendence Core"
| #define PACKAGE_TARNAME "transcendence"
| #define PACKAGE_VERSION "1.0.0"
| #define PACKAGE_STRING "Transcendence Core 1.0.0"
| #define PACKAGE_BUGREPORT "www.transcendence.org"
| #define PACKAGE_URL ""
| #define HAVE_CXX11 1
| #define STDC_HEADERS 1
| #define HAVE_SYS_TYPES_H 1
| #define HAVE_SYS_STAT_H 1
| #define HAVE_STDLIB_H 1
| #define HAVE_STRING_H 1
| #define HAVE_MEMORY_H 1
| #define HAVE_STRINGS_H 1
| #define HAVE_INTTYPES_H 1
| #define HAVE_STDINT_H 1
| #define HAVE_UNISTD_H 1
| #define HAVE_DLFCN_H 1
| #define LT_OBJDIR ".libs/"
| #define HAVE_PTHREAD_PRIO_INHERIT 1
| #define HAVE_PTHREAD 1
| #define HAVE_DECL_STRERROR_R 1
| #define HAVE_STRERROR_R 1
| #define HAVE_FUNC_ATTRIBUTE_VISIBILITY 1
| #define HAVE_STDIO_H 1
| #define HAVE_STDLIB_H 1
| #define HAVE_UNISTD_H 1
| #define HAVE_STRINGS_H 1
| #define HAVE_SYS_TYPES_H 1
| #define HAVE_SYS_STAT_H 1
| #define HAVE_SYS_SELECT_H 1
| /* end confdefs.h.  */
| #include <stdio.h>
| #ifdef HAVE_SYS_TYPES_H
| # include <sys/types.h>
| #endif
| #ifdef HAVE_SYS_STAT_H
| # include <sys/stat.h>
| #endif
| #ifdef STDC_HEADERS
| # include <stdlib.h>
| # include <stddef.h>
| #else
| # ifdef HAVE_STDLIB_H
| #  include <stdlib.h>
| # endif
| #endif
| #ifdef HAVE_STRING_H
| # if !defined STDC_HEADERS && defined HAVE_MEMORY_H
| #  include <memory.h>
| # endif
| # include <string.h>
| #endif
| #ifdef HAVE_STRINGS_H
| # include <strings.h>
| #endif
| #ifdef HAVE_INTTYPES_H
| # include <inttypes.h>
| #endif
| #ifdef HAVE_STDINT_H
| # include <stdint.h>
| #endif
| #ifdef HAVE_UNISTD_H
| # include <unistd.h>
| #endif
| #include <sys/prctl.h>
configure:22133: result: no
configure:22133: checking sys/prctl.h presence
configure:22133: /root/telos/depends/x86_64-apple-darwin11/native/bin/clang++ -target x86_64-apple-darwin11 -mmacosx-version-min=10.8 --sysroot /root/telos/depends/SDKs/MacOSX10.11.sdk -mlinker-version=253.9 -stdlib=libc++ -std=c++11 -E -I/root/telos/depends/x86_64-apple-darwin11/share/../include/  -DBOOST_SPIRIT_THREADSAFE -DHAVE_BUILD_INFO -D__STDC_FORMAT_MACROS -DMAC_OSX  -U_FORTIFY_SOURCE -D_FORTIFY_SOURCE=2 conftest.cpp
conftest.cpp:34:10: fatal error: 'sys/prctl.h' file not found
#include <sys/prctl.h>
         ^
1 error generated.
configure:22133: $? = 1
configure: failed program was:
| /* confdefs.h */
| #define PACKAGE_NAME "Transcendence Core"
| #define PACKAGE_TARNAME "transcendence"
| #define PACKAGE_VERSION "1.0.0"
| #define PACKAGE_STRING "Transcendence Core 1.0.0"
| #define PACKAGE_BUGREPORT "www.transcendence.org"
| #define PACKAGE_URL ""
| #define HAVE_CXX11 1
| #define STDC_HEADERS 1
| #define HAVE_SYS_TYPES_H 1
| #define HAVE_SYS_STAT_H 1
| #define HAVE_STDLIB_H 1
| #define HAVE_STRING_H 1
| #define HAVE_MEMORY_H 1
| #define HAVE_STRINGS_H 1
| #define HAVE_INTTYPES_H 1
| #define HAVE_STDINT_H 1
| #define HAVE_UNISTD_H 1
| #define HAVE_DLFCN_H 1
| #define LT_OBJDIR ".libs/"
| #define HAVE_PTHREAD_PRIO_INHERIT 1
| #define HAVE_PTHREAD 1
| #define HAVE_DECL_STRERROR_R 1
| #define HAVE_STRERROR_R 1
| #define HAVE_FUNC_ATTRIBUTE_VISIBILITY 1
| #define HAVE_STDIO_H 1
| #define HAVE_STDLIB_H 1
| #define HAVE_UNISTD_H 1
| #define HAVE_STRINGS_H 1
| #define HAVE_SYS_TYPES_H 1
| #define HAVE_SYS_STAT_H 1
| #define HAVE_SYS_SELECT_H 1
| /* end confdefs.h.  */
| #include <sys/prctl.h>
configure:22133: result: no
configure:22133: checking for sys/prctl.h
configure:22133: result: no
configure:22143: checking for library containing getaddrinfo_a
configure:22174: /root/telos/depends/x86_64-apple-darwin11/native/bin/clang++ -target x86_64-apple-darwin11 -mmacosx-version-min=10.8 --sysroot /root/telos/depends/SDKs/MacOSX10.11.sdk -mlinker-version=253.9 -stdlib=libc++ -std=c++11 -o conftest -pipe -O2   -Wstack-protector -fstack-protector-all -fPIC -I/root/telos/depends/x86_64-apple-darwin11/share/../include/  -DBOOST_SPIRIT_THREADSAFE -DHAVE_BUILD_INFO -D__STDC_FORMAT_MACROS -DMAC_OSX  -U_FORTIFY_SOURCE -D_FORTIFY_SOURCE=2 -L/root/telos/depends/x86_64-apple-darwin11/share/../lib  -Wl,-headerpad_max_install_names  -Wl,-dead_strip conftest.cpp  >&5
Undefined symbols for architecture x86_64:
  "_getaddrinfo_a", referenced from:
      _main in conftest-f76ad3.o
ld: symbol(s) not found for architecture x86_64
clang: error: linker command failed with exit code 1 (use -v to see invocation)
configure:22174: $? = 1
configure: failed program was:
| /* confdefs.h */
| #define PACKAGE_NAME "Transcendence Core"
| #define PACKAGE_TARNAME "transcendence"
| #define PACKAGE_VERSION "1.0.0"
| #define PACKAGE_STRING "Transcendence Core 1.0.0"
| #define PACKAGE_BUGREPORT "www.transcendence.org"
| #define PACKAGE_URL ""
| #define HAVE_CXX11 1
| #define STDC_HEADERS 1
| #define HAVE_SYS_TYPES_H 1
| #define HAVE_SYS_STAT_H 1
| #define HAVE_STDLIB_H 1
| #define HAVE_STRING_H 1
| #define HAVE_MEMORY_H 1
| #define HAVE_STRINGS_H 1
| #define HAVE_INTTYPES_H 1
| #define HAVE_STDINT_H 1
| #define HAVE_UNISTD_H 1
| #define HAVE_DLFCN_H 1
| #define LT_OBJDIR ".libs/"
| #define HAVE_PTHREAD_PRIO_INHERIT 1
| #define HAVE_PTHREAD 1
| #define HAVE_DECL_STRERROR_R 1
| #define HAVE_STRERROR_R 1
| #define HAVE_FUNC_ATTRIBUTE_VISIBILITY 1
| #define HAVE_STDIO_H 1
| #define HAVE_STDLIB_H 1
| #define HAVE_UNISTD_H 1
| #define HAVE_STRINGS_H 1
| #define HAVE_SYS_TYPES_H 1
| #define HAVE_SYS_STAT_H 1
| #define HAVE_SYS_SELECT_H 1
| /* end confdefs.h.  */
| 
| /* Override any GCC internal prototype to avoid an error.
|    Use char because int might match the return type of a GCC
|    builtin and then its argument prototype would still apply.  */
| #ifdef __cplusplus
| extern "C"
| #endif
| char getaddrinfo_a ();
| int
| main ()
| {
| return getaddrinfo_a ();
|   ;
|   return 0;
| }
configure:22174: /root/telos/depends/x86_64-apple-darwin11/native/bin/clang++ -target x86_64-apple-darwin11 -mmacosx-version-min=10.8 --sysroot /root/telos/depends/SDKs/MacOSX10.11.sdk -mlinker-version=253.9 -stdlib=libc++ -std=c++11 -o conftest -pipe -O2   -Wstack-protector -fstack-protector-all -fPIC -I/root/telos/depends/x86_64-apple-darwin11/share/../include/  -DBOOST_SPIRIT_THREADSAFE -DHAVE_BUILD_INFO -D__STDC_FORMAT_MACROS -DMAC_OSX  -U_FORTIFY_SOURCE -D_FORTIFY_SOURCE=2 -L/root/telos/depends/x86_64-apple-darwin11/share/../lib  -Wl,-headerpad_max_install_names  -Wl,-dead_strip conftest.cpp -lanl   >&5
ld: library not found for -lanl
clang: error: linker command failed with exit code 1 (use -v to see invocation)
configure:22174: $? = 1
configure: failed program was:
| /* confdefs.h */
| #define PACKAGE_NAME "Transcendence Core"
| #define PACKAGE_TARNAME "transcendence"
| #define PACKAGE_VERSION "1.0.0"
| #define PACKAGE_STRING "Transcendence Core 1.0.0"
| #define PACKAGE_BUGREPORT "www.transcendence.org"
| #define PACKAGE_URL ""
| #define HAVE_CXX11 1
| #define STDC_HEADERS 1
| #define HAVE_SYS_TYPES_H 1
| #define HAVE_SYS_STAT_H 1
| #define HAVE_STDLIB_H 1
| #define HAVE_STRING_H 1
| #define HAVE_MEMORY_H 1
| #define HAVE_STRINGS_H 1
| #define HAVE_INTTYPES_H 1
| #define HAVE_STDINT_H 1
| #define HAVE_UNISTD_H 1
| #define HAVE_DLFCN_H 1
| #define LT_OBJDIR ".libs/"
| #define HAVE_PTHREAD_PRIO_INHERIT 1
| #define HAVE_PTHREAD 1
| #define HAVE_DECL_STRERROR_R 1
| #define HAVE_STRERROR_R 1
| #define HAVE_FUNC_ATTRIBUTE_VISIBILITY 1
| #define HAVE_STDIO_H 1
| #define HAVE_STDLIB_H 1
| #define HAVE_UNISTD_H 1
| #define HAVE_STRINGS_H 1
| #define HAVE_SYS_TYPES_H 1
| #define HAVE_SYS_STAT_H 1
| #define HAVE_SYS_SELECT_H 1
| /* end confdefs.h.  */
| 
| /* Override any GCC internal prototype to avoid an error.
|    Use char because int might match the return type of a GCC
|    builtin and then its argument prototype would still apply.  */
| #ifdef __cplusplus
| extern "C"
| #endif
| char getaddrinfo_a ();
| int
| main ()
| {
| return getaddrinfo_a ();
|   ;
|   return 0;
| }
configure:22191: result: no
configure:22201: checking for library containing inet_pton
configure:22232: /root/telos/depends/x86_64-apple-darwin11/native/bin/clang++ -target x86_64-apple-darwin11 -mmacosx-version-min=10.8 --sysroot /root/telos/depends/SDKs/MacOSX10.11.sdk -mlinker-version=253.9 -stdlib=libc++ -std=c++11 -o conftest -pipe -O2   -Wstack-protector -fstack-protector-all -fPIC -I/root/telos/depends/x86_64-apple-darwin11/share/../include/  -DBOOST_SPIRIT_THREADSAFE -DHAVE_BUILD_INFO -D__STDC_FORMAT_MACROS -DMAC_OSX  -U_FORTIFY_SOURCE -D_FORTIFY_SOURCE=2 -L/root/telos/depends/x86_64-apple-darwin11/share/../lib  -Wl,-headerpad_max_install_names  -Wl,-dead_strip conftest.cpp  >&5
configure:22232: $? = 0
configure:22249: result: none required
configure:22260: checking whether strnlen is declared
configure:22260: /root/telos/depends/x86_64-apple-darwin11/native/bin/clang++ -target x86_64-apple-darwin11 -mmacosx-version-min=10.8 --sysroot /root/telos/depends/SDKs/MacOSX10.11.sdk -mlinker-version=253.9 -stdlib=libc++ -std=c++11 -c -pipe -O2   -Wstack-protector -fstack-protector-all -fPIC -I/root/telos/depends/x86_64-apple-darwin11/share/../include/  -DBOOST_SPIRIT_THREADSAFE -DHAVE_BUILD_INFO -D__STDC_FORMAT_MACROS -DMAC_OSX  -U_FORTIFY_SOURCE -D_FORTIFY_SOURCE=2 conftest.cpp >&5
configure:22260: $? = 0
configure:22260: result: yes
configure:22272: checking whether le32toh is declared
configure:22272: /root/telos/depends/x86_64-apple-darwin11/native/bin/clang++ -target x86_64-apple-darwin11 -mmacosx-version-min=10.8 --sysroot /root/telos/depends/SDKs/MacOSX10.11.sdk -mlinker-version=253.9 -stdlib=libc++ -std=c++11 -c -pipe -O2   -Wstack-protector -fstack-protector-all -fPIC -I/root/telos/depends/x86_64-apple-darwin11/share/../include/  -DBOOST_SPIRIT_THREADSAFE -DHAVE_BUILD_INFO -D__STDC_FORMAT_MACROS -DMAC_OSX  -U_FORTIFY_SOURCE -D_FORTIFY_SOURCE=2 conftest.cpp >&5
conftest.cpp:45:10: error: use of undeclared identifier 'le32toh'
  (void) le32toh;
         ^
1 error generated.
configure:22272: $? = 1
configure: failed program was:
| /* confdefs.h */
| #define PACKAGE_NAME "Transcendence Core"
| #define PACKAGE_TARNAME "transcendence"
| #define PACKAGE_VERSION "1.0.0"
| #define PACKAGE_STRING "Transcendence Core 1.0.0"
| #define PACKAGE_BUGREPORT "www.transcendence.org"
| #define PACKAGE_URL ""
| #define HAVE_CXX11 1
| #define STDC_HEADERS 1
| #define HAVE_SYS_TYPES_H 1
| #define HAVE_SYS_STAT_H 1
| #define HAVE_STDLIB_H 1
| #define HAVE_STRING_H 1
| #define HAVE_MEMORY_H 1
| #define HAVE_STRINGS_H 1
| #define HAVE_INTTYPES_H 1
| #define HAVE_STDINT_H 1
| #define HAVE_UNISTD_H 1
| #define HAVE_DLFCN_H 1
| #define LT_OBJDIR ".libs/"
| #define HAVE_PTHREAD_PRIO_INHERIT 1
| #define HAVE_PTHREAD 1
| #define HAVE_DECL_STRERROR_R 1
| #define HAVE_STRERROR_R 1
| #define HAVE_FUNC_ATTRIBUTE_VISIBILITY 1
| #define HAVE_STDIO_H 1
| #define HAVE_STDLIB_H 1
| #define HAVE_UNISTD_H 1
| #define HAVE_STRINGS_H 1
| #define HAVE_SYS_TYPES_H 1
| #define HAVE_SYS_STAT_H 1
| #define HAVE_SYS_SELECT_H 1
| #define HAVE_INET_PTON 1
| #define HAVE_DECL_STRNLEN 1
| /* end confdefs.h.  */
| #if HAVE_ENDIAN_H
|                  #include <endian.h>
|                  #endif
| 
| int
| main ()
| {
| #ifndef le32toh
| #ifdef __cplusplus
|   (void) le32toh;
| #else
|   (void) le32toh;
| #endif
| #endif
| 
|   ;
|   return 0;
| }
configure:22272: result: no
configure:22285: checking whether le64toh is declared
configure:22285: /root/telos/depends/x86_64-apple-darwin11/native/bin/clang++ -target x86_64-apple-darwin11 -mmacosx-version-min=10.8 --sysroot /root/telos/depends/SDKs/MacOSX10.11.sdk -mlinker-version=253.9 -stdlib=libc++ -std=c++11 -c -pipe -O2   -Wstack-protector -fstack-protector-all -fPIC -I/root/telos/depends/x86_64-apple-darwin11/share/../include/  -DBOOST_SPIRIT_THREADSAFE -DHAVE_BUILD_INFO -D__STDC_FORMAT_MACROS -DMAC_OSX  -U_FORTIFY_SOURCE -D_FORTIFY_SOURCE=2 conftest.cpp >&5
conftest.cpp:46:10: error: use of undeclared identifier 'le64toh'
  (void) le64toh;
         ^
1 error generated.
configure:22285: $? = 1
configure: failed program was:
| /* confdefs.h */
| #define PACKAGE_NAME "Transcendence Core"
| #define PACKAGE_TARNAME "transcendence"
| #define PACKAGE_VERSION "1.0.0"
| #define PACKAGE_STRING "Transcendence Core 1.0.0"
| #define PACKAGE_BUGREPORT "www.transcendence.org"
| #define PACKAGE_URL ""
| #define HAVE_CXX11 1
| #define STDC_HEADERS 1
| #define HAVE_SYS_TYPES_H 1
| #define HAVE_SYS_STAT_H 1
| #define HAVE_STDLIB_H 1
| #define HAVE_STRING_H 1
| #define HAVE_MEMORY_H 1
| #define HAVE_STRINGS_H 1
| #define HAVE_INTTYPES_H 1
| #define HAVE_STDINT_H 1
| #define HAVE_UNISTD_H 1
| #define HAVE_DLFCN_H 1
| #define LT_OBJDIR ".libs/"
| #define HAVE_PTHREAD_PRIO_INHERIT 1
| #define HAVE_PTHREAD 1
| #define HAVE_DECL_STRERROR_R 1
| #define HAVE_STRERROR_R 1
| #define HAVE_FUNC_ATTRIBUTE_VISIBILITY 1
| #define HAVE_STDIO_H 1
| #define HAVE_STDLIB_H 1
| #define HAVE_UNISTD_H 1
| #define HAVE_STRINGS_H 1
| #define HAVE_SYS_TYPES_H 1
| #define HAVE_SYS_STAT_H 1
| #define HAVE_SYS_SELECT_H 1
| #define HAVE_INET_PTON 1
| #define HAVE_DECL_STRNLEN 1
| #define HAVE_DECL_LE32TOH 0
| /* end confdefs.h.  */
| #if HAVE_ENDIAN_H
|                  #include <endian.h>
|                  #endif
| 
| int
| main ()
| {
| #ifndef le64toh
| #ifdef __cplusplus
|   (void) le64toh;
| #else
|   (void) le64toh;
| #endif
| #endif
| 
|   ;
|   return 0;
| }
configure:22285: result: no
configure:22298: checking whether htole32 is declared
configure:22298: /root/telos/depends/x86_64-apple-darwin11/native/bin/clang++ -target x86_64-apple-darwin11 -mmacosx-version-min=10.8 --sysroot /root/telos/depends/SDKs/MacOSX10.11.sdk -mlinker-version=253.9 -stdlib=libc++ -std=c++11 -c -pipe -O2   -Wstack-protector -fstack-protector-all -fPIC -I/root/telos/depends/x86_64-apple-darwin11/share/../include/  -DBOOST_SPIRIT_THREADSAFE -DHAVE_BUILD_INFO -D__STDC_FORMAT_MACROS -DMAC_OSX  -U_FORTIFY_SOURCE -D_FORTIFY_SOURCE=2 conftest.cpp >&5
conftest.cpp:47:10: error: use of undeclared identifier 'htole32'
  (void) htole32;
         ^
1 error generated.
configure:22298: $? = 1
configure: failed program was:
| /* confdefs.h */
| #define PACKAGE_NAME "Transcendence Core"
| #define PACKAGE_TARNAME "transcendence"
| #define PACKAGE_VERSION "1.0.0"
| #define PACKAGE_STRING "Transcendence Core 1.0.0"
| #define PACKAGE_BUGREPORT "www.transcendence.org"
| #define PACKAGE_URL ""
| #define HAVE_CXX11 1
| #define STDC_HEADERS 1
| #define HAVE_SYS_TYPES_H 1
| #define HAVE_SYS_STAT_H 1
| #define HAVE_STDLIB_H 1
| #define HAVE_STRING_H 1
| #define HAVE_MEMORY_H 1
| #define HAVE_STRINGS_H 1
| #define HAVE_INTTYPES_H 1
| #define HAVE_STDINT_H 1
| #define HAVE_UNISTD_H 1
| #define HAVE_DLFCN_H 1
| #define LT_OBJDIR ".libs/"
| #define HAVE_PTHREAD_PRIO_INHERIT 1
| #define HAVE_PTHREAD 1
| #define HAVE_DECL_STRERROR_R 1
| #define HAVE_STRERROR_R 1
| #define HAVE_FUNC_ATTRIBUTE_VISIBILITY 1
| #define HAVE_STDIO_H 1
| #define HAVE_STDLIB_H 1
| #define HAVE_UNISTD_H 1
| #define HAVE_STRINGS_H 1
| #define HAVE_SYS_TYPES_H 1
| #define HAVE_SYS_STAT_H 1
| #define HAVE_SYS_SELECT_H 1
| #define HAVE_INET_PTON 1
| #define HAVE_DECL_STRNLEN 1
| #define HAVE_DECL_LE32TOH 0
| #define HAVE_DECL_LE64TOH 0
| /* end confdefs.h.  */
| #if HAVE_ENDIAN_H
|                  #include <endian.h>
|                  #endif
| 
| int
| main ()
| {
| #ifndef htole32
| #ifdef __cplusplus
|   (void) htole32;
| #else
|   (void) htole32;
| #endif
| #endif
| 
|   ;
|   return 0;
| }
configure:22298: result: no
configure:22311: checking whether htole64 is declared
configure:22311: /root/telos/depends/x86_64-apple-darwin11/native/bin/clang++ -target x86_64-apple-darwin11 -mmacosx-version-min=10.8 --sysroot /root/telos/depends/SDKs/MacOSX10.11.sdk -mlinker-version=253.9 -stdlib=libc++ -std=c++11 -c -pipe -O2   -Wstack-protector -fstack-protector-all -fPIC -I/root/telos/depends/x86_64-apple-darwin11/share/../include/  -DBOOST_SPIRIT_THREADSAFE -DHAVE_BUILD_INFO -D__STDC_FORMAT_MACROS -DMAC_OSX  -U_FORTIFY_SOURCE -D_FORTIFY_SOURCE=2 conftest.cpp >&5
conftest.cpp:48:10: error: use of undeclared identifier 'htole64'
  (void) htole64;
         ^
1 error generated.
configure:22311: $? = 1
configure: failed program was:
| /* confdefs.h */
| #define PACKAGE_NAME "Transcendence Core"
| #define PACKAGE_TARNAME "transcendence"
| #define PACKAGE_VERSION "1.0.0"
| #define PACKAGE_STRING "Transcendence Core 1.0.0"
| #define PACKAGE_BUGREPORT "www.transcendence.org"
| #define PACKAGE_URL ""
| #define HAVE_CXX11 1
| #define STDC_HEADERS 1
| #define HAVE_SYS_TYPES_H 1
| #define HAVE_SYS_STAT_H 1
| #define HAVE_STDLIB_H 1
| #define HAVE_STRING_H 1
| #define HAVE_MEMORY_H 1
| #define HAVE_STRINGS_H 1
| #define HAVE_INTTYPES_H 1
| #define HAVE_STDINT_H 1
| #define HAVE_UNISTD_H 1
| #define HAVE_DLFCN_H 1
| #define LT_OBJDIR ".libs/"
| #define HAVE_PTHREAD_PRIO_INHERIT 1
| #define HAVE_PTHREAD 1
| #define HAVE_DECL_STRERROR_R 1
| #define HAVE_STRERROR_R 1
| #define HAVE_FUNC_ATTRIBUTE_VISIBILITY 1
| #define HAVE_STDIO_H 1
| #define HAVE_STDLIB_H 1
| #define HAVE_UNISTD_H 1
| #define HAVE_STRINGS_H 1
| #define HAVE_SYS_TYPES_H 1
| #define HAVE_SYS_STAT_H 1
| #define HAVE_SYS_SELECT_H 1
| #define HAVE_INET_PTON 1
| #define HAVE_DECL_STRNLEN 1
| #define HAVE_DECL_LE32TOH 0
| #define HAVE_DECL_LE64TOH 0
| #define HAVE_DECL_HTOLE32 0
| /* end confdefs.h.  */
| #if HAVE_ENDIAN_H
|                  #include <endian.h>
|                  #endif
| 
| int
| main ()
| {
| #ifndef htole64
| #ifdef __cplusplus
|   (void) htole64;
| #else
|   (void) htole64;
| #endif
| #endif
| 
|   ;
|   return 0;
| }
configure:22311: result: no
configure:22324: checking whether be32toh is declared
configure:22324: /root/telos/depends/x86_64-apple-darwin11/native/bin/clang++ -target x86_64-apple-darwin11 -mmacosx-version-min=10.8 --sysroot /root/telos/depends/SDKs/MacOSX10.11.sdk -mlinker-version=253.9 -stdlib=libc++ -std=c++11 -c -pipe -O2   -Wstack-protector -fstack-protector-all -fPIC -I/root/telos/depends/x86_64-apple-darwin11/share/../include/  -DBOOST_SPIRIT_THREADSAFE -DHAVE_BUILD_INFO -D__STDC_FORMAT_MACROS -DMAC_OSX  -U_FORTIFY_SOURCE -D_FORTIFY_SOURCE=2 conftest.cpp >&5
conftest.cpp:49:10: error: use of undeclared identifier 'be32toh'
  (void) be32toh;
         ^
1 error generated.
configure:22324: $? = 1
configure: failed program was:
| /* confdefs.h */
| #define PACKAGE_NAME "Transcendence Core"
| #define PACKAGE_TARNAME "transcendence"
| #define PACKAGE_VERSION "1.0.0"
| #define PACKAGE_STRING "Transcendence Core 1.0.0"
| #define PACKAGE_BUGREPORT "www.transcendence.org"
| #define PACKAGE_URL ""
| #define HAVE_CXX11 1
| #define STDC_HEADERS 1
| #define HAVE_SYS_TYPES_H 1
| #define HAVE_SYS_STAT_H 1
| #define HAVE_STDLIB_H 1
| #define HAVE_STRING_H 1
| #define HAVE_MEMORY_H 1
| #define HAVE_STRINGS_H 1
| #define HAVE_INTTYPES_H 1
| #define HAVE_STDINT_H 1
| #define HAVE_UNISTD_H 1
| #define HAVE_DLFCN_H 1
| #define LT_OBJDIR ".libs/"
| #define HAVE_PTHREAD_PRIO_INHERIT 1
| #define HAVE_PTHREAD 1
| #define HAVE_DECL_STRERROR_R 1
| #define HAVE_STRERROR_R 1
| #define HAVE_FUNC_ATTRIBUTE_VISIBILITY 1
| #define HAVE_STDIO_H 1
| #define HAVE_STDLIB_H 1
| #define HAVE_UNISTD_H 1
| #define HAVE_STRINGS_H 1
| #define HAVE_SYS_TYPES_H 1
| #define HAVE_SYS_STAT_H 1
| #define HAVE_SYS_SELECT_H 1
| #define HAVE_INET_PTON 1
| #define HAVE_DECL_STRNLEN 1
| #define HAVE_DECL_LE32TOH 0
| #define HAVE_DECL_LE64TOH 0
| #define HAVE_DECL_HTOLE32 0
| #define HAVE_DECL_HTOLE64 0
| /* end confdefs.h.  */
| #if HAVE_ENDIAN_H
|                  #include <endian.h>
|                  #endif
| 
| int
| main ()
| {
| #ifndef be32toh
| #ifdef __cplusplus
|   (void) be32toh;
| #else
|   (void) be32toh;
| #endif
| #endif
| 
|   ;
|   return 0;
| }
configure:22324: result: no
configure:22337: checking whether be64toh is declared
configure:22337: /root/telos/depends/x86_64-apple-darwin11/native/bin/clang++ -target x86_64-apple-darwin11 -mmacosx-version-min=10.8 --sysroot /root/telos/depends/SDKs/MacOSX10.11.sdk -mlinker-version=253.9 -stdlib=libc++ -std=c++11 -c -pipe -O2   -Wstack-protector -fstack-protector-all -fPIC -I/root/telos/depends/x86_64-apple-darwin11/share/../include/  -DBOOST_SPIRIT_THREADSAFE -DHAVE_BUILD_INFO -D__STDC_FORMAT_MACROS -DMAC_OSX  -U_FORTIFY_SOURCE -D_FORTIFY_SOURCE=2 conftest.cpp >&5
conftest.cpp:50:10: error: use of undeclared identifier 'be64toh'
  (void) be64toh;
         ^
1 error generated.
configure:22337: $? = 1
configure: failed program was:
| /* confdefs.h */
| #define PACKAGE_NAME "Transcendence Core"
| #define PACKAGE_TARNAME "transcendence"
| #define PACKAGE_VERSION "1.0.0"
| #define PACKAGE_STRING "Transcendence Core 1.0.0"
| #define PACKAGE_BUGREPORT "www.transcendence.org"
| #define PACKAGE_URL ""
| #define HAVE_CXX11 1
| #define STDC_HEADERS 1
| #define HAVE_SYS_TYPES_H 1
| #define HAVE_SYS_STAT_H 1
| #define HAVE_STDLIB_H 1
| #define HAVE_STRING_H 1
| #define HAVE_MEMORY_H 1
| #define HAVE_STRINGS_H 1
| #define HAVE_INTTYPES_H 1
| #define HAVE_STDINT_H 1
| #define HAVE_UNISTD_H 1
| #define HAVE_DLFCN_H 1
| #define LT_OBJDIR ".libs/"
| #define HAVE_PTHREAD_PRIO_INHERIT 1
| #define HAVE_PTHREAD 1
| #define HAVE_DECL_STRERROR_R 1
| #define HAVE_STRERROR_R 1
| #define HAVE_FUNC_ATTRIBUTE_VISIBILITY 1
| #define HAVE_STDIO_H 1
| #define HAVE_STDLIB_H 1
| #define HAVE_UNISTD_H 1
| #define HAVE_STRINGS_H 1
| #define HAVE_SYS_TYPES_H 1
| #define HAVE_SYS_STAT_H 1
| #define HAVE_SYS_SELECT_H 1
| #define HAVE_INET_PTON 1
| #define HAVE_DECL_STRNLEN 1
| #define HAVE_DECL_LE32TOH 0
| #define HAVE_DECL_LE64TOH 0
| #define HAVE_DECL_HTOLE32 0
| #define HAVE_DECL_HTOLE64 0
| #define HAVE_DECL_BE32TOH 0
| /* end confdefs.h.  */
| #if HAVE_ENDIAN_H
|                  #include <endian.h>
|                  #endif
| 
| int
| main ()
| {
| #ifndef be64toh
| #ifdef __cplusplus
|   (void) be64toh;
| #else
|   (void) be64toh;
| #endif
| #endif
| 
|   ;
|   return 0;
| }
configure:22337: result: no
configure:22350: checking whether htobe32 is declared
configure:22350: /root/telos/depends/x86_64-apple-darwin11/native/bin/clang++ -target x86_64-apple-darwin11 -mmacosx-version-min=10.8 --sysroot /root/telos/depends/SDKs/MacOSX10.11.sdk -mlinker-version=253.9 -stdlib=libc++ -std=c++11 -c -pipe -O2   -Wstack-protector -fstack-protector-all -fPIC -I/root/telos/depends/x86_64-apple-darwin11/share/../include/  -DBOOST_SPIRIT_THREADSAFE -DHAVE_BUILD_INFO -D__STDC_FORMAT_MACROS -DMAC_OSX  -U_FORTIFY_SOURCE -D_FORTIFY_SOURCE=2 conftest.cpp >&5
conftest.cpp:51:10: error: use of undeclared identifier 'htobe32'
  (void) htobe32;
         ^
1 error generated.
configure:22350: $? = 1
configure: failed program was:
| /* confdefs.h */
| #define PACKAGE_NAME "Transcendence Core"
| #define PACKAGE_TARNAME "transcendence"
| #define PACKAGE_VERSION "1.0.0"
| #define PACKAGE_STRING "Transcendence Core 1.0.0"
| #define PACKAGE_BUGREPORT "www.transcendence.org"
| #define PACKAGE_URL ""
| #define HAVE_CXX11 1
| #define STDC_HEADERS 1
| #define HAVE_SYS_TYPES_H 1
| #define HAVE_SYS_STAT_H 1
| #define HAVE_STDLIB_H 1
| #define HAVE_STRING_H 1
| #define HAVE_MEMORY_H 1
| #define HAVE_STRINGS_H 1
| #define HAVE_INTTYPES_H 1
| #define HAVE_STDINT_H 1
| #define HAVE_UNISTD_H 1
| #define HAVE_DLFCN_H 1
| #define LT_OBJDIR ".libs/"
| #define HAVE_PTHREAD_PRIO_INHERIT 1
| #define HAVE_PTHREAD 1
| #define HAVE_DECL_STRERROR_R 1
| #define HAVE_STRERROR_R 1
| #define HAVE_FUNC_ATTRIBUTE_VISIBILITY 1
| #define HAVE_STDIO_H 1
| #define HAVE_STDLIB_H 1
| #define HAVE_UNISTD_H 1
| #define HAVE_STRINGS_H 1
| #define HAVE_SYS_TYPES_H 1
| #define HAVE_SYS_STAT_H 1
| #define HAVE_SYS_SELECT_H 1
| #define HAVE_INET_PTON 1
| #define HAVE_DECL_STRNLEN 1
| #define HAVE_DECL_LE32TOH 0
| #define HAVE_DECL_LE64TOH 0
| #define HAVE_DECL_HTOLE32 0
| #define HAVE_DECL_HTOLE64 0
| #define HAVE_DECL_BE32TOH 0
| #define HAVE_DECL_BE64TOH 0
| /* end confdefs.h.  */
| #if HAVE_ENDIAN_H
|                  #include <endian.h>
|                  #endif
| 
| int
| main ()
| {
| #ifndef htobe32
| #ifdef __cplusplus
|   (void) htobe32;
| #else
|   (void) htobe32;
| #endif
| #endif
| 
|   ;
|   return 0;
| }
configure:22350: result: no
configure:22363: checking whether htobe64 is declared
configure:22363: /root/telos/depends/x86_64-apple-darwin11/native/bin/clang++ -target x86_64-apple-darwin11 -mmacosx-version-min=10.8 --sysroot /root/telos/depends/SDKs/MacOSX10.11.sdk -mlinker-version=253.9 -stdlib=libc++ -std=c++11 -c -pipe -O2   -Wstack-protector -fstack-protector-all -fPIC -I/root/telos/depends/x86_64-apple-darwin11/share/../include/  -DBOOST_SPIRIT_THREADSAFE -DHAVE_BUILD_INFO -D__STDC_FORMAT_MACROS -DMAC_OSX  -U_FORTIFY_SOURCE -D_FORTIFY_SOURCE=2 conftest.cpp >&5
conftest.cpp:52:10: error: use of undeclared identifier 'htobe64'
  (void) htobe64;
         ^
1 error generated.
configure:22363: $? = 1
configure: failed program was:
| /* confdefs.h */
| #define PACKAGE_NAME "Transcendence Core"
| #define PACKAGE_TARNAME "transcendence"
| #define PACKAGE_VERSION "1.0.0"
| #define PACKAGE_STRING "Transcendence Core 1.0.0"
| #define PACKAGE_BUGREPORT "www.transcendence.org"
| #define PACKAGE_URL ""
| #define HAVE_CXX11 1
| #define STDC_HEADERS 1
| #define HAVE_SYS_TYPES_H 1
| #define HAVE_SYS_STAT_H 1
| #define HAVE_STDLIB_H 1
| #define HAVE_STRING_H 1
| #define HAVE_MEMORY_H 1
| #define HAVE_STRINGS_H 1
| #define HAVE_INTTYPES_H 1
| #define HAVE_STDINT_H 1
| #define HAVE_UNISTD_H 1
| #define HAVE_DLFCN_H 1
| #define LT_OBJDIR ".libs/"
| #define HAVE_PTHREAD_PRIO_INHERIT 1
| #define HAVE_PTHREAD 1
| #define HAVE_DECL_STRERROR_R 1
| #define HAVE_STRERROR_R 1
| #define HAVE_FUNC_ATTRIBUTE_VISIBILITY 1
| #define HAVE_STDIO_H 1
| #define HAVE_STDLIB_H 1
| #define HAVE_UNISTD_H 1
| #define HAVE_STRINGS_H 1
| #define HAVE_SYS_TYPES_H 1
| #define HAVE_SYS_STAT_H 1
| #define HAVE_SYS_SELECT_H 1
| #define HAVE_INET_PTON 1
| #define HAVE_DECL_STRNLEN 1
| #define HAVE_DECL_LE32TOH 0
| #define HAVE_DECL_LE64TOH 0
| #define HAVE_DECL_HTOLE32 0
| #define HAVE_DECL_HTOLE64 0
| #define HAVE_DECL_BE32TOH 0
| #define HAVE_DECL_BE64TOH 0
| #define HAVE_DECL_HTOBE32 0
| /* end confdefs.h.  */
| #if HAVE_ENDIAN_H
|                  #include <endian.h>
|                  #endif
| 
| int
| main ()
| {
| #ifndef htobe64
| #ifdef __cplusplus
|   (void) htobe64;
| #else
|   (void) htobe64;
| #endif
| #endif
| 
|   ;
|   return 0;
| }
configure:22363: result: no
configure:22378: checking for MSG_NOSIGNAL
configure:22391: /root/telos/depends/x86_64-apple-darwin11/native/bin/clang++ -target x86_64-apple-darwin11 -mmacosx-version-min=10.8 --sysroot /root/telos/depends/SDKs/MacOSX10.11.sdk -mlinker-version=253.9 -stdlib=libc++ -std=c++11 -c -pipe -O2   -Wstack-protector -fstack-protector-all -fPIC -I/root/telos/depends/x86_64-apple-darwin11/share/../include/  -DBOOST_SPIRIT_THREADSAFE -DHAVE_BUILD_INFO -D__STDC_FORMAT_MACROS -DMAC_OSX  -U_FORTIFY_SOURCE -D_FORTIFY_SOURCE=2 conftest.cpp >&5
conftest.cpp:48:10: error: use of undeclared identifier 'MSG_NOSIGNAL'
 int f = MSG_NOSIGNAL;
         ^
1 error generated.
configure:22391: $? = 1
configure: failed program was:
| /* confdefs.h */
| #define PACKAGE_NAME "Transcendence Core"
| #define PACKAGE_TARNAME "transcendence"
| #define PACKAGE_VERSION "1.0.0"
| #define PACKAGE_STRING "Transcendence Core 1.0.0"
| #define PACKAGE_BUGREPORT "www.transcendence.org"
| #define PACKAGE_URL ""
| #define HAVE_CXX11 1
| #define STDC_HEADERS 1
| #define HAVE_SYS_TYPES_H 1
| #define HAVE_SYS_STAT_H 1
| #define HAVE_STDLIB_H 1
| #define HAVE_STRING_H 1
| #define HAVE_MEMORY_H 1
| #define HAVE_STRINGS_H 1
| #define HAVE_INTTYPES_H 1
| #define HAVE_STDINT_H 1
| #define HAVE_UNISTD_H 1
| #define HAVE_DLFCN_H 1
| #define LT_OBJDIR ".libs/"
| #define HAVE_PTHREAD_PRIO_INHERIT 1
| #define HAVE_PTHREAD 1
| #define HAVE_DECL_STRERROR_R 1
| #define HAVE_STRERROR_R 1
| #define HAVE_FUNC_ATTRIBUTE_VISIBILITY 1
| #define HAVE_STDIO_H 1
| #define HAVE_STDLIB_H 1
| #define HAVE_UNISTD_H 1
| #define HAVE_STRINGS_H 1
| #define HAVE_SYS_TYPES_H 1
| #define HAVE_SYS_STAT_H 1
| #define HAVE_SYS_SELECT_H 1
| #define HAVE_INET_PTON 1
| #define HAVE_DECL_STRNLEN 1
| #define HAVE_DECL_LE32TOH 0
| #define HAVE_DECL_LE64TOH 0
| #define HAVE_DECL_HTOLE32 0
| #define HAVE_DECL_HTOLE64 0
| #define HAVE_DECL_BE32TOH 0
| #define HAVE_DECL_BE64TOH 0
| #define HAVE_DECL_HTOBE32 0
| #define HAVE_DECL_HTOBE64 0
| /* end confdefs.h.  */
| #include <sys/socket.h>
| int
| main ()
| {
|  int f = MSG_NOSIGNAL;
|   ;
|   return 0;
| }
configure:22397: result: no
configure:22403: checking for library containing clock_gettime
configure:22434: /root/telos/depends/x86_64-apple-darwin11/native/bin/clang++ -target x86_64-apple-darwin11 -mmacosx-version-min=10.8 --sysroot /root/telos/depends/SDKs/MacOSX10.11.sdk -mlinker-version=253.9 -stdlib=libc++ -std=c++11 -o conftest -pipe -O2   -Wstack-protector -fstack-protector-all -fPIC -I/root/telos/depends/x86_64-apple-darwin11/share/../include/  -DBOOST_SPIRIT_THREADSAFE -DHAVE_BUILD_INFO -D__STDC_FORMAT_MACROS -DMAC_OSX  -U_FORTIFY_SOURCE -D_FORTIFY_SOURCE=2 -L/root/telos/depends/x86_64-apple-darwin11/share/../lib  -Wl,-headerpad_max_install_names  -Wl,-dead_strip conftest.cpp  >&5
Undefined symbols for architecture x86_64:
  "_clock_gettime", referenced from:
      _main in conftest-d01c1e.o
ld: symbol(s) not found for architecture x86_64
clang: error: linker command failed with exit code 1 (use -v to see invocation)
configure:22434: $? = 1
configure: failed program was:
| /* confdefs.h */
| #define PACKAGE_NAME "Transcendence Core"
| #define PACKAGE_TARNAME "transcendence"
| #define PACKAGE_VERSION "1.0.0"
| #define PACKAGE_STRING "Transcendence Core 1.0.0"
| #define PACKAGE_BUGREPORT "www.transcendence.org"
| #define PACKAGE_URL ""
| #define HAVE_CXX11 1
| #define STDC_HEADERS 1
| #define HAVE_SYS_TYPES_H 1
| #define HAVE_SYS_STAT_H 1
| #define HAVE_STDLIB_H 1
| #define HAVE_STRING_H 1
| #define HAVE_MEMORY_H 1
| #define HAVE_STRINGS_H 1
| #define HAVE_INTTYPES_H 1
| #define HAVE_STDINT_H 1
| #define HAVE_UNISTD_H 1
| #define HAVE_DLFCN_H 1
| #define LT_OBJDIR ".libs/"
| #define HAVE_PTHREAD_PRIO_INHERIT 1
| #define HAVE_PTHREAD 1
| #define HAVE_DECL_STRERROR_R 1
| #define HAVE_STRERROR_R 1
| #define HAVE_FUNC_ATTRIBUTE_VISIBILITY 1
| #define HAVE_STDIO_H 1
| #define HAVE_STDLIB_H 1
| #define HAVE_UNISTD_H 1
| #define HAVE_STRINGS_H 1
| #define HAVE_SYS_TYPES_H 1
| #define HAVE_SYS_STAT_H 1
| #define HAVE_SYS_SELECT_H 1
| #define HAVE_INET_PTON 1
| #define HAVE_DECL_STRNLEN 1
| #define HAVE_DECL_LE32TOH 0
| #define HAVE_DECL_LE64TOH 0
| #define HAVE_DECL_HTOLE32 0
| #define HAVE_DECL_HTOLE64 0
| #define HAVE_DECL_BE32TOH 0
| #define HAVE_DECL_BE64TOH 0
| #define HAVE_DECL_HTOBE32 0
| #define HAVE_DECL_HTOBE64 0
| /* end confdefs.h.  */
| 
| /* Override any GCC internal prototype to avoid an error.
|    Use char because int might match the return type of a GCC
|    builtin and then its argument prototype would still apply.  */
| #ifdef __cplusplus
| extern "C"
| #endif
| char clock_gettime ();
| int
| main ()
| {
| return clock_gettime ();
|   ;
|   return 0;
| }
configure:22434: /root/telos/depends/x86_64-apple-darwin11/native/bin/clang++ -target x86_64-apple-darwin11 -mmacosx-version-min=10.8 --sysroot /root/telos/depends/SDKs/MacOSX10.11.sdk -mlinker-version=253.9 -stdlib=libc++ -std=c++11 -o conftest -pipe -O2   -Wstack-protector -fstack-protector-all -fPIC -I/root/telos/depends/x86_64-apple-darwin11/share/../include/  -DBOOST_SPIRIT_THREADSAFE -DHAVE_BUILD_INFO -D__STDC_FORMAT_MACROS -DMAC_OSX  -U_FORTIFY_SOURCE -D_FORTIFY_SOURCE=2 -L/root/telos/depends/x86_64-apple-darwin11/share/../lib  -Wl,-headerpad_max_install_names  -Wl,-dead_strip conftest.cpp -lrt   >&5
ld: library not found for -lrt
clang: error: linker command failed with exit code 1 (use -v to see invocation)
configure:22434: $? = 1
configure: failed program was:
| /* confdefs.h */
| #define PACKAGE_NAME "Transcendence Core"
| #define PACKAGE_TARNAME "transcendence"
| #define PACKAGE_VERSION "1.0.0"
| #define PACKAGE_STRING "Transcendence Core 1.0.0"
| #define PACKAGE_BUGREPORT "www.transcendence.org"
| #define PACKAGE_URL ""
| #define HAVE_CXX11 1
| #define STDC_HEADERS 1
| #define HAVE_SYS_TYPES_H 1
| #define HAVE_SYS_STAT_H 1
| #define HAVE_STDLIB_H 1
| #define HAVE_STRING_H 1
| #define HAVE_MEMORY_H 1
| #define HAVE_STRINGS_H 1
| #define HAVE_INTTYPES_H 1
| #define HAVE_STDINT_H 1
| #define HAVE_UNISTD_H 1
| #define HAVE_DLFCN_H 1
| #define LT_OBJDIR ".libs/"
| #define HAVE_PTHREAD_PRIO_INHERIT 1
| #define HAVE_PTHREAD 1
| #define HAVE_DECL_STRERROR_R 1
| #define HAVE_STRERROR_R 1
| #define HAVE_FUNC_ATTRIBUTE_VISIBILITY 1
| #define HAVE_STDIO_H 1
| #define HAVE_STDLIB_H 1
| #define HAVE_UNISTD_H 1
| #define HAVE_STRINGS_H 1
| #define HAVE_SYS_TYPES_H 1
| #define HAVE_SYS_STAT_H 1
| #define HAVE_SYS_SELECT_H 1
| #define HAVE_INET_PTON 1
| #define HAVE_DECL_STRNLEN 1
| #define HAVE_DECL_LE32TOH 0
| #define HAVE_DECL_LE64TOH 0
| #define HAVE_DECL_HTOLE32 0
| #define HAVE_DECL_HTOLE64 0
| #define HAVE_DECL_BE32TOH 0
| #define HAVE_DECL_BE64TOH 0
| #define HAVE_DECL_HTOBE32 0
| #define HAVE_DECL_HTOBE64 0
| /* end confdefs.h.  */
| 
| /* Override any GCC internal prototype to avoid an error.
|    Use char because int might match the return type of a GCC
|    builtin and then its argument prototype would still apply.  */
| #ifdef __cplusplus
| extern "C"
| #endif
| char clock_gettime ();
| int
| main ()
| {
| return clock_gettime ();
|   ;
|   return 0;
| }
configure:22451: result: no
configure:22460: checking for visibility attribute
configure:22469: /root/telos/depends/x86_64-apple-darwin11/native/bin/clang++ -target x86_64-apple-darwin11 -mmacosx-version-min=10.8 --sysroot /root/telos/depends/SDKs/MacOSX10.11.sdk -mlinker-version=253.9 -stdlib=libc++ -std=c++11 -o conftest -pipe -O2   -Wstack-protector -fstack-protector-all -fPIC -I/root/telos/depends/x86_64-apple-darwin11/share/../include/  -DBOOST_SPIRIT_THREADSAFE -DHAVE_BUILD_INFO -D__STDC_FORMAT_MACROS -DMAC_OSX  -U_FORTIFY_SOURCE -D_FORTIFY_SOURCE=2 -L/root/telos/depends/x86_64-apple-darwin11/share/../lib  -Wl,-headerpad_max_install_names  -Wl,-dead_strip conftest.cpp  >&5
configure:22469: $? = 0
configure:22474: result: yes
configure:22494: checking whether C++ compiler accepts -fvisibility=hidden
configure:22513: /root/telos/depends/x86_64-apple-darwin11/native/bin/clang++ -target x86_64-apple-darwin11 -mmacosx-version-min=10.8 --sysroot /root/telos/depends/SDKs/MacOSX10.11.sdk -mlinker-version=253.9 -stdlib=libc++ -std=c++11 -c -pipe -O2   -Wstack-protector -fstack-protector-all -fPIC  -fvisibility=hidden -I/root/telos/depends/x86_64-apple-darwin11/share/../include/  -DBOOST_SPIRIT_THREADSAFE -DHAVE_BUILD_INFO -D__STDC_FORMAT_MACROS -DMAC_OSX  -U_FORTIFY_SOURCE -D_FORTIFY_SOURCE=2 conftest.cpp >&5
configure:22513: $? = 0
configure:22521: result: yes
configure:22555: checking for Berkeley DB C++ headers
configure:22586: /root/telos/depends/x86_64-apple-darwin11/native/bin/clang++ -target x86_64-apple-darwin11 -mmacosx-version-min=10.8 --sysroot /root/telos/depends/SDKs/MacOSX10.11.sdk -mlinker-version=253.9 -stdlib=libc++ -std=c++11 -c -pipe -O2   -Wstack-protector -fstack-protector-all -fPIC -I/root/telos/depends/x86_64-apple-darwin11/share/../include/  -DBOOST_SPIRIT_THREADSAFE -DHAVE_BUILD_INFO -D__STDC_FORMAT_MACROS -DMAC_OSX  -U_FORTIFY_SOURCE -D_FORTIFY_SOURCE=2 conftest.cpp >&5
conftest.cpp:46:16: fatal error: 'bdb4.8/db_cxx.h' file not found
      #include <bdb4.8/db_cxx.h>
               ^
1 error generated.
configure:22586: $? = 1
configure: failed program was:
| /* confdefs.h */
| #define PACKAGE_NAME "Transcendence Core"
| #define PACKAGE_TARNAME "transcendence"
| #define PACKAGE_VERSION "1.0.0"
| #define PACKAGE_STRING "Transcendence Core 1.0.0"
| #define PACKAGE_BUGREPORT "www.transcendence.org"
| #define PACKAGE_URL ""
| #define HAVE_CXX11 1
| #define STDC_HEADERS 1
| #define HAVE_SYS_TYPES_H 1
| #define HAVE_SYS_STAT_H 1
| #define HAVE_STDLIB_H 1
| #define HAVE_STRING_H 1
| #define HAVE_MEMORY_H 1
| #define HAVE_STRINGS_H 1
| #define HAVE_INTTYPES_H 1
| #define HAVE_STDINT_H 1
| #define HAVE_UNISTD_H 1
| #define HAVE_DLFCN_H 1
| #define LT_OBJDIR ".libs/"
| #define HAVE_PTHREAD_PRIO_INHERIT 1
| #define HAVE_PTHREAD 1
| #define HAVE_DECL_STRERROR_R 1
| #define HAVE_STRERROR_R 1
| #define HAVE_FUNC_ATTRIBUTE_VISIBILITY 1
| #define HAVE_STDIO_H 1
| #define HAVE_STDLIB_H 1
| #define HAVE_UNISTD_H 1
| #define HAVE_STRINGS_H 1
| #define HAVE_SYS_TYPES_H 1
| #define HAVE_SYS_STAT_H 1
| #define HAVE_SYS_SELECT_H 1
| #define HAVE_INET_PTON 1
| #define HAVE_DECL_STRNLEN 1
| #define HAVE_DECL_LE32TOH 0
| #define HAVE_DECL_LE64TOH 0
| #define HAVE_DECL_HTOLE32 0
| #define HAVE_DECL_HTOLE64 0
| #define HAVE_DECL_BE32TOH 0
| #define HAVE_DECL_BE64TOH 0
| #define HAVE_DECL_HTOBE32 0
| #define HAVE_DECL_HTOBE64 0
| #define HAVE_VISIBILITY_ATTRIBUTE 1
| /* end confdefs.h.  */
| 
|       #include <bdb4.8/db_cxx.h>
| 
| int
| main ()
| {
| 
|       #if !((DB_VERSION_MAJOR == 4 && DB_VERSION_MINOR >= 8) || DB_VERSION_MAJOR > 4)
|         #error "failed to find bdb 4.8+"
|       #endif
| 
|   ;
|   return 0;
| }
configure:22586: /root/telos/depends/x86_64-apple-darwin11/native/bin/clang++ -target x86_64-apple-darwin11 -mmacosx-version-min=10.8 --sysroot /root/telos/depends/SDKs/MacOSX10.11.sdk -mlinker-version=253.9 -stdlib=libc++ -std=c++11 -c -pipe -O2   -Wstack-protector -fstack-protector-all -fPIC -I/root/telos/depends/x86_64-apple-darwin11/share/../include/  -DBOOST_SPIRIT_THREADSAFE -DHAVE_BUILD_INFO -D__STDC_FORMAT_MACROS -DMAC_OSX  -U_FORTIFY_SOURCE -D_FORTIFY_SOURCE=2 conftest.cpp >&5
conftest.cpp:46:16: fatal error: 'libdb4.8/db_cxx.h' file not found
      #include <libdb4.8/db_cxx.h>
               ^
1 error generated.
configure:22586: $? = 1
configure: failed program was:
| /* confdefs.h */
| #define PACKAGE_NAME "Transcendence Core"
| #define PACKAGE_TARNAME "transcendence"
| #define PACKAGE_VERSION "1.0.0"
| #define PACKAGE_STRING "Transcendence Core 1.0.0"
| #define PACKAGE_BUGREPORT "www.transcendence.org"
| #define PACKAGE_URL ""
| #define HAVE_CXX11 1
| #define STDC_HEADERS 1
| #define HAVE_SYS_TYPES_H 1
| #define HAVE_SYS_STAT_H 1
| #define HAVE_STDLIB_H 1
| #define HAVE_STRING_H 1
| #define HAVE_MEMORY_H 1
| #define HAVE_STRINGS_H 1
| #define HAVE_INTTYPES_H 1
| #define HAVE_STDINT_H 1
| #define HAVE_UNISTD_H 1
| #define HAVE_DLFCN_H 1
| #define LT_OBJDIR ".libs/"
| #define HAVE_PTHREAD_PRIO_INHERIT 1
| #define HAVE_PTHREAD 1
| #define HAVE_DECL_STRERROR_R 1
| #define HAVE_STRERROR_R 1
| #define HAVE_FUNC_ATTRIBUTE_VISIBILITY 1
| #define HAVE_STDIO_H 1
| #define HAVE_STDLIB_H 1
| #define HAVE_UNISTD_H 1
| #define HAVE_STRINGS_H 1
| #define HAVE_SYS_TYPES_H 1
| #define HAVE_SYS_STAT_H 1
| #define HAVE_SYS_SELECT_H 1
| #define HAVE_INET_PTON 1
| #define HAVE_DECL_STRNLEN 1
| #define HAVE_DECL_LE32TOH 0
| #define HAVE_DECL_LE64TOH 0
| #define HAVE_DECL_HTOLE32 0
| #define HAVE_DECL_HTOLE64 0
| #define HAVE_DECL_BE32TOH 0
| #define HAVE_DECL_BE64TOH 0
| #define HAVE_DECL_HTOBE32 0
| #define HAVE_DECL_HTOBE64 0
| #define HAVE_VISIBILITY_ATTRIBUTE 1
| /* end confdefs.h.  */
| 
|       #include <libdb4.8/db_cxx.h>
| 
| int
| main ()
| {
| 
|       #if !((DB_VERSION_MAJOR == 4 && DB_VERSION_MINOR >= 8) || DB_VERSION_MAJOR > 4)
|         #error "failed to find bdb 4.8+"
|       #endif
| 
|   ;
|   return 0;
| }
configure:22586: /root/telos/depends/x86_64-apple-darwin11/native/bin/clang++ -target x86_64-apple-darwin11 -mmacosx-version-min=10.8 --sysroot /root/telos/depends/SDKs/MacOSX10.11.sdk -mlinker-version=253.9 -stdlib=libc++ -std=c++11 -c -pipe -O2   -Wstack-protector -fstack-protector-all -fPIC -I/root/telos/depends/x86_64-apple-darwin11/share/../include/  -DBOOST_SPIRIT_THREADSAFE -DHAVE_BUILD_INFO -D__STDC_FORMAT_MACROS -DMAC_OSX  -U_FORTIFY_SOURCE -D_FORTIFY_SOURCE=2 conftest.cpp >&5
conftest.cpp:46:16: fatal error: 'db4.8/db_cxx.h' file not found
      #include <db4.8/db_cxx.h>
               ^
1 error generated.
configure:22586: $? = 1
configure: failed program was:
| /* confdefs.h */
| #define PACKAGE_NAME "Transcendence Core"
| #define PACKAGE_TARNAME "transcendence"
| #define PACKAGE_VERSION "1.0.0"
| #define PACKAGE_STRING "Transcendence Core 1.0.0"
| #define PACKAGE_BUGREPORT "www.transcendence.org"
| #define PACKAGE_URL ""
| #define HAVE_CXX11 1
| #define STDC_HEADERS 1
| #define HAVE_SYS_TYPES_H 1
| #define HAVE_SYS_STAT_H 1
| #define HAVE_STDLIB_H 1
| #define HAVE_STRING_H 1
| #define HAVE_MEMORY_H 1
| #define HAVE_STRINGS_H 1
| #define HAVE_INTTYPES_H 1
| #define HAVE_STDINT_H 1
| #define HAVE_UNISTD_H 1
| #define HAVE_DLFCN_H 1
| #define LT_OBJDIR ".libs/"
| #define HAVE_PTHREAD_PRIO_INHERIT 1
| #define HAVE_PTHREAD 1
| #define HAVE_DECL_STRERROR_R 1
| #define HAVE_STRERROR_R 1
| #define HAVE_FUNC_ATTRIBUTE_VISIBILITY 1
| #define HAVE_STDIO_H 1
| #define HAVE_STDLIB_H 1
| #define HAVE_UNISTD_H 1
| #define HAVE_STRINGS_H 1
| #define HAVE_SYS_TYPES_H 1
| #define HAVE_SYS_STAT_H 1
| #define HAVE_SYS_SELECT_H 1
| #define HAVE_INET_PTON 1
| #define HAVE_DECL_STRNLEN 1
| #define HAVE_DECL_LE32TOH 0
| #define HAVE_DECL_LE64TOH 0
| #define HAVE_DECL_HTOLE32 0
| #define HAVE_DECL_HTOLE64 0
| #define HAVE_DECL_BE32TOH 0
| #define HAVE_DECL_BE64TOH 0
| #define HAVE_DECL_HTOBE32 0
| #define HAVE_DECL_HTOBE64 0
| #define HAVE_VISIBILITY_ATTRIBUTE 1
| /* end confdefs.h.  */
| 
|       #include <db4.8/db_cxx.h>
| 
| int
| main ()
| {
| 
|       #if !((DB_VERSION_MAJOR == 4 && DB_VERSION_MINOR >= 8) || DB_VERSION_MAJOR > 4)
|         #error "failed to find bdb 4.8+"
|       #endif
| 
|   ;
|   return 0;
| }
configure:22586: /root/telos/depends/x86_64-apple-darwin11/native/bin/clang++ -target x86_64-apple-darwin11 -mmacosx-version-min=10.8 --sysroot /root/telos/depends/SDKs/MacOSX10.11.sdk -mlinker-version=253.9 -stdlib=libc++ -std=c++11 -c -pipe -O2   -Wstack-protector -fstack-protector-all -fPIC -I/root/telos/depends/x86_64-apple-darwin11/share/../include/  -DBOOST_SPIRIT_THREADSAFE -DHAVE_BUILD_INFO -D__STDC_FORMAT_MACROS -DMAC_OSX  -U_FORTIFY_SOURCE -D_FORTIFY_SOURCE=2 conftest.cpp >&5
conftest.cpp:46:16: fatal error: 'bdb48/db_cxx.h' file not found
      #include <bdb48/db_cxx.h>
               ^
1 error generated.
configure:22586: $? = 1
configure: failed program was:
| /* confdefs.h */
| #define PACKAGE_NAME "Transcendence Core"
| #define PACKAGE_TARNAME "transcendence"
| #define PACKAGE_VERSION "1.0.0"
| #define PACKAGE_STRING "Transcendence Core 1.0.0"
| #define PACKAGE_BUGREPORT "www.transcendence.org"
| #define PACKAGE_URL ""
| #define HAVE_CXX11 1
| #define STDC_HEADERS 1
| #define HAVE_SYS_TYPES_H 1
| #define HAVE_SYS_STAT_H 1
| #define HAVE_STDLIB_H 1
| #define HAVE_STRING_H 1
| #define HAVE_MEMORY_H 1
| #define HAVE_STRINGS_H 1
| #define HAVE_INTTYPES_H 1
| #define HAVE_STDINT_H 1
| #define HAVE_UNISTD_H 1
| #define HAVE_DLFCN_H 1
| #define LT_OBJDIR ".libs/"
| #define HAVE_PTHREAD_PRIO_INHERIT 1
| #define HAVE_PTHREAD 1
| #define HAVE_DECL_STRERROR_R 1
| #define HAVE_STRERROR_R 1
| #define HAVE_FUNC_ATTRIBUTE_VISIBILITY 1
| #define HAVE_STDIO_H 1
| #define HAVE_STDLIB_H 1
| #define HAVE_UNISTD_H 1
| #define HAVE_STRINGS_H 1
| #define HAVE_SYS_TYPES_H 1
| #define HAVE_SYS_STAT_H 1
| #define HAVE_SYS_SELECT_H 1
| #define HAVE_INET_PTON 1
| #define HAVE_DECL_STRNLEN 1
| #define HAVE_DECL_LE32TOH 0
| #define HAVE_DECL_LE64TOH 0
| #define HAVE_DECL_HTOLE32 0
| #define HAVE_DECL_HTOLE64 0
| #define HAVE_DECL_BE32TOH 0
| #define HAVE_DECL_BE64TOH 0
| #define HAVE_DECL_HTOBE32 0
| #define HAVE_DECL_HTOBE64 0
| #define HAVE_VISIBILITY_ATTRIBUTE 1
| /* end confdefs.h.  */
| 
|       #include <bdb48/db_cxx.h>
| 
| int
| main ()
| {
| 
|       #if !((DB_VERSION_MAJOR == 4 && DB_VERSION_MINOR >= 8) || DB_VERSION_MAJOR > 4)
|         #error "failed to find bdb 4.8+"
|       #endif
| 
|   ;
|   return 0;
| }
configure:22586: /root/telos/depends/x86_64-apple-darwin11/native/bin/clang++ -target x86_64-apple-darwin11 -mmacosx-version-min=10.8 --sysroot /root/telos/depends/SDKs/MacOSX10.11.sdk -mlinker-version=253.9 -stdlib=libc++ -std=c++11 -c -pipe -O2   -Wstack-protector -fstack-protector-all -fPIC -I/root/telos/depends/x86_64-apple-darwin11/share/../include/  -DBOOST_SPIRIT_THREADSAFE -DHAVE_BUILD_INFO -D__STDC_FORMAT_MACROS -DMAC_OSX  -U_FORTIFY_SOURCE -D_FORTIFY_SOURCE=2 conftest.cpp >&5
conftest.cpp:46:16: fatal error: 'libdb48/db_cxx.h' file not found
      #include <libdb48/db_cxx.h>
               ^
1 error generated.
configure:22586: $? = 1
configure: failed program was:
| /* confdefs.h */
| #define PACKAGE_NAME "Transcendence Core"
| #define PACKAGE_TARNAME "transcendence"
| #define PACKAGE_VERSION "1.0.0"
| #define PACKAGE_STRING "Transcendence Core 1.0.0"
| #define PACKAGE_BUGREPORT "www.transcendence.org"
| #define PACKAGE_URL ""
| #define HAVE_CXX11 1
| #define STDC_HEADERS 1
| #define HAVE_SYS_TYPES_H 1
| #define HAVE_SYS_STAT_H 1
| #define HAVE_STDLIB_H 1
| #define HAVE_STRING_H 1
| #define HAVE_MEMORY_H 1
| #define HAVE_STRINGS_H 1
| #define HAVE_INTTYPES_H 1
| #define HAVE_STDINT_H 1
| #define HAVE_UNISTD_H 1
| #define HAVE_DLFCN_H 1
| #define LT_OBJDIR ".libs/"
| #define HAVE_PTHREAD_PRIO_INHERIT 1
| #define HAVE_PTHREAD 1
| #define HAVE_DECL_STRERROR_R 1
| #define HAVE_STRERROR_R 1
| #define HAVE_FUNC_ATTRIBUTE_VISIBILITY 1
| #define HAVE_STDIO_H 1
| #define HAVE_STDLIB_H 1
| #define HAVE_UNISTD_H 1
| #define HAVE_STRINGS_H 1
| #define HAVE_SYS_TYPES_H 1
| #define HAVE_SYS_STAT_H 1
| #define HAVE_SYS_SELECT_H 1
| #define HAVE_INET_PTON 1
| #define HAVE_DECL_STRNLEN 1
| #define HAVE_DECL_LE32TOH 0
| #define HAVE_DECL_LE64TOH 0
| #define HAVE_DECL_HTOLE32 0
| #define HAVE_DECL_HTOLE64 0
| #define HAVE_DECL_BE32TOH 0
| #define HAVE_DECL_BE64TOH 0
| #define HAVE_DECL_HTOBE32 0
| #define HAVE_DECL_HTOBE64 0
| #define HAVE_VISIBILITY_ATTRIBUTE 1
| /* end confdefs.h.  */
| 
|       #include <libdb48/db_cxx.h>
| 
| int
| main ()
| {
| 
|       #if !((DB_VERSION_MAJOR == 4 && DB_VERSION_MINOR >= 8) || DB_VERSION_MAJOR > 4)
|         #error "failed to find bdb 4.8+"
|       #endif
| 
|   ;
|   return 0;
| }
configure:22586: /root/telos/depends/x86_64-apple-darwin11/native/bin/clang++ -target x86_64-apple-darwin11 -mmacosx-version-min=10.8 --sysroot /root/telos/depends/SDKs/MacOSX10.11.sdk -mlinker-version=253.9 -stdlib=libc++ -std=c++11 -c -pipe -O2   -Wstack-protector -fstack-protector-all -fPIC -I/root/telos/depends/x86_64-apple-darwin11/share/../include/  -DBOOST_SPIRIT_THREADSAFE -DHAVE_BUILD_INFO -D__STDC_FORMAT_MACROS -DMAC_OSX  -U_FORTIFY_SOURCE -D_FORTIFY_SOURCE=2 conftest.cpp >&5
conftest.cpp:46:16: fatal error: 'db48/db_cxx.h' file not found
      #include <db48/db_cxx.h>
               ^
1 error generated.
configure:22586: $? = 1
configure: failed program was:
| /* confdefs.h */
| #define PACKAGE_NAME "Transcendence Core"
| #define PACKAGE_TARNAME "transcendence"
| #define PACKAGE_VERSION "1.0.0"
| #define PACKAGE_STRING "Transcendence Core 1.0.0"
| #define PACKAGE_BUGREPORT "www.transcendence.org"
| #define PACKAGE_URL ""
| #define HAVE_CXX11 1
| #define STDC_HEADERS 1
| #define HAVE_SYS_TYPES_H 1
| #define HAVE_SYS_STAT_H 1
| #define HAVE_STDLIB_H 1
| #define HAVE_STRING_H 1
| #define HAVE_MEMORY_H 1
| #define HAVE_STRINGS_H 1
| #define HAVE_INTTYPES_H 1
| #define HAVE_STDINT_H 1
| #define HAVE_UNISTD_H 1
| #define HAVE_DLFCN_H 1
| #define LT_OBJDIR ".libs/"
| #define HAVE_PTHREAD_PRIO_INHERIT 1
| #define HAVE_PTHREAD 1
| #define HAVE_DECL_STRERROR_R 1
| #define HAVE_STRERROR_R 1
| #define HAVE_FUNC_ATTRIBUTE_VISIBILITY 1
| #define HAVE_STDIO_H 1
| #define HAVE_STDLIB_H 1
| #define HAVE_UNISTD_H 1
| #define HAVE_STRINGS_H 1
| #define HAVE_SYS_TYPES_H 1
| #define HAVE_SYS_STAT_H 1
| #define HAVE_SYS_SELECT_H 1
| #define HAVE_INET_PTON 1
| #define HAVE_DECL_STRNLEN 1
| #define HAVE_DECL_LE32TOH 0
| #define HAVE_DECL_LE64TOH 0
| #define HAVE_DECL_HTOLE32 0
| #define HAVE_DECL_HTOLE64 0
| #define HAVE_DECL_BE32TOH 0
| #define HAVE_DECL_BE64TOH 0
| #define HAVE_DECL_HTOBE32 0
| #define HAVE_DECL_HTOBE64 0
| #define HAVE_VISIBILITY_ATTRIBUTE 1
| /* end confdefs.h.  */
| 
|       #include <db48/db_cxx.h>
| 
| int
| main ()
| {
| 
|       #if !((DB_VERSION_MAJOR == 4 && DB_VERSION_MINOR >= 8) || DB_VERSION_MAJOR > 4)
|         #error "failed to find bdb 4.8+"
|       #endif
| 
|   ;
|   return 0;
| }
configure:22586: /root/telos/depends/x86_64-apple-darwin11/native/bin/clang++ -target x86_64-apple-darwin11 -mmacosx-version-min=10.8 --sysroot /root/telos/depends/SDKs/MacOSX10.11.sdk -mlinker-version=253.9 -stdlib=libc++ -std=c++11 -c -pipe -O2   -Wstack-protector -fstack-protector-all -fPIC -I/root/telos/depends/x86_64-apple-darwin11/share/../include/  -DBOOST_SPIRIT_THREADSAFE -DHAVE_BUILD_INFO -D__STDC_FORMAT_MACROS -DMAC_OSX  -U_FORTIFY_SOURCE -D_FORTIFY_SOURCE=2 conftest.cpp >&5
conftest.cpp:46:16: fatal error: 'bdb4/db_cxx.h' file not found
      #include <bdb4/db_cxx.h>
               ^
1 error generated.
configure:22586: $? = 1
configure: failed program was:
| /* confdefs.h */
| #define PACKAGE_NAME "Transcendence Core"
| #define PACKAGE_TARNAME "transcendence"
| #define PACKAGE_VERSION "1.0.0"
| #define PACKAGE_STRING "Transcendence Core 1.0.0"
| #define PACKAGE_BUGREPORT "www.transcendence.org"
| #define PACKAGE_URL ""
| #define HAVE_CXX11 1
| #define STDC_HEADERS 1
| #define HAVE_SYS_TYPES_H 1
| #define HAVE_SYS_STAT_H 1
| #define HAVE_STDLIB_H 1
| #define HAVE_STRING_H 1
| #define HAVE_MEMORY_H 1
| #define HAVE_STRINGS_H 1
| #define HAVE_INTTYPES_H 1
| #define HAVE_STDINT_H 1
| #define HAVE_UNISTD_H 1
| #define HAVE_DLFCN_H 1
| #define LT_OBJDIR ".libs/"
| #define HAVE_PTHREAD_PRIO_INHERIT 1
| #define HAVE_PTHREAD 1
| #define HAVE_DECL_STRERROR_R 1
| #define HAVE_STRERROR_R 1
| #define HAVE_FUNC_ATTRIBUTE_VISIBILITY 1
| #define HAVE_STDIO_H 1
| #define HAVE_STDLIB_H 1
| #define HAVE_UNISTD_H 1
| #define HAVE_STRINGS_H 1
| #define HAVE_SYS_TYPES_H 1
| #define HAVE_SYS_STAT_H 1
| #define HAVE_SYS_SELECT_H 1
| #define HAVE_INET_PTON 1
| #define HAVE_DECL_STRNLEN 1
| #define HAVE_DECL_LE32TOH 0
| #define HAVE_DECL_LE64TOH 0
| #define HAVE_DECL_HTOLE32 0
| #define HAVE_DECL_HTOLE64 0
| #define HAVE_DECL_BE32TOH 0
| #define HAVE_DECL_BE64TOH 0
| #define HAVE_DECL_HTOBE32 0
| #define HAVE_DECL_HTOBE64 0
| #define HAVE_VISIBILITY_ATTRIBUTE 1
| /* end confdefs.h.  */
| 
|       #include <bdb4/db_cxx.h>
| 
| int
| main ()
| {
| 
|       #if !((DB_VERSION_MAJOR == 4 && DB_VERSION_MINOR >= 8) || DB_VERSION_MAJOR > 4)
|         #error "failed to find bdb 4.8+"
|       #endif
| 
|   ;
|   return 0;
| }
configure:22586: /root/telos/depends/x86_64-apple-darwin11/native/bin/clang++ -target x86_64-apple-darwin11 -mmacosx-version-min=10.8 --sysroot /root/telos/depends/SDKs/MacOSX10.11.sdk -mlinker-version=253.9 -stdlib=libc++ -std=c++11 -c -pipe -O2   -Wstack-protector -fstack-protector-all -fPIC -I/root/telos/depends/x86_64-apple-darwin11/share/../include/  -DBOOST_SPIRIT_THREADSAFE -DHAVE_BUILD_INFO -D__STDC_FORMAT_MACROS -DMAC_OSX  -U_FORTIFY_SOURCE -D_FORTIFY_SOURCE=2 conftest.cpp >&5
conftest.cpp:46:16: fatal error: 'libdb4/db_cxx.h' file not found
      #include <libdb4/db_cxx.h>
               ^
1 error generated.
configure:22586: $? = 1
configure: failed program was:
| /* confdefs.h */
| #define PACKAGE_NAME "Transcendence Core"
| #define PACKAGE_TARNAME "transcendence"
| #define PACKAGE_VERSION "1.0.0"
| #define PACKAGE_STRING "Transcendence Core 1.0.0"
| #define PACKAGE_BUGREPORT "www.transcendence.org"
| #define PACKAGE_URL ""
| #define HAVE_CXX11 1
| #define STDC_HEADERS 1
| #define HAVE_SYS_TYPES_H 1
| #define HAVE_SYS_STAT_H 1
| #define HAVE_STDLIB_H 1
| #define HAVE_STRING_H 1
| #define HAVE_MEMORY_H 1
| #define HAVE_STRINGS_H 1
| #define HAVE_INTTYPES_H 1
| #define HAVE_STDINT_H 1
| #define HAVE_UNISTD_H 1
| #define HAVE_DLFCN_H 1
| #define LT_OBJDIR ".libs/"
| #define HAVE_PTHREAD_PRIO_INHERIT 1
| #define HAVE_PTHREAD 1
| #define HAVE_DECL_STRERROR_R 1
| #define HAVE_STRERROR_R 1
| #define HAVE_FUNC_ATTRIBUTE_VISIBILITY 1
| #define HAVE_STDIO_H 1
| #define HAVE_STDLIB_H 1
| #define HAVE_UNISTD_H 1
| #define HAVE_STRINGS_H 1
| #define HAVE_SYS_TYPES_H 1
| #define HAVE_SYS_STAT_H 1
| #define HAVE_SYS_SELECT_H 1
| #define HAVE_INET_PTON 1
| #define HAVE_DECL_STRNLEN 1
| #define HAVE_DECL_LE32TOH 0
| #define HAVE_DECL_LE64TOH 0
| #define HAVE_DECL_HTOLE32 0
| #define HAVE_DECL_HTOLE64 0
| #define HAVE_DECL_BE32TOH 0
| #define HAVE_DECL_BE64TOH 0
| #define HAVE_DECL_HTOBE32 0
| #define HAVE_DECL_HTOBE64 0
| #define HAVE_VISIBILITY_ATTRIBUTE 1
| /* end confdefs.h.  */
| 
|       #include <libdb4/db_cxx.h>
| 
| int
| main ()
| {
| 
|       #if !((DB_VERSION_MAJOR == 4 && DB_VERSION_MINOR >= 8) || DB_VERSION_MAJOR > 4)
|         #error "failed to find bdb 4.8+"
|       #endif
| 
|   ;
|   return 0;
| }
configure:22586: /root/telos/depends/x86_64-apple-darwin11/native/bin/clang++ -target x86_64-apple-darwin11 -mmacosx-version-min=10.8 --sysroot /root/telos/depends/SDKs/MacOSX10.11.sdk -mlinker-version=253.9 -stdlib=libc++ -std=c++11 -c -pipe -O2   -Wstack-protector -fstack-protector-all -fPIC -I/root/telos/depends/x86_64-apple-darwin11/share/../include/  -DBOOST_SPIRIT_THREADSAFE -DHAVE_BUILD_INFO -D__STDC_FORMAT_MACROS -DMAC_OSX  -U_FORTIFY_SOURCE -D_FORTIFY_SOURCE=2 conftest.cpp >&5
conftest.cpp:46:16: fatal error: 'db4/db_cxx.h' file not found
      #include <db4/db_cxx.h>
               ^
1 error generated.
configure:22586: $? = 1
configure: failed program was:
| /* confdefs.h */
| #define PACKAGE_NAME "Transcendence Core"
| #define PACKAGE_TARNAME "transcendence"
| #define PACKAGE_VERSION "1.0.0"
| #define PACKAGE_STRING "Transcendence Core 1.0.0"
| #define PACKAGE_BUGREPORT "www.transcendence.org"
| #define PACKAGE_URL ""
| #define HAVE_CXX11 1
| #define STDC_HEADERS 1
| #define HAVE_SYS_TYPES_H 1
| #define HAVE_SYS_STAT_H 1
| #define HAVE_STDLIB_H 1
| #define HAVE_STRING_H 1
| #define HAVE_MEMORY_H 1
| #define HAVE_STRINGS_H 1
| #define HAVE_INTTYPES_H 1
| #define HAVE_STDINT_H 1
| #define HAVE_UNISTD_H 1
| #define HAVE_DLFCN_H 1
| #define LT_OBJDIR ".libs/"
| #define HAVE_PTHREAD_PRIO_INHERIT 1
| #define HAVE_PTHREAD 1
| #define HAVE_DECL_STRERROR_R 1
| #define HAVE_STRERROR_R 1
| #define HAVE_FUNC_ATTRIBUTE_VISIBILITY 1
| #define HAVE_STDIO_H 1
| #define HAVE_STDLIB_H 1
| #define HAVE_UNISTD_H 1
| #define HAVE_STRINGS_H 1
| #define HAVE_SYS_TYPES_H 1
| #define HAVE_SYS_STAT_H 1
| #define HAVE_SYS_SELECT_H 1
| #define HAVE_INET_PTON 1
| #define HAVE_DECL_STRNLEN 1
| #define HAVE_DECL_LE32TOH 0
| #define HAVE_DECL_LE64TOH 0
| #define HAVE_DECL_HTOLE32 0
| #define HAVE_DECL_HTOLE64 0
| #define HAVE_DECL_BE32TOH 0
| #define HAVE_DECL_BE64TOH 0
| #define HAVE_DECL_HTOBE32 0
| #define HAVE_DECL_HTOBE64 0
| #define HAVE_VISIBILITY_ATTRIBUTE 1
| /* end confdefs.h.  */
| 
|       #include <db4/db_cxx.h>
| 
| int
| main ()
| {
| 
|       #if !((DB_VERSION_MAJOR == 4 && DB_VERSION_MINOR >= 8) || DB_VERSION_MAJOR > 4)
|         #error "failed to find bdb 4.8+"
|       #endif
| 
|   ;
|   return 0;
| }
configure:22586: /root/telos/depends/x86_64-apple-darwin11/native/bin/clang++ -target x86_64-apple-darwin11 -mmacosx-version-min=10.8 --sysroot /root/telos/depends/SDKs/MacOSX10.11.sdk -mlinker-version=253.9 -stdlib=libc++ -std=c++11 -c -pipe -O2   -Wstack-protector -fstack-protector-all -fPIC -I/root/telos/depends/x86_64-apple-darwin11/share/../include/  -DBOOST_SPIRIT_THREADSAFE -DHAVE_BUILD_INFO -D__STDC_FORMAT_MACROS -DMAC_OSX  -U_FORTIFY_SOURCE -D_FORTIFY_SOURCE=2 conftest.cpp >&5
conftest.cpp:46:16: fatal error: 'bdb5/db_cxx.h' file not found
      #include <bdb5/db_cxx.h>
               ^
1 error generated.
configure:22586: $? = 1
configure: failed program was:
| /* confdefs.h */
| #define PACKAGE_NAME "Transcendence Core"
| #define PACKAGE_TARNAME "transcendence"
| #define PACKAGE_VERSION "1.0.0"
| #define PACKAGE_STRING "Transcendence Core 1.0.0"
| #define PACKAGE_BUGREPORT "www.transcendence.org"
| #define PACKAGE_URL ""
| #define HAVE_CXX11 1
| #define STDC_HEADERS 1
| #define HAVE_SYS_TYPES_H 1
| #define HAVE_SYS_STAT_H 1
| #define HAVE_STDLIB_H 1
| #define HAVE_STRING_H 1
| #define HAVE_MEMORY_H 1
| #define HAVE_STRINGS_H 1
| #define HAVE_INTTYPES_H 1
| #define HAVE_STDINT_H 1
| #define HAVE_UNISTD_H 1
| #define HAVE_DLFCN_H 1
| #define LT_OBJDIR ".libs/"
| #define HAVE_PTHREAD_PRIO_INHERIT 1
| #define HAVE_PTHREAD 1
| #define HAVE_DECL_STRERROR_R 1
| #define HAVE_STRERROR_R 1
| #define HAVE_FUNC_ATTRIBUTE_VISIBILITY 1
| #define HAVE_STDIO_H 1
| #define HAVE_STDLIB_H 1
| #define HAVE_UNISTD_H 1
| #define HAVE_STRINGS_H 1
| #define HAVE_SYS_TYPES_H 1
| #define HAVE_SYS_STAT_H 1
| #define HAVE_SYS_SELECT_H 1
| #define HAVE_INET_PTON 1
| #define HAVE_DECL_STRNLEN 1
| #define HAVE_DECL_LE32TOH 0
| #define HAVE_DECL_LE64TOH 0
| #define HAVE_DECL_HTOLE32 0
| #define HAVE_DECL_HTOLE64 0
| #define HAVE_DECL_BE32TOH 0
| #define HAVE_DECL_BE64TOH 0
| #define HAVE_DECL_HTOBE32 0
| #define HAVE_DECL_HTOBE64 0
| #define HAVE_VISIBILITY_ATTRIBUTE 1
| /* end confdefs.h.  */
| 
|       #include <bdb5/db_cxx.h>
| 
| int
| main ()
| {
| 
|       #if !((DB_VERSION_MAJOR == 4 && DB_VERSION_MINOR >= 8) || DB_VERSION_MAJOR > 4)
|         #error "failed to find bdb 4.8+"
|       #endif
| 
|   ;
|   return 0;
| }
configure:22586: /root/telos/depends/x86_64-apple-darwin11/native/bin/clang++ -target x86_64-apple-darwin11 -mmacosx-version-min=10.8 --sysroot /root/telos/depends/SDKs/MacOSX10.11.sdk -mlinker-version=253.9 -stdlib=libc++ -std=c++11 -c -pipe -O2   -Wstack-protector -fstack-protector-all -fPIC -I/root/telos/depends/x86_64-apple-darwin11/share/../include/  -DBOOST_SPIRIT_THREADSAFE -DHAVE_BUILD_INFO -D__STDC_FORMAT_MACROS -DMAC_OSX  -U_FORTIFY_SOURCE -D_FORTIFY_SOURCE=2 conftest.cpp >&5
conftest.cpp:46:16: fatal error: 'libdb5/db_cxx.h' file not found
      #include <libdb5/db_cxx.h>
               ^
1 error generated.
configure:22586: $? = 1
configure: failed program was:
| /* confdefs.h */
| #define PACKAGE_NAME "Transcendence Core"
| #define PACKAGE_TARNAME "transcendence"
| #define PACKAGE_VERSION "1.0.0"
| #define PACKAGE_STRING "Transcendence Core 1.0.0"
| #define PACKAGE_BUGREPORT "www.transcendence.org"
| #define PACKAGE_URL ""
| #define HAVE_CXX11 1
| #define STDC_HEADERS 1
| #define HAVE_SYS_TYPES_H 1
| #define HAVE_SYS_STAT_H 1
| #define HAVE_STDLIB_H 1
| #define HAVE_STRING_H 1
| #define HAVE_MEMORY_H 1
| #define HAVE_STRINGS_H 1
| #define HAVE_INTTYPES_H 1
| #define HAVE_STDINT_H 1
| #define HAVE_UNISTD_H 1
| #define HAVE_DLFCN_H 1
| #define LT_OBJDIR ".libs/"
| #define HAVE_PTHREAD_PRIO_INHERIT 1
| #define HAVE_PTHREAD 1
| #define HAVE_DECL_STRERROR_R 1
| #define HAVE_STRERROR_R 1
| #define HAVE_FUNC_ATTRIBUTE_VISIBILITY 1
| #define HAVE_STDIO_H 1
| #define HAVE_STDLIB_H 1
| #define HAVE_UNISTD_H 1
| #define HAVE_STRINGS_H 1
| #define HAVE_SYS_TYPES_H 1
| #define HAVE_SYS_STAT_H 1
| #define HAVE_SYS_SELECT_H 1
| #define HAVE_INET_PTON 1
| #define HAVE_DECL_STRNLEN 1
| #define HAVE_DECL_LE32TOH 0
| #define HAVE_DECL_LE64TOH 0
| #define HAVE_DECL_HTOLE32 0
| #define HAVE_DECL_HTOLE64 0
| #define HAVE_DECL_BE32TOH 0
| #define HAVE_DECL_BE64TOH 0
| #define HAVE_DECL_HTOBE32 0
| #define HAVE_DECL_HTOBE64 0
| #define HAVE_VISIBILITY_ATTRIBUTE 1
| /* end confdefs.h.  */
| 
|       #include <libdb5/db_cxx.h>
| 
| int
| main ()
| {
| 
|       #if !((DB_VERSION_MAJOR == 4 && DB_VERSION_MINOR >= 8) || DB_VERSION_MAJOR > 4)
|         #error "failed to find bdb 4.8+"
|       #endif
| 
|   ;
|   return 0;
| }
configure:22586: /root/telos/depends/x86_64-apple-darwin11/native/bin/clang++ -target x86_64-apple-darwin11 -mmacosx-version-min=10.8 --sysroot /root/telos/depends/SDKs/MacOSX10.11.sdk -mlinker-version=253.9 -stdlib=libc++ -std=c++11 -c -pipe -O2   -Wstack-protector -fstack-protector-all -fPIC -I/root/telos/depends/x86_64-apple-darwin11/share/../include/  -DBOOST_SPIRIT_THREADSAFE -DHAVE_BUILD_INFO -D__STDC_FORMAT_MACROS -DMAC_OSX  -U_FORTIFY_SOURCE -D_FORTIFY_SOURCE=2 conftest.cpp >&5
conftest.cpp:46:16: fatal error: 'db5/db_cxx.h' file not found
      #include <db5/db_cxx.h>
               ^
1 error generated.
configure:22586: $? = 1
configure: failed program was:
| /* confdefs.h */
| #define PACKAGE_NAME "Transcendence Core"
| #define PACKAGE_TARNAME "transcendence"
| #define PACKAGE_VERSION "1.0.0"
| #define PACKAGE_STRING "Transcendence Core 1.0.0"
| #define PACKAGE_BUGREPORT "www.transcendence.org"
| #define PACKAGE_URL ""
| #define HAVE_CXX11 1
| #define STDC_HEADERS 1
| #define HAVE_SYS_TYPES_H 1
| #define HAVE_SYS_STAT_H 1
| #define HAVE_STDLIB_H 1
| #define HAVE_STRING_H 1
| #define HAVE_MEMORY_H 1
| #define HAVE_STRINGS_H 1
| #define HAVE_INTTYPES_H 1
| #define HAVE_STDINT_H 1
| #define HAVE_UNISTD_H 1
| #define HAVE_DLFCN_H 1
| #define LT_OBJDIR ".libs/"
| #define HAVE_PTHREAD_PRIO_INHERIT 1
| #define HAVE_PTHREAD 1
| #define HAVE_DECL_STRERROR_R 1
| #define HAVE_STRERROR_R 1
| #define HAVE_FUNC_ATTRIBUTE_VISIBILITY 1
| #define HAVE_STDIO_H 1
| #define HAVE_STDLIB_H 1
| #define HAVE_UNISTD_H 1
| #define HAVE_STRINGS_H 1
| #define HAVE_SYS_TYPES_H 1
| #define HAVE_SYS_STAT_H 1
| #define HAVE_SYS_SELECT_H 1
| #define HAVE_INET_PTON 1
| #define HAVE_DECL_STRNLEN 1
| #define HAVE_DECL_LE32TOH 0
| #define HAVE_DECL_LE64TOH 0
| #define HAVE_DECL_HTOLE32 0
| #define HAVE_DECL_HTOLE64 0
| #define HAVE_DECL_BE32TOH 0
| #define HAVE_DECL_BE64TOH 0
| #define HAVE_DECL_HTOBE32 0
| #define HAVE_DECL_HTOBE64 0
| #define HAVE_VISIBILITY_ATTRIBUTE 1
| /* end confdefs.h.  */
| 
|       #include <db5/db_cxx.h>
| 
| int
| main ()
| {
| 
|       #if !((DB_VERSION_MAJOR == 4 && DB_VERSION_MINOR >= 8) || DB_VERSION_MAJOR > 4)
|         #error "failed to find bdb 4.8+"
|       #endif
| 
|   ;
|   return 0;
| }
configure:22586: /root/telos/depends/x86_64-apple-darwin11/native/bin/clang++ -target x86_64-apple-darwin11 -mmacosx-version-min=10.8 --sysroot /root/telos/depends/SDKs/MacOSX10.11.sdk -mlinker-version=253.9 -stdlib=libc++ -std=c++11 -c -pipe -O2   -Wstack-protector -fstack-protector-all -fPIC -I/root/telos/depends/x86_64-apple-darwin11/share/../include/  -DBOOST_SPIRIT_THREADSAFE -DHAVE_BUILD_INFO -D__STDC_FORMAT_MACROS -DMAC_OSX  -U_FORTIFY_SOURCE -D_FORTIFY_SOURCE=2 conftest.cpp >&5
conftest.cpp:46:16: fatal error: 'bdb/db_cxx.h' file not found
      #include <bdb/db_cxx.h>
               ^
1 error generated.
configure:22586: $? = 1
configure: failed program was:
| /* confdefs.h */
| #define PACKAGE_NAME "Transcendence Core"
| #define PACKAGE_TARNAME "transcendence"
| #define PACKAGE_VERSION "1.0.0"
| #define PACKAGE_STRING "Transcendence Core 1.0.0"
| #define PACKAGE_BUGREPORT "www.transcendence.org"
| #define PACKAGE_URL ""
| #define HAVE_CXX11 1
| #define STDC_HEADERS 1
| #define HAVE_SYS_TYPES_H 1
| #define HAVE_SYS_STAT_H 1
| #define HAVE_STDLIB_H 1
| #define HAVE_STRING_H 1
| #define HAVE_MEMORY_H 1
| #define HAVE_STRINGS_H 1
| #define HAVE_INTTYPES_H 1
| #define HAVE_STDINT_H 1
| #define HAVE_UNISTD_H 1
| #define HAVE_DLFCN_H 1
| #define LT_OBJDIR ".libs/"
| #define HAVE_PTHREAD_PRIO_INHERIT 1
| #define HAVE_PTHREAD 1
| #define HAVE_DECL_STRERROR_R 1
| #define HAVE_STRERROR_R 1
| #define HAVE_FUNC_ATTRIBUTE_VISIBILITY 1
| #define HAVE_STDIO_H 1
| #define HAVE_STDLIB_H 1
| #define HAVE_UNISTD_H 1
| #define HAVE_STRINGS_H 1
| #define HAVE_SYS_TYPES_H 1
| #define HAVE_SYS_STAT_H 1
| #define HAVE_SYS_SELECT_H 1
| #define HAVE_INET_PTON 1
| #define HAVE_DECL_STRNLEN 1
| #define HAVE_DECL_LE32TOH 0
| #define HAVE_DECL_LE64TOH 0
| #define HAVE_DECL_HTOLE32 0
| #define HAVE_DECL_HTOLE64 0
| #define HAVE_DECL_BE32TOH 0
| #define HAVE_DECL_BE64TOH 0
| #define HAVE_DECL_HTOBE32 0
| #define HAVE_DECL_HTOBE64 0
| #define HAVE_VISIBILITY_ATTRIBUTE 1
| /* end confdefs.h.  */
| 
|       #include <bdb/db_cxx.h>
| 
| int
| main ()
| {
| 
|       #if !((DB_VERSION_MAJOR == 4 && DB_VERSION_MINOR >= 8) || DB_VERSION_MAJOR > 4)
|         #error "failed to find bdb 4.8+"
|       #endif
| 
|   ;
|   return 0;
| }
configure:22586: /root/telos/depends/x86_64-apple-darwin11/native/bin/clang++ -target x86_64-apple-darwin11 -mmacosx-version-min=10.8 --sysroot /root/telos/depends/SDKs/MacOSX10.11.sdk -mlinker-version=253.9 -stdlib=libc++ -std=c++11 -c -pipe -O2   -Wstack-protector -fstack-protector-all -fPIC -I/root/telos/depends/x86_64-apple-darwin11/share/../include/  -DBOOST_SPIRIT_THREADSAFE -DHAVE_BUILD_INFO -D__STDC_FORMAT_MACROS -DMAC_OSX  -U_FORTIFY_SOURCE -D_FORTIFY_SOURCE=2 conftest.cpp >&5
conftest.cpp:46:16: fatal error: 'libdb/db_cxx.h' file not found
      #include <libdb/db_cxx.h>
               ^
1 error generated.
configure:22586: $? = 1
configure: failed program was:
| /* confdefs.h */
| #define PACKAGE_NAME "Transcendence Core"
| #define PACKAGE_TARNAME "transcendence"
| #define PACKAGE_VERSION "1.0.0"
| #define PACKAGE_STRING "Transcendence Core 1.0.0"
| #define PACKAGE_BUGREPORT "www.transcendence.org"
| #define PACKAGE_URL ""
| #define HAVE_CXX11 1
| #define STDC_HEADERS 1
| #define HAVE_SYS_TYPES_H 1
| #define HAVE_SYS_STAT_H 1
| #define HAVE_STDLIB_H 1
| #define HAVE_STRING_H 1
| #define HAVE_MEMORY_H 1
| #define HAVE_STRINGS_H 1
| #define HAVE_INTTYPES_H 1
| #define HAVE_STDINT_H 1
| #define HAVE_UNISTD_H 1
| #define HAVE_DLFCN_H 1
| #define LT_OBJDIR ".libs/"
| #define HAVE_PTHREAD_PRIO_INHERIT 1
| #define HAVE_PTHREAD 1
| #define HAVE_DECL_STRERROR_R 1
| #define HAVE_STRERROR_R 1
| #define HAVE_FUNC_ATTRIBUTE_VISIBILITY 1
| #define HAVE_STDIO_H 1
| #define HAVE_STDLIB_H 1
| #define HAVE_UNISTD_H 1
| #define HAVE_STRINGS_H 1
| #define HAVE_SYS_TYPES_H 1
| #define HAVE_SYS_STAT_H 1
| #define HAVE_SYS_SELECT_H 1
| #define HAVE_INET_PTON 1
| #define HAVE_DECL_STRNLEN 1
| #define HAVE_DECL_LE32TOH 0
| #define HAVE_DECL_LE64TOH 0
| #define HAVE_DECL_HTOLE32 0
| #define HAVE_DECL_HTOLE64 0
| #define HAVE_DECL_BE32TOH 0
| #define HAVE_DECL_BE64TOH 0
| #define HAVE_DECL_HTOBE32 0
| #define HAVE_DECL_HTOBE64 0
| #define HAVE_VISIBILITY_ATTRIBUTE 1
| /* end confdefs.h.  */
| 
|       #include <libdb/db_cxx.h>
| 
| int
| main ()
| {
| 
|       #if !((DB_VERSION_MAJOR == 4 && DB_VERSION_MINOR >= 8) || DB_VERSION_MAJOR > 4)
|         #error "failed to find bdb 4.8+"
|       #endif
| 
|   ;
|   return 0;
| }
configure:22586: /root/telos/depends/x86_64-apple-darwin11/native/bin/clang++ -target x86_64-apple-darwin11 -mmacosx-version-min=10.8 --sysroot /root/telos/depends/SDKs/MacOSX10.11.sdk -mlinker-version=253.9 -stdlib=libc++ -std=c++11 -c -pipe -O2   -Wstack-protector -fstack-protector-all -fPIC -I/root/telos/depends/x86_64-apple-darwin11/share/../include/  -DBOOST_SPIRIT_THREADSAFE -DHAVE_BUILD_INFO -D__STDC_FORMAT_MACROS -DMAC_OSX  -U_FORTIFY_SOURCE -D_FORTIFY_SOURCE=2 conftest.cpp >&5
conftest.cpp:46:16: fatal error: 'db/db_cxx.h' file not found
      #include <db/db_cxx.h>
               ^
1 error generated.
configure:22586: $? = 1
configure: failed program was:
| /* confdefs.h */
| #define PACKAGE_NAME "Transcendence Core"
| #define PACKAGE_TARNAME "transcendence"
| #define PACKAGE_VERSION "1.0.0"
| #define PACKAGE_STRING "Transcendence Core 1.0.0"
| #define PACKAGE_BUGREPORT "www.transcendence.org"
| #define PACKAGE_URL ""
| #define HAVE_CXX11 1
| #define STDC_HEADERS 1
| #define HAVE_SYS_TYPES_H 1
| #define HAVE_SYS_STAT_H 1
| #define HAVE_STDLIB_H 1
| #define HAVE_STRING_H 1
| #define HAVE_MEMORY_H 1
| #define HAVE_STRINGS_H 1
| #define HAVE_INTTYPES_H 1
| #define HAVE_STDINT_H 1
| #define HAVE_UNISTD_H 1
| #define HAVE_DLFCN_H 1
| #define LT_OBJDIR ".libs/"
| #define HAVE_PTHREAD_PRIO_INHERIT 1
| #define HAVE_PTHREAD 1
| #define HAVE_DECL_STRERROR_R 1
| #define HAVE_STRERROR_R 1
| #define HAVE_FUNC_ATTRIBUTE_VISIBILITY 1
| #define HAVE_STDIO_H 1
| #define HAVE_STDLIB_H 1
| #define HAVE_UNISTD_H 1
| #define HAVE_STRINGS_H 1
| #define HAVE_SYS_TYPES_H 1
| #define HAVE_SYS_STAT_H 1
| #define HAVE_SYS_SELECT_H 1
| #define HAVE_INET_PTON 1
| #define HAVE_DECL_STRNLEN 1
| #define HAVE_DECL_LE32TOH 0
| #define HAVE_DECL_LE64TOH 0
| #define HAVE_DECL_HTOLE32 0
| #define HAVE_DECL_HTOLE64 0
| #define HAVE_DECL_BE32TOH 0
| #define HAVE_DECL_BE64TOH 0
| #define HAVE_DECL_HTOBE32 0
| #define HAVE_DECL_HTOBE64 0
| #define HAVE_VISIBILITY_ATTRIBUTE 1
| /* end confdefs.h.  */
| 
|       #include <db/db_cxx.h>
| 
| int
| main ()
| {
| 
|       #if !((DB_VERSION_MAJOR == 4 && DB_VERSION_MINOR >= 8) || DB_VERSION_MAJOR > 4)
|         #error "failed to find bdb 4.8+"
|       #endif
| 
|   ;
|   return 0;
| }
configure:22586: /root/telos/depends/x86_64-apple-darwin11/native/bin/clang++ -target x86_64-apple-darwin11 -mmacosx-version-min=10.8 --sysroot /root/telos/depends/SDKs/MacOSX10.11.sdk -mlinker-version=253.9 -stdlib=libc++ -std=c++11 -c -pipe -O2   -Wstack-protector -fstack-protector-all -fPIC -I/root/telos/depends/x86_64-apple-darwin11/share/../include/  -DBOOST_SPIRIT_THREADSAFE -DHAVE_BUILD_INFO -D__STDC_FORMAT_MACROS -DMAC_OSX  -U_FORTIFY_SOURCE -D_FORTIFY_SOURCE=2 conftest.cpp >&5
configure:22586: $? = 0
configure:22615: /root/telos/depends/x86_64-apple-darwin11/native/bin/clang++ -target x86_64-apple-darwin11 -mmacosx-version-min=10.8 --sysroot /root/telos/depends/SDKs/MacOSX10.11.sdk -mlinker-version=253.9 -stdlib=libc++ -std=c++11 -c -pipe -O2   -Wstack-protector -fstack-protector-all -fPIC -I/root/telos/depends/x86_64-apple-darwin11/share/../include/  -DBOOST_SPIRIT_THREADSAFE -DHAVE_BUILD_INFO -D__STDC_FORMAT_MACROS -DMAC_OSX  -U_FORTIFY_SOURCE -D_FORTIFY_SOURCE=2 conftest.cpp >&5
configure:22615: $? = 0
configure:22658: result: default
configure:22677: checking for main in -ldb_cxx-4.8
configure:22696: /root/telos/depends/x86_64-apple-darwin11/native/bin/clang++ -target x86_64-apple-darwin11 -mmacosx-version-min=10.8 --sysroot /root/telos/depends/SDKs/MacOSX10.11.sdk -mlinker-version=253.9 -stdlib=libc++ -std=c++11 -o conftest -pipe -O2   -Wstack-protector -fstack-protector-all -fPIC -I/root/telos/depends/x86_64-apple-darwin11/share/../include/  -DBOOST_SPIRIT_THREADSAFE -DHAVE_BUILD_INFO -D__STDC_FORMAT_MACROS -DMAC_OSX  -U_FORTIFY_SOURCE -D_FORTIFY_SOURCE=2 -L/root/telos/depends/x86_64-apple-darwin11/share/../lib  -Wl,-headerpad_max_install_names  -Wl,-dead_strip conftest.cpp -ldb_cxx-4.8   >&5
configure:22696: $? = 0
configure:22706: result: yes
configure:22727: checking miniupnpc/miniwget.h usability
configure:22727: /root/telos/depends/x86_64-apple-darwin11/native/bin/clang++ -target x86_64-apple-darwin11 -mmacosx-version-min=10.8 --sysroot /root/telos/depends/SDKs/MacOSX10.11.sdk -mlinker-version=253.9 -stdlib=libc++ -std=c++11 -c -pipe -O2   -Wstack-protector -fstack-protector-all -fPIC -I/root/telos/depends/x86_64-apple-darwin11/share/../include/  -DBOOST_SPIRIT_THREADSAFE -DHAVE_BUILD_INFO -D__STDC_FORMAT_MACROS -DMAC_OSX  -U_FORTIFY_SOURCE -D_FORTIFY_SOURCE=2 conftest.cpp >&5
configure:22727: $? = 0
configure:22727: result: yes
configure:22727: checking miniupnpc/miniwget.h presence
configure:22727: /root/telos/depends/x86_64-apple-darwin11/native/bin/clang++ -target x86_64-apple-darwin11 -mmacosx-version-min=10.8 --sysroot /root/telos/depends/SDKs/MacOSX10.11.sdk -mlinker-version=253.9 -stdlib=libc++ -std=c++11 -E -I/root/telos/depends/x86_64-apple-darwin11/share/../include/  -DBOOST_SPIRIT_THREADSAFE -DHAVE_BUILD_INFO -D__STDC_FORMAT_MACROS -DMAC_OSX  -U_FORTIFY_SOURCE -D_FORTIFY_SOURCE=2 conftest.cpp
configure:22727: $? = 0
configure:22727: result: yes
configure:22727: checking for miniupnpc/miniwget.h
configure:22727: result: yes
configure:22732: checking for main in -lminiupnpc
configure:22751: /root/telos/depends/x86_64-apple-darwin11/native/bin/clang++ -target x86_64-apple-darwin11 -mmacosx-version-min=10.8 --sysroot /root/telos/depends/SDKs/MacOSX10.11.sdk -mlinker-version=253.9 -stdlib=libc++ -std=c++11 -o conftest -pipe -O2   -Wstack-protector -fstack-protector-all -fPIC -I/root/telos/depends/x86_64-apple-darwin11/share/../include/  -DBOOST_SPIRIT_THREADSAFE -DHAVE_BUILD_INFO -D__STDC_FORMAT_MACROS -DMAC_OSX  -U_FORTIFY_SOURCE -D_FORTIFY_SOURCE=2 -L/root/telos/depends/x86_64-apple-darwin11/share/../lib  -Wl,-headerpad_max_install_names  -Wl,-dead_strip conftest.cpp -lminiupnpc   >&5
configure:22751: $? = 0
configure:22760: result: yes
configure:22727: checking miniupnpc/miniupnpc.h usability
configure:22727: /root/telos/depends/x86_64-apple-darwin11/native/bin/clang++ -target x86_64-apple-darwin11 -mmacosx-version-min=10.8 --sysroot /root/telos/depends/SDKs/MacOSX10.11.sdk -mlinker-version=253.9 -stdlib=libc++ -std=c++11 -c -pipe -O2   -Wstack-protector -fstack-protector-all -fPIC -I/root/telos/depends/x86_64-apple-darwin11/share/../include/  -DBOOST_SPIRIT_THREADSAFE -DHAVE_BUILD_INFO -D__STDC_FORMAT_MACROS -DMAC_OSX  -U_FORTIFY_SOURCE -D_FORTIFY_SOURCE=2 conftest.cpp >&5
configure:22727: $? = 0
configure:22727: result: yes
configure:22727: checking miniupnpc/miniupnpc.h presence
configure:22727: /root/telos/depends/x86_64-apple-darwin11/native/bin/clang++ -target x86_64-apple-darwin11 -mmacosx-version-min=10.8 --sysroot /root/telos/depends/SDKs/MacOSX10.11.sdk -mlinker-version=253.9 -stdlib=libc++ -std=c++11 -E -I/root/telos/depends/x86_64-apple-darwin11/share/../include/  -DBOOST_SPIRIT_THREADSAFE -DHAVE_BUILD_INFO -D__STDC_FORMAT_MACROS -DMAC_OSX  -U_FORTIFY_SOURCE -D_FORTIFY_SOURCE=2 conftest.cpp
configure:22727: $? = 0
configure:22727: result: yes
configure:22727: checking for miniupnpc/miniupnpc.h
configure:22727: result: yes
configure:22732: checking for main in -lminiupnpc
configure:22760: result: yes
configure:22727: checking miniupnpc/upnpcommands.h usability
configure:22727: /root/telos/depends/x86_64-apple-darwin11/native/bin/clang++ -target x86_64-apple-darwin11 -mmacosx-version-min=10.8 --sysroot /root/telos/depends/SDKs/MacOSX10.11.sdk -mlinker-version=253.9 -stdlib=libc++ -std=c++11 -c -pipe -O2   -Wstack-protector -fstack-protector-all -fPIC -I/root/telos/depends/x86_64-apple-darwin11/share/../include/  -DBOOST_SPIRIT_THREADSAFE -DHAVE_BUILD_INFO -D__STDC_FORMAT_MACROS -DMAC_OSX  -U_FORTIFY_SOURCE -D_FORTIFY_SOURCE=2 conftest.cpp >&5
configure:22727: $? = 0
configure:22727: result: yes
configure:22727: checking miniupnpc/upnpcommands.h presence
configure:22727: /root/telos/depends/x86_64-apple-darwin11/native/bin/clang++ -target x86_64-apple-darwin11 -mmacosx-version-min=10.8 --sysroot /root/telos/depends/SDKs/MacOSX10.11.sdk -mlinker-version=253.9 -stdlib=libc++ -std=c++11 -E -I/root/telos/depends/x86_64-apple-darwin11/share/../include/  -DBOOST_SPIRIT_THREADSAFE -DHAVE_BUILD_INFO -D__STDC_FORMAT_MACROS -DMAC_OSX  -U_FORTIFY_SOURCE -D_FORTIFY_SOURCE=2 conftest.cpp
configure:22727: $? = 0
configure:22727: result: yes
configure:22727: checking for miniupnpc/upnpcommands.h
configure:22727: result: yes
configure:22732: checking for main in -lminiupnpc
configure:22760: result: yes
configure:22727: checking miniupnpc/upnperrors.h usability
configure:22727: /root/telos/depends/x86_64-apple-darwin11/native/bin/clang++ -target x86_64-apple-darwin11 -mmacosx-version-min=10.8 --sysroot /root/telos/depends/SDKs/MacOSX10.11.sdk -mlinker-version=253.9 -stdlib=libc++ -std=c++11 -c -pipe -O2   -Wstack-protector -fstack-protector-all -fPIC -I/root/telos/depends/x86_64-apple-darwin11/share/../include/  -DBOOST_SPIRIT_THREADSAFE -DHAVE_BUILD_INFO -D__STDC_FORMAT_MACROS -DMAC_OSX  -U_FORTIFY_SOURCE -D_FORTIFY_SOURCE=2 conftest.cpp >&5
configure:22727: $? = 0
configure:22727: result: yes
configure:22727: checking miniupnpc/upnperrors.h presence
configure:22727: /root/telos/depends/x86_64-apple-darwin11/native/bin/clang++ -target x86_64-apple-darwin11 -mmacosx-version-min=10.8 --sysroot /root/telos/depends/SDKs/MacOSX10.11.sdk -mlinker-version=253.9 -stdlib=libc++ -std=c++11 -E -I/root/telos/depends/x86_64-apple-darwin11/share/../include/  -DBOOST_SPIRIT_THREADSAFE -DHAVE_BUILD_INFO -D__STDC_FORMAT_MACROS -DMAC_OSX  -U_FORTIFY_SOURCE -D_FORTIFY_SOURCE=2 conftest.cpp
configure:22727: $? = 0
configure:22727: result: yes
configure:22727: checking for miniupnpc/upnperrors.h
configure:22727: result: yes
configure:22732: checking for main in -lminiupnpc
configure:22760: result: yes
configure:22870: checking for QT
configure:22877: $PKG_CONFIG --exists --print-errors "$qt5_modules"
configure:22880: $? = 0
configure:22894: $PKG_CONFIG --exists --print-errors "$qt5_modules"
configure:22897: $? = 0
configure:22935: result: yes
configure:23187: checking for QT_TEST
configure:23194: $PKG_CONFIG --exists --print-errors "${QT_LIB_PREFIX}Test"
configure:23197: $? = 0
configure:23211: $PKG_CONFIG --exists --print-errors "${QT_LIB_PREFIX}Test"
configure:23214: $? = 0
configure:23252: result: yes
configure:23259: checking for QT_DBUS
configure:23266: $PKG_CONFIG --exists --print-errors "${QT_LIB_PREFIX}DBus"
configure:23269: $? = 0
configure:23283: $PKG_CONFIG --exists --print-errors "${QT_LIB_PREFIX}DBus"
configure:23286: $? = 0
configure:23324: result: yes
configure:24291: checking for static Qt
configure:24314: /root/telos/depends/x86_64-apple-darwin11/native/bin/clang++ -target x86_64-apple-darwin11 -mmacosx-version-min=10.8 --sysroot /root/telos/depends/SDKs/MacOSX10.11.sdk -mlinker-version=253.9 -stdlib=libc++ -std=c++11 -c  -pipe -O2   -Wstack-protector -fstack-protector-all -fPIC -I/root/telos/depends/x86_64-apple-darwin11/include/QtNetwork -I/root/telos/depends/x86_64-apple-darwin11/include/QtWidgets -I/root/telos/depends/x86_64-apple-darwin11/include/QtGui -I/root/telos/depends/x86_64-apple-darwin11/include/QtCore -I/root/telos/depends/x86_64-apple-darwin11/share/../include/  -DBOOST_SPIRIT_THREADSAFE -DHAVE_BUILD_INFO -D__STDC_FORMAT_MACROS -DMAC_OSX  -U_FORTIFY_SOURCE -D_FORTIFY_SOURCE=2 conftest.cpp >&5
configure:24314: $? = 0
configure:24322: result: yes
configure:24343: checking for QTPLATFORM
configure:24350: $PKG_CONFIG --exists --print-errors "Qt5PlatformSupport"
configure:24353: $? = 0
configure:24367: $PKG_CONFIG --exists --print-errors "Qt5PlatformSupport"
configure:24370: $? = 0
configure:24428: result: yes
configure:24620: checking for QTPRINT
configure:24627: $PKG_CONFIG --exists --print-errors "Qt5PrintSupport"
configure:24630: $? = 0
configure:24644: $PKG_CONFIG --exists --print-errors "Qt5PrintSupport"
configure:24647: $? = 0
configure:24705: result: yes
configure:24819: checking for Qt < 5.4
configure:24839: /root/telos/depends/x86_64-apple-darwin11/native/bin/clang++ -target x86_64-apple-darwin11 -mmacosx-version-min=10.8 --sysroot /root/telos/depends/SDKs/MacOSX10.11.sdk -mlinker-version=253.9 -stdlib=libc++ -std=c++11 -c  -pipe -O2   -Wstack-protector -fstack-protector-all -fPIC -I/root/telos/depends/x86_64-apple-darwin11/include/QtNetwork -I/root/telos/depends/x86_64-apple-darwin11/include/QtWidgets -I/root/telos/depends/x86_64-apple-darwin11/include/QtGui -I/root/telos/depends/x86_64-apple-darwin11/include/QtCore -I/root/telos/depends/x86_64-apple-darwin11/share/../include/  -DBOOST_SPIRIT_THREADSAFE -DHAVE_BUILD_INFO -D__STDC_FORMAT_MACROS -DMAC_OSX  -U_FORTIFY_SOURCE -D_FORTIFY_SOURCE=2 conftest.cpp >&5
conftest.cpp:56:11: error: use of undeclared identifier 'choke'
          choke;
          ^
1 error generated.
configure:24839: $? = 1
configure: failed program was:
| /* confdefs.h */
| #define PACKAGE_NAME "Transcendence Core"
| #define PACKAGE_TARNAME "transcendence"
| #define PACKAGE_VERSION "1.0.0"
| #define PACKAGE_STRING "Transcendence Core 1.0.0"
| #define PACKAGE_BUGREPORT "www.transcendence.org"
| #define PACKAGE_URL ""
| #define HAVE_CXX11 1
| #define STDC_HEADERS 1
| #define HAVE_SYS_TYPES_H 1
| #define HAVE_SYS_STAT_H 1
| #define HAVE_STDLIB_H 1
| #define HAVE_STRING_H 1
| #define HAVE_MEMORY_H 1
| #define HAVE_STRINGS_H 1
| #define HAVE_INTTYPES_H 1
| #define HAVE_STDINT_H 1
| #define HAVE_UNISTD_H 1
| #define HAVE_DLFCN_H 1
| #define LT_OBJDIR ".libs/"
| #define HAVE_PTHREAD_PRIO_INHERIT 1
| #define HAVE_PTHREAD 1
| #define HAVE_DECL_STRERROR_R 1
| #define HAVE_STRERROR_R 1
| #define HAVE_FUNC_ATTRIBUTE_VISIBILITY 1
| #define HAVE_STDIO_H 1
| #define HAVE_STDLIB_H 1
| #define HAVE_UNISTD_H 1
| #define HAVE_STRINGS_H 1
| #define HAVE_SYS_TYPES_H 1
| #define HAVE_SYS_STAT_H 1
| #define HAVE_SYS_SELECT_H 1
| #define HAVE_INET_PTON 1
| #define HAVE_DECL_STRNLEN 1
| #define HAVE_DECL_LE32TOH 0
| #define HAVE_DECL_LE64TOH 0
| #define HAVE_DECL_HTOLE32 0
| #define HAVE_DECL_HTOLE64 0
| #define HAVE_DECL_BE32TOH 0
| #define HAVE_DECL_BE64TOH 0
| #define HAVE_DECL_HTOBE32 0
| #define HAVE_DECL_HTOBE64 0
| #define HAVE_VISIBILITY_ATTRIBUTE 1
| #define HAVE_MINIUPNPC_MINIWGET_H 1
| #define HAVE_MINIUPNPC_MINIUPNPC_H 1
| #define HAVE_MINIUPNPC_UPNPCOMMANDS_H 1
| #define HAVE_MINIUPNPC_UPNPERRORS_H 1
| #define QT_STATICPLUGIN 1
| /* end confdefs.h.  */
| #include <QtCore>
| int
| main ()
| {
| 
|           #if QT_VERSION >= 0x050400
|           choke;
|           #endif
| 
|   ;
|   return 0;
| }
configure:24847: result: no
configure:24983: checking whether the linker accepts -framework IOKit
configure:25002: /root/telos/depends/x86_64-apple-darwin11/native/bin/clang++ -target x86_64-apple-darwin11 -mmacosx-version-min=10.8 --sysroot /root/telos/depends/SDKs/MacOSX10.11.sdk -mlinker-version=253.9 -stdlib=libc++ -std=c++11 -o conftest  -pipe -O2   -Wstack-protector -fstack-protector-all -fPIC -I/root/telos/depends/x86_64-apple-darwin11/include/QtNetwork -I/root/telos/depends/x86_64-apple-darwin11/include/QtWidgets -I/root/telos/depends/x86_64-apple-darwin11/include/QtGui -I/root/telos/depends/x86_64-apple-darwin11/include/QtCore -I/root/telos/depends/x86_64-apple-darwin11/share/../include/  -DBOOST_SPIRIT_THREADSAFE -DHAVE_BUILD_INFO -D__STDC_FORMAT_MACROS -DMAC_OSX  -U_FORTIFY_SOURCE -D_FORTIFY_SOURCE=2 -L/root/telos/depends/x86_64-apple-darwin11/share/../lib  -Wl,-headerpad_max_install_names  -Wl,-dead_strip  -framework IOKit conftest.cpp  >&5
configure:25002: $? = 0
configure:25011: result: yes
configure:25020: checking for static Qt plugins: -lqcocoa
configure:25038: /root/telos/depends/x86_64-apple-darwin11/native/bin/clang++ -target x86_64-apple-darwin11 -mmacosx-version-min=10.8 --sysroot /root/telos/depends/SDKs/MacOSX10.11.sdk -mlinker-version=253.9 -stdlib=libc++ -std=c++11 -o conftest  -pipe -O2   -Wstack-protector -fstack-protector-all -fPIC -I/root/telos/depends/x86_64-apple-darwin11/include/QtNetwork -I/root/telos/depends/x86_64-apple-darwin11/include/QtWidgets -I/root/telos/depends/x86_64-apple-darwin11/include/QtGui -I/root/telos/depends/x86_64-apple-darwin11/include/QtCore -I/root/telos/depends/x86_64-apple-darwin11/share/../include/  -DBOOST_SPIRIT_THREADSAFE -DHAVE_BUILD_INFO -D__STDC_FORMAT_MACROS -DMAC_OSX  -U_FORTIFY_SOURCE -D_FORTIFY_SOURCE=2 -L/root/telos/depends/x86_64-apple-darwin11/share/../lib  -Wl,-headerpad_max_install_names  -Wl,-dead_strip conftest.cpp -lqcocoa -L/root/telos/depends/x86_64-apple-darwin11/lib -lQt5PrintSupport -lQt5Widgets -framework DiskArbitration -framework IOKit -framework Foundation -framework CoreServices -framework AppKit -framework ApplicationServices -framework CoreFoundation -framework OpenGL -framework AGL -framework Carbon -lQt5Gui -lqtpng -lqtharfbuzzng -lQt5Core -lz -lqtpcre -lm -framework AppKit -framework OpenGL -framework AGL -lQt5Widgets -lQt5Gui -framework DiskArbitration -framework IOKit -framework Foundation -framework CoreServices -framework AppKit -framework ApplicationServices -framework CoreFoundation -lqtpng -lqtharfbuzzng -framework OpenGL -framework AGL -lQt5Core -lz -lqtpcre -lm -framework AppKit -lz -framework Carbon -framework OpenGL -framework AGL -lQt5Gui -lQt5Core -framework DiskArbitration -framework IOKit -lz -lqtpcre -lm -framework Foundation -framework CoreServices -framework AppKit -framework ApplicationServices -framework CoreFoundation -framework AppKit -framework Foundation -lqtpng -lqtharfbuzzng -framework ApplicationServices -lz -framework OpenGL -framework AGL -lQt5Core -framework DiskArbitration -framework IOKit -lz -lqtpcre -lm -framework Foundation -framework CoreServices -framework AppKit -framework ApplicationServices -framework CoreFoundation -L/root/telos/depends/x86_64-apple-darwin11/lib -lQt5PlatformSupport -lQt5Gui -framework DiskArbitration -framework IOKit -framework Foundation -framework CoreServices -framework AppKit -framework ApplicationServices -framework CoreFoundation -lqtpng -lqtharfbuzzng -framework OpenGL -framework AGL -lQt5Core -lz -lqtpcre -lm -lz -framework AppKit -framework OpenGL -framework ApplicationServices -framework AGL -lQt5Gui -lQt5Core -framework DiskArbitration -framework IOKit -lz -lqtpcre -lm -framework Foundation -framework CoreServices -framework AppKit -framework ApplicationServices -framework CoreFoundation -framework AppKit -framework Foundation -lqtpng -lqtharfbuzzng -framework ApplicationServices -lz -framework OpenGL -framework AGL -lQt5Core -framework DiskArbitration -framework IOKit -lz -lqtpcre -lm -framework Foundation -framework CoreServices -framework AppKit -framework ApplicationServices -framework CoreFoundation -L/root/telos/depends/x86_64-apple-darwin11/lib -lQt5Network -lQt5Core -framework DiskArbitration -framework IOKit -lz -lqtpcre -lm -framework Foundation -framework CoreServices -framework AppKit -framework ApplicationServices -framework CoreFoundation -framework Security -lz -framework SystemConfiguration -framework CoreFoundation -framework CoreServices -lssl -lcrypto -lQt5Widgets -lQt5Gui -framework DiskArbitration -framework IOKit -framework Foundation -framework CoreServices -framework AppKit -framework ApplicationServices -framework CoreFoundation -lqtpng -lqtharfbuzzng -framework OpenGL -framework AGL -lQt5Core -lz -lqtpcre -lm -framework AppKit -lz -framework Carbon -framework OpenGL -framework AGL -lQt5Gui -lQt5Core -framework DiskArbitration -framework IOKit -lz -lqtpcre -lm -framework Foundation -framework CoreServices -framework AppKit -framework ApplicationServices -framework CoreFoundation -framework AppKit -framework Foundation -lqtpng -lqtharfbuzzng -framework ApplicationServices -lz -framework OpenGL -framework AGL -lQt5Core -framework DiskArbitration -framework IOKit -lz -lqtpcre -lm -framework Foundation -framework CoreServices -framework AppKit -framework ApplicationServices -framework CoreFoundation -L/root/telos/depends/x86_64-apple-darwin11/share/../plugins/platforms -framework IOKit  >&5
conftest.cpp:51:13: warning: 'QT_STATICPLUGIN' macro redefined [-Wmacro-redefined]
    #define QT_STATICPLUGIN
            ^
conftest.cpp:48:9: note: previous definition is here
#define QT_STATICPLUGIN 1
        ^
1 warning generated.
configure:25038: $? = 0
configure:25039: result: yes
configure:25138: checking whether -fPIE can be used with this Qt config
configure:25159: /root/telos/depends/x86_64-apple-darwin11/native/bin/clang++ -target x86_64-apple-darwin11 -mmacosx-version-min=10.8 --sysroot /root/telos/depends/SDKs/MacOSX10.11.sdk -mlinker-version=253.9 -stdlib=libc++ -std=c++11 -c  -pipe -O2   -Wstack-protector -fstack-protector-all -fPIC -I/root/telos/depends/x86_64-apple-darwin11/include/QtNetwork -I/root/telos/depends/x86_64-apple-darwin11/include/QtWidgets -I/root/telos/depends/x86_64-apple-darwin11/include/QtGui -I/root/telos/depends/x86_64-apple-darwin11/include/QtCore -I/root/telos/depends/x86_64-apple-darwin11/share/../include/  -DBOOST_SPIRIT_THREADSAFE -DHAVE_BUILD_INFO -D__STDC_FORMAT_MACROS -DMAC_OSX  -U_FORTIFY_SOURCE -D_FORTIFY_SOURCE=2 -DHAVE_QT5 conftest.cpp >&5
configure:25159: $? = 0
configure:25160: result: yes
configure:25228: checking for moc-qt5
configure:25261: result: no
configure:25228: checking for moc5
configure:25261: result: no
configure:25228: checking for moc
configure:25246: found /root/telos/depends/x86_64-apple-darwin11/share/../native/bin/moc
configure:25258: result: /root/telos/depends/x86_64-apple-darwin11/share/../native/bin/moc
configure:25347: checking for uic-qt5
configure:25380: result: no
configure:25347: checking for uic5
configure:25380: result: no
configure:25347: checking for uic
configure:25365: found /root/telos/depends/x86_64-apple-darwin11/share/../native/bin/uic
configure:25377: result: /root/telos/depends/x86_64-apple-darwin11/share/../native/bin/uic
configure:25466: checking for rcc-qt5
configure:25499: result: no
configure:25466: checking for rcc5
configure:25499: result: no
configure:25466: checking for rcc
configure:25484: found /root/telos/depends/x86_64-apple-darwin11/share/../native/bin/rcc
configure:25496: result: /root/telos/depends/x86_64-apple-darwin11/share/../native/bin/rcc
configure:25585: checking for lrelease-qt5
configure:25618: result: no
configure:25585: checking for lrelease5
configure:25618: result: no
configure:25585: checking for lrelease
configure:25603: found /root/telos/depends/x86_64-apple-darwin11/share/../native/bin/lrelease
configure:25615: result: /root/telos/depends/x86_64-apple-darwin11/share/../native/bin/lrelease
configure:25704: checking for lupdate-qt5
configure:25737: result: no
configure:25704: checking for lupdate5
configure:25737: result: no
configure:25704: checking for lupdate
configure:25737: result: no
configure:25824: checking whether the linker accepts -framework Foundation -framework ApplicationServices -framework AppKit
configure:25843: /root/telos/depends/x86_64-apple-darwin11/native/bin/clang++ -target x86_64-apple-darwin11 -mmacosx-version-min=10.8 --sysroot /root/telos/depends/SDKs/MacOSX10.11.sdk -mlinker-version=253.9 -stdlib=libc++ -std=c++11 -o conftest -pipe -O2   -Wstack-protector -fstack-protector-all -fPIC -I/root/telos/depends/x86_64-apple-darwin11/share/../include/  -DBOOST_SPIRIT_THREADSAFE -DHAVE_BUILD_INFO -D__STDC_FORMAT_MACROS -DMAC_OSX  -U_FORTIFY_SOURCE -D_FORTIFY_SOURCE=2 -DHAVE_QT5 -L/root/telos/depends/x86_64-apple-darwin11/share/../lib  -Wl,-headerpad_max_install_names  -Wl,-dead_strip  -framework Foundation -framework ApplicationServices -framework AppKit conftest.cpp  >&5
configure:25843: $? = 0
configure:25853: result: yes
configure:25919: checking whether to build Transcendence Core GUI
configure:25938: WARNING: "lupdate is required to update qt translations"
configure:25949: result: yes (Qt5)
configure:25972: checking if the trading dialog should be enabled
configure:25975: result: yes
configure:26039: checking for boostlib >= 1.20.0
configure:26124: /root/telos/depends/x86_64-apple-darwin11/native/bin/clang++ -target x86_64-apple-darwin11 -mmacosx-version-min=10.8 --sysroot /root/telos/depends/SDKs/MacOSX10.11.sdk -mlinker-version=253.9 -stdlib=libc++ -std=c++11 -c -pipe -O2   -Wstack-protector -fstack-protector-all -fPIC -I/root/telos/depends/x86_64-apple-darwin11/share/../include/  -DBOOST_SPIRIT_THREADSAFE -DHAVE_BUILD_INFO -D__STDC_FORMAT_MACROS -DMAC_OSX  -U_FORTIFY_SOURCE -D_FORTIFY_SOURCE=2 -DHAVE_QT5 -I/root/telos/depends/x86_64-apple-darwin11/share/../include conftest.cpp >&5
configure:26124: $? = 0
configure:26126: result: yes
configure:26310: checking whether the Boost::System library is available
configure:26334: /root/telos/depends/x86_64-apple-darwin11/native/bin/clang++ -target x86_64-apple-darwin11 -mmacosx-version-min=10.8 --sysroot /root/telos/depends/SDKs/MacOSX10.11.sdk -mlinker-version=253.9 -stdlib=libc++ -std=c++11 -c -pipe -O2   -Wstack-protector -fstack-protector-all -fPIC -I/root/telos/depends/x86_64-apple-darwin11/share/../include/  -DBOOST_SPIRIT_THREADSAFE -DHAVE_BUILD_INFO -D__STDC_FORMAT_MACROS -DMAC_OSX  -U_FORTIFY_SOURCE -D_FORTIFY_SOURCE=2 -DHAVE_QT5 -I/root/telos/depends/x86_64-apple-darwin11/share/../include conftest.cpp >&5
conftest.cpp:57:1: warning: expression result unused [-Wunused-value]
boost::system::system_category
^~~~~~~~~~~~~~~~~~~~~~~~~~~~~~
1 warning generated.
configure:26334: $? = 0
configure:26349: result: yes
configure:26365: checking for exit in -lboost_system-mt
configure:26390: /root/telos/depends/x86_64-apple-darwin11/native/bin/clang++ -target x86_64-apple-darwin11 -mmacosx-version-min=10.8 --sysroot /root/telos/depends/SDKs/MacOSX10.11.sdk -mlinker-version=253.9 -stdlib=libc++ -std=c++11 -o conftest -pipe -O2   -Wstack-protector -fstack-protector-all -fPIC -I/root/telos/depends/x86_64-apple-darwin11/share/../include/  -DBOOST_SPIRIT_THREADSAFE -DHAVE_BUILD_INFO -D__STDC_FORMAT_MACROS -DMAC_OSX  -U_FORTIFY_SOURCE -D_FORTIFY_SOURCE=2 -DHAVE_QT5 -I/root/telos/depends/x86_64-apple-darwin11/share/../include -L/root/telos/depends/x86_64-apple-darwin11/share/../lib  -Wl,-headerpad_max_install_names  -Wl,-dead_strip -L/root/telos/depends/x86_64-apple-darwin11/share/../lib conftest.cpp -lboost_system-mt   >&5
configure:26390: $? = 0
configure:26400: result: yes
configure:26555: checking whether the Boost::Filesystem library is available
configure:26579: /root/telos/depends/x86_64-apple-darwin11/native/bin/clang++ -target x86_64-apple-darwin11 -mmacosx-version-min=10.8 --sysroot /root/telos/depends/SDKs/MacOSX10.11.sdk -mlinker-version=253.9 -stdlib=libc++ -std=c++11 -c -pipe -O2   -Wstack-protector -fstack-protector-all -fPIC -I/root/telos/depends/x86_64-apple-darwin11/share/../include/  -DBOOST_SPIRIT_THREADSAFE -DHAVE_BUILD_INFO -D__STDC_FORMAT_MACROS -DMAC_OSX  -U_FORTIFY_SOURCE -D_FORTIFY_SOURCE=2 -DHAVE_QT5 -I/root/telos/depends/x86_64-apple-darwin11/share/../include conftest.cpp >&5
configure:26579: $? = 0
configure:26593: result: yes
configure:26605: checking for exit in -lboost_filesystem-mt
configure:26630: /root/telos/depends/x86_64-apple-darwin11/native/bin/clang++ -target x86_64-apple-darwin11 -mmacosx-version-min=10.8 --sysroot /root/telos/depends/SDKs/MacOSX10.11.sdk -mlinker-version=253.9 -stdlib=libc++ -std=c++11 -o conftest -pipe -O2   -Wstack-protector -fstack-protector-all -fPIC -I/root/telos/depends/x86_64-apple-darwin11/share/../include/  -DBOOST_SPIRIT_THREADSAFE -DHAVE_BUILD_INFO -D__STDC_FORMAT_MACROS -DMAC_OSX  -U_FORTIFY_SOURCE -D_FORTIFY_SOURCE=2 -DHAVE_QT5 -I/root/telos/depends/x86_64-apple-darwin11/share/../include -L/root/telos/depends/x86_64-apple-darwin11/share/../lib  -Wl,-headerpad_max_install_names  -Wl,-dead_strip -L/root/telos/depends/x86_64-apple-darwin11/share/../lib conftest.cpp -lboost_filesystem-mt   -lboost_system-mt >&5
configure:26630: $? = 0
configure:26640: result: yes
configure:26790: checking whether the Boost::Program_Options library is available
configure:26814: /root/telos/depends/x86_64-apple-darwin11/native/bin/clang++ -target x86_64-apple-darwin11 -mmacosx-version-min=10.8 --sysroot /root/telos/depends/SDKs/MacOSX10.11.sdk -mlinker-version=253.9 -stdlib=libc++ -std=c++11 -c -pipe -O2   -Wstack-protector -fstack-protector-all -fPIC -I/root/telos/depends/x86_64-apple-darwin11/share/../include/  -DBOOST_SPIRIT_THREADSAFE -DHAVE_BUILD_INFO -D__STDC_FORMAT_MACROS -DMAC_OSX  -U_FORTIFY_SOURCE -D_FORTIFY_SOURCE=2 -DHAVE_QT5 -I/root/telos/depends/x86_64-apple-darwin11/share/../include conftest.cpp >&5
configure:26814: $? = 0
configure:26828: result: yes
configure:26840: checking for exit in -lboost_program_options-mt
configure:26865: /root/telos/depends/x86_64-apple-darwin11/native/bin/clang++ -target x86_64-apple-darwin11 -mmacosx-version-min=10.8 --sysroot /root/telos/depends/SDKs/MacOSX10.11.sdk -mlinker-version=253.9 -stdlib=libc++ -std=c++11 -o conftest -pipe -O2   -Wstack-protector -fstack-protector-all -fPIC -I/root/telos/depends/x86_64-apple-darwin11/share/../include/  -DBOOST_SPIRIT_THREADSAFE -DHAVE_BUILD_INFO -D__STDC_FORMAT_MACROS -DMAC_OSX  -U_FORTIFY_SOURCE -D_FORTIFY_SOURCE=2 -DHAVE_QT5 -I/root/telos/depends/x86_64-apple-darwin11/share/../include -L/root/telos/depends/x86_64-apple-darwin11/share/../lib  -Wl,-headerpad_max_install_names  -Wl,-dead_strip -L/root/telos/depends/x86_64-apple-darwin11/share/../lib conftest.cpp -lboost_program_options-mt   >&5
configure:26865: $? = 0
configure:26875: result: yes
configure:27018: checking whether the Boost::Thread library is available
configure:27050: /root/telos/depends/x86_64-apple-darwin11/native/bin/clang++ -target x86_64-apple-darwin11 -mmacosx-version-min=10.8 --sysroot /root/telos/depends/SDKs/MacOSX10.11.sdk -mlinker-version=253.9 -stdlib=libc++ -std=c++11 -c -pthread -pipe -O2   -Wstack-protector -fstack-protector-all -fPIC -I/root/telos/depends/x86_64-apple-darwin11/share/../include/  -DBOOST_SPIRIT_THREADSAFE -DHAVE_BUILD_INFO -D__STDC_FORMAT_MACROS -DMAC_OSX  -U_FORTIFY_SOURCE -D_FORTIFY_SOURCE=2 -DHAVE_QT5 -I/root/telos/depends/x86_64-apple-darwin11/share/../include conftest.cpp >&5
configure:27050: $? = 0
configure:27065: result: yes
configure:27095: checking for exit in -lboost_thread-mt
configure:27120: /root/telos/depends/x86_64-apple-darwin11/native/bin/clang++ -target x86_64-apple-darwin11 -mmacosx-version-min=10.8 --sysroot /root/telos/depends/SDKs/MacOSX10.11.sdk -mlinker-version=253.9 -stdlib=libc++ -std=c++11 -o conftest -pipe -O2   -Wstack-protector -fstack-protector-all -fPIC -I/root/telos/depends/x86_64-apple-darwin11/share/../include/  -DBOOST_SPIRIT_THREADSAFE -DHAVE_BUILD_INFO -D__STDC_FORMAT_MACROS -DMAC_OSX  -U_FORTIFY_SOURCE -D_FORTIFY_SOURCE=2 -DHAVE_QT5 -I/root/telos/depends/x86_64-apple-darwin11/share/../include -L/root/telos/depends/x86_64-apple-darwin11/share/../lib  -Wl,-headerpad_max_install_names  -Wl,-dead_strip -L/root/telos/depends/x86_64-apple-darwin11/share/../lib conftest.cpp -lboost_thread-mt   >&5
configure:27120: $? = 0
configure:27130: result: yes
configure:27290: checking whether the Boost::Chrono library is available
configure:27314: /root/telos/depends/x86_64-apple-darwin11/native/bin/clang++ -target x86_64-apple-darwin11 -mmacosx-version-min=10.8 --sysroot /root/telos/depends/SDKs/MacOSX10.11.sdk -mlinker-version=253.9 -stdlib=libc++ -std=c++11 -c -pipe -O2   -Wstack-protector -fstack-protector-all -fPIC -I/root/telos/depends/x86_64-apple-darwin11/share/../include/  -DBOOST_SPIRIT_THREADSAFE -DHAVE_BUILD_INFO -D__STDC_FORMAT_MACROS -DMAC_OSX  -U_FORTIFY_SOURCE -D_FORTIFY_SOURCE=2 -DHAVE_QT5 -pthread -I/root/telos/depends/x86_64-apple-darwin11/share/../include conftest.cpp >&5
configure:27314: $? = 0
configure:27329: result: yes
configure:27345: checking for exit in -lboost_chrono-mt
configure:27370: /root/telos/depends/x86_64-apple-darwin11/native/bin/clang++ -target x86_64-apple-darwin11 -mmacosx-version-min=10.8 --sysroot /root/telos/depends/SDKs/MacOSX10.11.sdk -mlinker-version=253.9 -stdlib=libc++ -std=c++11 -o conftest -pipe -O2   -Wstack-protector -fstack-protector-all -fPIC -I/root/telos/depends/x86_64-apple-darwin11/share/../include/  -DBOOST_SPIRIT_THREADSAFE -DHAVE_BUILD_INFO -D__STDC_FORMAT_MACROS -DMAC_OSX  -U_FORTIFY_SOURCE -D_FORTIFY_SOURCE=2 -DHAVE_QT5 -pthread -I/root/telos/depends/x86_64-apple-darwin11/share/../include -L/root/telos/depends/x86_64-apple-darwin11/share/../lib  -Wl,-headerpad_max_install_names  -Wl,-dead_strip -L/root/telos/depends/x86_64-apple-darwin11/share/../lib conftest.cpp -lboost_chrono-mt   >&5
configure:27370: $? = 0
configure:27380: result: yes
configure:27503: checking for working boost reduced exports
configure:27526: /root/telos/depends/x86_64-apple-darwin11/native/bin/clang++ -target x86_64-apple-darwin11 -mmacosx-version-min=10.8 --sysroot /root/telos/depends/SDKs/MacOSX10.11.sdk -mlinker-version=253.9 -stdlib=libc++ -std=c++11 -E -pthread -I/root/telos/depends/x86_64-apple-darwin11/share/../include -I/root/telos/depends/x86_64-apple-darwin11/share/../include/  -DBOOST_SPIRIT_THREADSAFE -DHAVE_BUILD_INFO -D__STDC_FORMAT_MACROS -DMAC_OSX  -U_FORTIFY_SOURCE -D_FORTIFY_SOURCE=2 -DHAVE_QT5 conftest.cpp
configure:27526: $? = 0
configure:27528: result: yes
configure:27556: checking whether the linker accepts -Wl,--exclude-libs,ALL
configure:27575: /root/telos/depends/x86_64-apple-darwin11/native/bin/clang++ -target x86_64-apple-darwin11 -mmacosx-version-min=10.8 --sysroot /root/telos/depends/SDKs/MacOSX10.11.sdk -mlinker-version=253.9 -stdlib=libc++ -std=c++11 -o conftest -pipe -O2   -Wstack-protector -fstack-protector-all -fPIC -fvisibility=hidden -I/root/telos/depends/x86_64-apple-darwin11/share/../include/  -DBOOST_SPIRIT_THREADSAFE -DHAVE_BUILD_INFO -D__STDC_FORMAT_MACROS -DMAC_OSX  -U_FORTIFY_SOURCE -D_FORTIFY_SOURCE=2 -DHAVE_QT5 -L/root/telos/depends/x86_64-apple-darwin11/share/../lib  -Wl,-headerpad_max_install_names  -Wl,-dead_strip  -Wl,--exclude-libs,ALL conftest.cpp  >&5
ld: unknown option: --exclude-libs
clang: error: linker command failed with exit code 1 (use -v to see invocation)
configure:27575: $? = 1
configure: failed program was:
| /* confdefs.h */
| #define PACKAGE_NAME "Transcendence Core"
| #define PACKAGE_TARNAME "transcendence"
| #define PACKAGE_VERSION "1.0.0"
| #define PACKAGE_STRING "Transcendence Core 1.0.0"
| #define PACKAGE_BUGREPORT "www.transcendence.org"
| #define PACKAGE_URL ""
| #define HAVE_CXX11 1
| #define STDC_HEADERS 1
| #define HAVE_SYS_TYPES_H 1
| #define HAVE_SYS_STAT_H 1
| #define HAVE_STDLIB_H 1
| #define HAVE_STRING_H 1
| #define HAVE_MEMORY_H 1
| #define HAVE_STRINGS_H 1
| #define HAVE_INTTYPES_H 1
| #define HAVE_STDINT_H 1
| #define HAVE_UNISTD_H 1
| #define HAVE_DLFCN_H 1
| #define LT_OBJDIR ".libs/"
| #define HAVE_PTHREAD_PRIO_INHERIT 1
| #define HAVE_PTHREAD 1
| #define HAVE_DECL_STRERROR_R 1
| #define HAVE_STRERROR_R 1
| #define HAVE_FUNC_ATTRIBUTE_VISIBILITY 1
| #define HAVE_STDIO_H 1
| #define HAVE_STDLIB_H 1
| #define HAVE_UNISTD_H 1
| #define HAVE_STRINGS_H 1
| #define HAVE_SYS_TYPES_H 1
| #define HAVE_SYS_STAT_H 1
| #define HAVE_SYS_SELECT_H 1
| #define HAVE_INET_PTON 1
| #define HAVE_DECL_STRNLEN 1
| #define HAVE_DECL_LE32TOH 0
| #define HAVE_DECL_LE64TOH 0
| #define HAVE_DECL_HTOLE32 0
| #define HAVE_DECL_HTOLE64 0
| #define HAVE_DECL_BE32TOH 0
| #define HAVE_DECL_BE64TOH 0
| #define HAVE_DECL_HTOBE32 0
| #define HAVE_DECL_HTOBE64 0
| #define HAVE_VISIBILITY_ATTRIBUTE 1
| #define HAVE_MINIUPNPC_MINIWGET_H 1
| #define HAVE_MINIUPNPC_MINIUPNPC_H 1
| #define HAVE_MINIUPNPC_UPNPCOMMANDS_H 1
| #define HAVE_MINIUPNPC_UPNPERRORS_H 1
| #define QT_STATICPLUGIN 1
| #define QT_QPA_PLATFORM_COCOA 1
| #define HAVE_QT5 1
| #define HAVE_BOOST /**/
| #define HAVE_BOOST_SYSTEM /**/
| #define HAVE_BOOST_FILESYSTEM /**/
| #define HAVE_BOOST_PROGRAM_OPTIONS /**/
| #define HAVE_BOOST_THREAD /**/
| #define HAVE_BOOST_CHRONO /**/
| /* end confdefs.h.  */
| 
| int
| main ()
| {
| 
|   ;
|   return 0;
| }
configure:27584: result: no
configure:27843: /root/telos/depends/x86_64-apple-darwin11/native/bin/clang++ -target x86_64-apple-darwin11 -mmacosx-version-min=10.8 --sysroot /root/telos/depends/SDKs/MacOSX10.11.sdk -mlinker-version=253.9 -stdlib=libc++ -std=c++11 -o conftest -pipe -O2   -Wstack-protector -fstack-protector-all -fPIC -fvisibility=hidden -I/root/telos/depends/x86_64-apple-darwin11/share/../include/  -DBOOST_SPIRIT_THREADSAFE -DHAVE_BUILD_INFO -D__STDC_FORMAT_MACROS -DMAC_OSX  -U_FORTIFY_SOURCE -D_FORTIFY_SOURCE=2 -DHAVE_QT5 -pthread -I/root/telos/depends/x86_64-apple-darwin11/share/../include -L/root/telos/depends/x86_64-apple-darwin11/share/../lib  -Wl,-headerpad_max_install_names  -Wl,-dead_strip conftest.cpp -L/root/telos/depends/x86_64-apple-darwin11/share/../lib -lboost_system-mt -lboost_filesystem-mt -lboost_program_options-mt -lboost_thread-mt -lboost_chrono-mt  >&5
configure:27843: $? = 0
configure:27906: checking for SSL
configure:27913: $PKG_CONFIG --exists --print-errors "libssl"
configure:27916: $? = 0
configure:27930: $PKG_CONFIG --exists --print-errors "libssl"
configure:27933: $? = 0
configure:27971: result: yes
configure:27977: checking for CRYPTO
configure:27984: $PKG_CONFIG --exists --print-errors "libcrypto"
configure:27987: $? = 0
configure:28001: $PKG_CONFIG --exists --print-errors "libcrypto"
configure:28004: $? = 0
configure:28042: result: yes
configure:28051: checking for PROTOBUF
configure:28058: $PKG_CONFIG --exists --print-errors "protobuf"
configure:28061: $? = 0
configure:28075: $PKG_CONFIG --exists --print-errors "protobuf"
configure:28078: $? = 0
configure:28138: result: yes
configure:28153: checking for QR
configure:28160: $PKG_CONFIG --exists --print-errors "libqrencode"
configure:28163: $? = 0
configure:28177: $PKG_CONFIG --exists --print-errors "libqrencode"
configure:28180: $? = 0
configure:28218: result: yes
configure:28231: checking for EVENT
configure:28238: $PKG_CONFIG --exists --print-errors "libevent"
configure:28241: $? = 0
configure:28255: $PKG_CONFIG --exists --print-errors "libevent"
configure:28258: $? = 0
configure:28296: result: yes
configure:28303: checking for EVENT_PTHREADS
configure:28310: $PKG_CONFIG --exists --print-errors "libevent_pthreads"
configure:28313: $? = 0
configure:28327: $PKG_CONFIG --exists --print-errors "libevent_pthreads"
configure:28330: $? = 0
configure:28368: result: yes
configure:28377: checking for ZMQ
configure:28384: $PKG_CONFIG --exists --print-errors "libzmq >= 4"
configure:28387: $? = 0
configure:28401: $PKG_CONFIG --exists --print-errors "libzmq >= 4"
configure:28404: $? = 0
configure:28452: result: yes
configure:28844: checking for RAND_egd in -lcrypto
configure:28869: /root/telos/depends/x86_64-apple-darwin11/native/bin/clang++ -target x86_64-apple-darwin11 -mmacosx-version-min=10.8 --sysroot /root/telos/depends/SDKs/MacOSX10.11.sdk -mlinker-version=253.9 -stdlib=libc++ -std=c++11 -o conftest -pipe -O2   -Wstack-protector -fstack-protector-all -fPIC -fvisibility=hidden -I/root/telos/depends/x86_64-apple-darwin11/share/../include/  -DBOOST_SPIRIT_THREADSAFE -DHAVE_BUILD_INFO -D__STDC_FORMAT_MACROS -DMAC_OSX  -U_FORTIFY_SOURCE -D_FORTIFY_SOURCE=2 -DHAVE_QT5 -L/root/telos/depends/x86_64-apple-darwin11/share/../lib  -Wl,-headerpad_max_install_names  -Wl,-dead_strip conftest.cpp -lcrypto   >&5
configure:28869: $? = 0
configure:28878: result: yes
configure:28907: checking openssl/ec.h usability
configure:28907: /root/telos/depends/x86_64-apple-darwin11/native/bin/clang++ -target x86_64-apple-darwin11 -mmacosx-version-min=10.8 --sysroot /root/telos/depends/SDKs/MacOSX10.11.sdk -mlinker-version=253.9 -stdlib=libc++ -std=c++11 -c -pipe -O2   -Wstack-protector -fstack-protector-all -fPIC -fvisibility=hidden -I/root/telos/depends/x86_64-apple-darwin11/share/../include/  -DBOOST_SPIRIT_THREADSAFE -DHAVE_BUILD_INFO -D__STDC_FORMAT_MACROS -DMAC_OSX  -U_FORTIFY_SOURCE -D_FORTIFY_SOURCE=2 -DHAVE_QT5 conftest.cpp >&5
configure:28907: $? = 0
configure:28907: result: yes
configure:28907: checking openssl/ec.h presence
configure:28907: /root/telos/depends/x86_64-apple-darwin11/native/bin/clang++ -target x86_64-apple-darwin11 -mmacosx-version-min=10.8 --sysroot /root/telos/depends/SDKs/MacOSX10.11.sdk -mlinker-version=253.9 -stdlib=libc++ -std=c++11 -E -I/root/telos/depends/x86_64-apple-darwin11/share/../include/  -DBOOST_SPIRIT_THREADSAFE -DHAVE_BUILD_INFO -D__STDC_FORMAT_MACROS -DMAC_OSX  -U_FORTIFY_SOURCE -D_FORTIFY_SOURCE=2 -DHAVE_QT5 conftest.cpp
configure:28907: $? = 0
configure:28907: result: yes
configure:28907: checking for openssl/ec.h
configure:28907: result: yes
configure:28928: checking for protoc
configure:28946: found /root/telos/depends/x86_64-apple-darwin11/share/../native/bin/protoc
configure:28958: result: /root/telos/depends/x86_64-apple-darwin11/share/../native/bin/protoc
configure:29038: checking whether to build transcendenced
configure:29048: result: yes
configure:29051: checking whether to build utils (transcendence-cli transcendence-tx)
configure:29061: result: yes
configure:29064: checking whether to build libraries
configure:29079: result: no
configure:29090: checking if ccache should be used
configure:29103: result: yes
configure:29107: checking whether C preprocessor accepts -Qunused-arguments
configure:29126: /root/telos/depends/x86_64-apple-darwin11/native/bin/clang -target x86_64-apple-darwin11 -mmacosx-version-min=10.8 --sysroot /root/telos/depends/SDKs/MacOSX10.11.sdk -mlinker-version=253.9 -E -I/root/telos/depends/x86_64-apple-darwin11/share/../include/  -DBOOST_SPIRIT_THREADSAFE -DHAVE_BUILD_INFO -D__STDC_FORMAT_MACROS -DMAC_OSX  -U_FORTIFY_SOURCE -D_FORTIFY_SOURCE=2 -DHAVE_QT5  -Qunused-arguments conftest.c
configure:29126: $? = 0
configure:29134: result: yes
configure:29144: checking if wallet should be enabled
configure:29147: result: yes
configure:29160: checking whether to build with support for UPnP
configure:29170: result: yes
configure:29172: checking whether to build with UPnP enabled by default
configure:29180: result: no
configure:29198: checking whether to build GUI with support for D-Bus
configure:29205: result: yes
configure:29208: checking whether to build GUI with support for QR codes
configure:29218: result: yes
configure:29231: WARNING: "xgettext is required to update qt translations"
configure:29235: checking whether to build test_transcendence-qt
configure:29242: result: no
configure:29256: checking whether to build test_transcendence
configure:29263: result: no
configure:29267: checking whether to reduce exports
configure:29270: result: yes
configure:29592: checking that generated files are newer than configure
configure:29598: result: done
configure:29710: creating ./config.status

## ---------------------- ##
## Running config.status. ##
## ---------------------- ##

This file was extended by Transcendence Core config.status 1.0.0, which was
generated by GNU Autoconf 2.69.  Invocation command line was

  CONFIG_FILES    = 
  CONFIG_HEADERS  = 
  CONFIG_LINKS    = 
  CONFIG_COMMANDS = 
  $ ./config.status 

on transcendence-1

config.status:1412: creating Makefile
config.status:1412: creating src/Makefile
config.status:1412: creating share/setup.nsi
config.status:1412: creating share/qt/Info.plist
config.status:1412: creating src/test/buildenv.py
config.status:1412: creating qa/pull-tester/run-bitcoind-for-test.sh
config.status:1412: creating qa/pull-tester/tests-config.sh
config.status:1412: creating contrib/devtools/split-debug.sh
config.status:1412: creating src/config/transcendence-config.h
config.status:1641: executing depfiles commands
config.status:1641: executing libtool commands
configure:32194: === configuring in src/secp256k1 (/root/telos/src/secp256k1)
configure:32257: running /bin/bash ./configure --disable-option-checking '--prefix=/'  '--disable-tests' '--disable-shared' '--with-pic' --cache-file=/dev/null --srcdir=.

## ---------------- ##
## Cache variables. ##
## ---------------- ##

ac_cv_build=x86_64-pc-linux-gnu
ac_cv_c_bigendian=no
ac_cv_c_compiler_gnu=yes
ac_cv_cxx_compiler_gnu=yes
ac_cv_env_CCC_set=
ac_cv_env_CCC_value=
ac_cv_env_CC_set=
ac_cv_env_CC_value=
ac_cv_env_CFLAGS_set=
ac_cv_env_CFLAGS_value=
ac_cv_env_CPPFLAGS_set=
ac_cv_env_CPPFLAGS_value=
ac_cv_env_CPP_set=
ac_cv_env_CPP_value=
ac_cv_env_CRYPTO_CFLAGS_set=
ac_cv_env_CRYPTO_CFLAGS_value=
ac_cv_env_CRYPTO_LIBS_set=
ac_cv_env_CRYPTO_LIBS_value=
ac_cv_env_CXXCPP_set=
ac_cv_env_CXXCPP_value=
ac_cv_env_CXXFLAGS_set=
ac_cv_env_CXXFLAGS_value=
ac_cv_env_CXX_set=
ac_cv_env_CXX_value=
ac_cv_env_EVENT_CFLAGS_set=
ac_cv_env_EVENT_CFLAGS_value=
ac_cv_env_EVENT_LIBS_set=
ac_cv_env_EVENT_LIBS_value=
ac_cv_env_EVENT_PTHREADS_CFLAGS_set=
ac_cv_env_EVENT_PTHREADS_CFLAGS_value=
ac_cv_env_EVENT_PTHREADS_LIBS_set=
ac_cv_env_EVENT_PTHREADS_LIBS_value=
ac_cv_env_LDFLAGS_set=
ac_cv_env_LDFLAGS_value=
ac_cv_env_LIBS_set=
ac_cv_env_LIBS_value=
ac_cv_env_LT_SYS_LIBRARY_PATH_set=
ac_cv_env_LT_SYS_LIBRARY_PATH_value=
ac_cv_env_OBJCXXFLAGS_set=
ac_cv_env_OBJCXXFLAGS_value=
ac_cv_env_OBJCXX_set=
ac_cv_env_OBJCXX_value=
ac_cv_env_PKG_CONFIG_LIBDIR_set=
ac_cv_env_PKG_CONFIG_LIBDIR_value=
ac_cv_env_PKG_CONFIG_PATH_set=
ac_cv_env_PKG_CONFIG_PATH_value=
ac_cv_env_PKG_CONFIG_set=
ac_cv_env_PKG_CONFIG_value=
ac_cv_env_PROTOBUF_CFLAGS_set=
ac_cv_env_PROTOBUF_CFLAGS_value=
ac_cv_env_PROTOBUF_LIBS_set=
ac_cv_env_PROTOBUF_LIBS_value=
ac_cv_env_PYTHONPATH_set=
ac_cv_env_PYTHONPATH_value=
ac_cv_env_QR_CFLAGS_set=
ac_cv_env_QR_CFLAGS_value=
ac_cv_env_QR_LIBS_set=
ac_cv_env_QR_LIBS_value=
ac_cv_env_QTPLATFORM_CFLAGS_set=
ac_cv_env_QTPLATFORM_CFLAGS_value=
ac_cv_env_QTPLATFORM_LIBS_set=
ac_cv_env_QTPLATFORM_LIBS_value=
ac_cv_env_QTPRINT_CFLAGS_set=
ac_cv_env_QTPRINT_CFLAGS_value=
ac_cv_env_QTPRINT_LIBS_set=
ac_cv_env_QTPRINT_LIBS_value=
ac_cv_env_QTXCBQPA_CFLAGS_set=
ac_cv_env_QTXCBQPA_CFLAGS_value=
ac_cv_env_QTXCBQPA_LIBS_set=
ac_cv_env_QTXCBQPA_LIBS_value=
ac_cv_env_QT_CFLAGS_set=
ac_cv_env_QT_CFLAGS_value=
ac_cv_env_QT_DBUS_CFLAGS_set=
ac_cv_env_QT_DBUS_CFLAGS_value=
ac_cv_env_QT_DBUS_LIBS_set=
ac_cv_env_QT_DBUS_LIBS_value=
ac_cv_env_QT_LIBS_set=
ac_cv_env_QT_LIBS_value=
ac_cv_env_QT_TEST_CFLAGS_set=
ac_cv_env_QT_TEST_CFLAGS_value=
ac_cv_env_QT_TEST_LIBS_set=
ac_cv_env_QT_TEST_LIBS_value=
ac_cv_env_SSL_CFLAGS_set=
ac_cv_env_SSL_CFLAGS_value=
ac_cv_env_SSL_LIBS_set=
ac_cv_env_SSL_LIBS_value=
ac_cv_env_X11XCB_CFLAGS_set=
ac_cv_env_X11XCB_CFLAGS_value=
ac_cv_env_X11XCB_LIBS_set=
ac_cv_env_X11XCB_LIBS_value=
ac_cv_env_ZMQ_CFLAGS_set=
ac_cv_env_ZMQ_CFLAGS_value=
ac_cv_env_ZMQ_LIBS_set=
ac_cv_env_ZMQ_LIBS_value=
ac_cv_env_build_alias_set=
ac_cv_env_build_alias_value=
ac_cv_env_host_alias_set=
ac_cv_env_host_alias_value=
ac_cv_env_target_alias_set=
ac_cv_env_target_alias_value=
ac_cv_func_strerror_r=yes
ac_cv_func_strerror_r_char_p=no
ac_cv_have_decl_be32toh=no
ac_cv_have_decl_be64toh=no
ac_cv_have_decl_htobe32=no
ac_cv_have_decl_htobe64=no
ac_cv_have_decl_htole32=no
ac_cv_have_decl_htole64=no
ac_cv_have_decl_le32toh=no
ac_cv_have_decl_le64toh=no
ac_cv_have_decl_strerror_r=yes
ac_cv_have_decl_strnlen=yes
ac_cv_header_dlfcn_h=yes
ac_cv_header_endian_h=no
ac_cv_header_inttypes_h=yes
ac_cv_header_memory_h=yes
ac_cv_header_miniupnpc_miniupnpc_h=yes
ac_cv_header_miniupnpc_miniwget_h=yes
ac_cv_header_miniupnpc_upnpcommands_h=yes
ac_cv_header_miniupnpc_upnperrors_h=yes
ac_cv_header_openssl_ec_h=yes
ac_cv_header_stdc=yes
ac_cv_header_stdint_h=yes
ac_cv_header_stdio_h=yes
ac_cv_header_stdlib_h=yes
ac_cv_header_string_h=yes
ac_cv_header_strings_h=yes
ac_cv_header_sys_prctl_h=no
ac_cv_header_sys_select_h=yes
ac_cv_header_sys_stat_h=yes
ac_cv_header_sys_types_h=yes
ac_cv_header_unistd_h=yes
ac_cv_host=x86_64-apple-darwin11
ac_cv_lib_boost_chrono_mt___exit=yes
ac_cv_lib_boost_filesystem_mt___exit=yes
ac_cv_lib_boost_program_options_mt___exit=yes
ac_cv_lib_boost_system_mt___exit=yes
ac_cv_lib_boost_thread_mt___exit=yes
ac_cv_lib_crypto_RAND_egd=yes
ac_cv_lib_db_cxx_4_8___main=yes
ac_cv_lib_miniupnpc_main=yes
ac_cv_objcxx_compiler_gnu=yes
ac_cv_objext=o
ac_cv_path_AR=/root/telos/depends/x86_64-apple-darwin11/native/bin/x86_64-apple-darwin11-ar
ac_cv_path_CCACHE=/root/telos/depends/x86_64-apple-darwin11/share/../native/bin/ccache
ac_cv_path_EGREP='/bin/grep -E'
ac_cv_path_FGREP='/bin/grep -F'
ac_cv_path_GENISOIMAGE=/root/telos/depends/x86_64-apple-darwin11/share/../native/bin/genisoimage
ac_cv_path_GIT=/usr/bin/git
ac_cv_path_GREP=/bin/grep
ac_cv_path_HEXDUMP=/usr/bin/hexdump
ac_cv_path_IMAGEMAGICK_CONVERT=/usr/bin/convert
ac_cv_path_INSTALLNAMETOOL=/root/telos/depends/x86_64-apple-darwin11/share/../native/bin/x86_64-apple-darwin11-install_name_tool
ac_cv_path_LRELEASE=/root/telos/depends/x86_64-apple-darwin11/share/../native/bin/lrelease
ac_cv_path_MOC=/root/telos/depends/x86_64-apple-darwin11/share/../native/bin/moc
ac_cv_path_OTOOL=/root/telos/depends/x86_64-apple-darwin11/share/../native/bin/x86_64-apple-darwin11-otool
ac_cv_path_PKG_CONFIG='/usr/bin/pkg-config --static'
ac_cv_path_PROTOC=/root/telos/depends/x86_64-apple-darwin11/share/../native/bin/protoc
ac_cv_path_PYTHON=/usr/bin/python3
ac_cv_path_RANLIB=/root/telos/depends/x86_64-apple-darwin11/native/bin/x86_64-apple-darwin11-ranlib
ac_cv_path_RCC=/root/telos/depends/x86_64-apple-darwin11/share/../native/bin/rcc
ac_cv_path_RSVG_CONVERT=/usr/bin/rsvg-convert
ac_cv_path_SED=/bin/sed
ac_cv_path_STRIP=/root/telos/depends/x86_64-apple-darwin11/share/../native/bin/x86_64-apple-darwin11-strip
ac_cv_path_TIFFCP=/usr/bin/tiffcp
ac_cv_path_UIC=/root/telos/depends/x86_64-apple-darwin11/share/../native/bin/uic
ac_cv_path_ac_pt_AR=/root/telos/depends/x86_64-apple-darwin11/native/bin/x86_64-apple-darwin11-ar
ac_cv_path_ac_pt_CPPFILT=/usr/bin/c++filt
ac_cv_path_ac_pt_GCOV=/usr/bin/gcov
ac_cv_path_ac_pt_NM=/root/telos/depends/x86_64-apple-darwin11/native/bin/x86_64-apple-darwin11-nm
ac_cv_path_ac_pt_OBJCOPY=/usr/bin/objcopy
ac_cv_path_ac_pt_RANLIB=/root/telos/depends/x86_64-apple-darwin11/native/bin/x86_64-apple-darwin11-ranlib
ac_cv_path_ac_pt_READELF=/usr/bin/readelf
ac_cv_path_install='/usr/bin/install -c'
ac_cv_path_lt_DD=/bin/dd
ac_cv_path_mkdir=/bin/mkdir
ac_cv_prog_AR=/root/telos/depends/x86_64-apple-darwin11/native/bin/x86_64-apple-darwin11-ar
ac_cv_prog_AWK=gawk
ac_cv_prog_CC='/root/telos/depends/x86_64-apple-darwin11/native/bin/clang -target x86_64-apple-darwin11 -mmacosx-version-min=10.8 --sysroot /root/telos/depends/SDKs/MacOSX10.11.sdk -mlinker-version=253.9'
ac_cv_prog_CPP='/root/telos/depends/x86_64-apple-darwin11/native/bin/clang -target x86_64-apple-darwin11 -mmacosx-version-min=10.8 --sysroot /root/telos/depends/SDKs/MacOSX10.11.sdk -mlinker-version=253.9 -E'
ac_cv_prog_CXXCPP='/root/telos/depends/x86_64-apple-darwin11/native/bin/clang++ -target x86_64-apple-darwin11 -mmacosx-version-min=10.8 --sysroot /root/telos/depends/SDKs/MacOSX10.11.sdk -mlinker-version=253.9 -stdlib=libc++ -std=c++11 -E'
ac_cv_prog_DSYMUTIL=x86_64-apple-darwin11-dsymutil
ac_cv_prog_LIPO=x86_64-apple-darwin11-lipo
ac_cv_prog_NMEDIT=x86_64-apple-darwin11-nmedit
ac_cv_prog_OBJCXX='/root/telos/depends/x86_64-apple-darwin11/native/bin/clang++ -target x86_64-apple-darwin11 -mmacosx-version-min=10.8 --sysroot /root/telos/depends/SDKs/MacOSX10.11.sdk -mlinker-version=253.9 -stdlib=libc++ -std=c++11'
ac_cv_prog_OTOOL=x86_64-apple-darwin11-otool
ac_cv_prog_RANLIB=/root/telos/depends/x86_64-apple-darwin11/native/bin/x86_64-apple-darwin11-ranlib
ac_cv_prog_STRIP=x86_64-apple-darwin11-strip
ac_cv_prog_ac_ct_MANIFEST_TOOL=mt
ac_cv_prog_ac_ct_OBJDUMP=objdump
ac_cv_prog_cc_c89=
ac_cv_prog_cc_g=yes
ac_cv_prog_cxx_g=yes
ac_cv_prog_make_make_set=yes
ac_cv_prog_objcxx_g=yes
ac_cv_search_clock_gettime=no
ac_cv_search_getaddrinfo_a=no
ac_cv_search_inet_pton='none required'
ac_cv_sys_file_offset_bits=no
ac_cv_sys_largefile_CC=no
am_cv_CC_dependencies_compiler_type=gcc3
am_cv_CXX_dependencies_compiler_type=gcc3
am_cv_OBJCXX_dependencies_compiler_type=gcc3
am_cv_make_support_nested_variables=yes
am_cv_prog_cc_c_o=yes
ax_cv_PTHREAD_PRIO_INHERIT=yes
ax_cv_boost_chrono=yes
ax_cv_boost_filesystem=yes
ax_cv_boost_program_options=yes
ax_cv_boost_system=yes
ax_cv_boost_thread=yes
ax_cv_check_ccppflags___Qunused_arguments=yes
ax_cv_check_cxxcppflags___D_FORTIFY_SOURCE_2=yes
ax_cv_check_cxxcppflags___U_FORTIFY_SOURCE=yes
ax_cv_check_cxxflags___Wstack_protector=yes
ax_cv_check_cxxflags___fPIC=yes
ax_cv_check_cxxflags___fstack_protector_all=yes
ax_cv_check_cxxflags___fvisibility_hidden=yes
ax_cv_check_ldflags___Wl___dynamicbase=no
ax_cv_check_ldflags___Wl___exclude_libs_ALL=no
ax_cv_check_ldflags___Wl___large_address_aware=no
ax_cv_check_ldflags___Wl___nxcompat=no
ax_cv_check_ldflags___Wl__dead_strip=yes
ax_cv_check_ldflags___Wl__headerpad_max_install_names=yes
ax_cv_check_ldflags___Wl__z_now=no
ax_cv_check_ldflags___Wl__z_relro=no
ax_cv_check_ldflags___framework_Foundation__framework_ApplicationServices__framework_AppKit=yes
ax_cv_check_ldflags___framework_IOKit=yes
ax_cv_check_ldflags___pic=no
ax_cv_cxx_compile_cxx11=no
ax_cv_cxx_compile_cxx11__std_cpp11=yes
ax_cv_have_func_attribute_dllexport=no
ax_cv_have_func_attribute_dllimport=no
ax_cv_have_func_attribute_visibility=yes
bitcoin_cv_need_acc_widget=no
bitcoin_cv_static_qt=yes
lt_cv_apple_cc_single_mod=yes
lt_cv_ar_at_file=no
lt_cv_deplibs_check_method=pass_all
lt_cv_file_magic_cmd='$MAGIC_CMD'
lt_cv_file_magic_test_file=
lt_cv_ld_exported_symbols_list=yes
lt_cv_ld_force_load=yes
lt_cv_ld_reload_flag=-r
lt_cv_nm_interface='BSD nm'
lt_cv_objdir=.libs
lt_cv_path_LD=/root/telos/depends/x86_64-apple-darwin11/native/bin/x86_64-apple-darwin11-ld
lt_cv_path_LDCXX=/root/telos/depends/x86_64-apple-darwin11/native/bin/x86_64-apple-darwin11-ld
lt_cv_path_NM=/root/telos/depends/x86_64-apple-darwin11/native/bin/x86_64-apple-darwin11-nm
lt_cv_path_mainfest_tool=no
lt_cv_prog_compiler_c_o=yes
lt_cv_prog_compiler_c_o_CXX=yes
lt_cv_prog_compiler_pic='-fno-common -DPIC'
lt_cv_prog_compiler_pic_CXX='-fno-common -DPIC'
lt_cv_prog_compiler_pic_works=yes
lt_cv_prog_compiler_pic_works_CXX=yes
lt_cv_prog_compiler_rtti_exceptions=yes
lt_cv_prog_compiler_static_works=no
lt_cv_prog_compiler_static_works_CXX=no
lt_cv_prog_gnu_ld=no
lt_cv_prog_gnu_ldcxx=no
lt_cv_sharedlib_from_linklib_cmd='printf %s\n'
lt_cv_sys_global_symbol_pipe='sed -n -e '\''s/^.*[	 ]\([BCDEGRST][BCDEGRST]*\)[	 ][	 ]*_\([_A-Za-z][_A-Za-z0-9]*\)$/\1 _\2 \2/p'\'' | sed '\''/ __gnu_lto/d'\'''
lt_cv_sys_global_symbol_to_c_name_address='sed -n -e '\''s/^: \(.*\) .*$/  {"\1", (void *) 0},/p'\'' -e '\''s/^[BCDEGRST][BCDEGRST]* .* \(.*\)$/  {"\1", (void *) \&\1},/p'\'''
lt_cv_sys_global_symbol_to_c_name_address_lib_prefix='sed -n -e '\''s/^: \(.*\) .*$/  {"\1", (void *) 0},/p'\'' -e '\''s/^[BCDEGRST][BCDEGRST]* .* \(lib.*\)$/  {"\1", (void *) \&\1},/p'\'' -e '\''s/^[BCDEGRST][BCDEGRST]* .* \(.*\)$/  {"lib\1", (void *) \&\1},/p'\'''
lt_cv_sys_global_symbol_to_cdecl='sed -n -e '\''s/^T .* \(.*\)$/extern int \1();/p'\'' -e '\''s/^[BCDEGRST][BCDEGRST]* .* \(.*\)$/extern char \1;/p'\'''
lt_cv_sys_global_symbol_to_import=
lt_cv_sys_max_cmd_len=1572864
lt_cv_to_host_file_cmd=func_convert_file_noop
lt_cv_to_tool_file_cmd=func_convert_file_noop
lt_cv_truncate_bin='/bin/dd bs=4096 count=1'
pkg_cv_CRYPTO_CFLAGS=-I/root/telos/depends/x86_64-apple-darwin11/include
pkg_cv_CRYPTO_LIBS='-L/root/telos/depends/x86_64-apple-darwin11/lib -lcrypto'
pkg_cv_EVENT_CFLAGS=-I/root/telos/depends/x86_64-apple-darwin11/include
pkg_cv_EVENT_LIBS='-L/root/telos/depends/x86_64-apple-darwin11/lib -levent'
pkg_cv_EVENT_PTHREADS_CFLAGS='-D_THREAD_SAFE -I/root/telos/depends/x86_64-apple-darwin11/include'
pkg_cv_EVENT_PTHREADS_LIBS='-L/root/telos/depends/x86_64-apple-darwin11/lib -levent_pthreads -levent'
pkg_cv_PROTOBUF_CFLAGS='-D_THREAD_SAFE -I/root/telos/depends/x86_64-apple-darwin11/include'
pkg_cv_PROTOBUF_LIBS='-L/root/telos/depends/x86_64-apple-darwin11/lib -lprotobuf -D_THREAD_SAFE -lz'
pkg_cv_QR_CFLAGS=-I/root/telos/depends/x86_64-apple-darwin11/include
pkg_cv_QR_LIBS='-L/root/telos/depends/x86_64-apple-darwin11/lib -lqrencode -lpthread'
pkg_cv_QTPLATFORM_CFLAGS='-I/root/telos/depends/x86_64-apple-darwin11/include/QtPlatformSupport -I/root/telos/depends/x86_64-apple-darwin11/include/QtGui -I/root/telos/depends/x86_64-apple-darwin11/include/QtCore'
pkg_cv_QTPLATFORM_LIBS='-L/root/telos/depends/x86_64-apple-darwin11/lib -lQt5PlatformSupport -lQt5Gui -framework DiskArbitration -framework IOKit -framework Foundation -framework CoreServices -framework AppKit -framework ApplicationServices -framework CoreFoundation -lqtpng -lqtharfbuzzng -framework OpenGL -framework AGL -lQt5Core -lz -lqtpcre -lm -lz -framework AppKit -framework OpenGL -framework ApplicationServices -framework AGL -lQt5Gui -lQt5Core -framework DiskArbitration -framework IOKit -lz -lqtpcre -lm -framework Foundation -framework CoreServices -framework AppKit -framework ApplicationServices -framework CoreFoundation -framework AppKit -framework Foundation -lqtpng -lqtharfbuzzng -framework ApplicationServices -lz -framework OpenGL -framework AGL -lQt5Core -framework DiskArbitration -framework IOKit -lz -lqtpcre -lm -framework Foundation -framework CoreServices -framework AppKit -framework ApplicationServices -framework CoreFoundation'
pkg_cv_QTPRINT_CFLAGS='-I/root/telos/depends/x86_64-apple-darwin11/include/QtPrintSupport -I/root/telos/depends/x86_64-apple-darwin11/include/QtWidgets -I/root/telos/depends/x86_64-apple-darwin11/include/QtGui -I/root/telos/depends/x86_64-apple-darwin11/include/QtCore'
pkg_cv_QTPRINT_LIBS='-L/root/telos/depends/x86_64-apple-darwin11/lib -lQt5PrintSupport -lQt5Widgets -framework DiskArbitration -framework IOKit -framework Foundation -framework CoreServices -framework AppKit -framework ApplicationServices -framework CoreFoundation -framework OpenGL -framework AGL -framework Carbon -lQt5Gui -lqtpng -lqtharfbuzzng -lQt5Core -lz -lqtpcre -lm -framework AppKit -framework OpenGL -framework AGL -lQt5Widgets -lQt5Gui -framework DiskArbitration -framework IOKit -framework Foundation -framework CoreServices -framework AppKit -framework ApplicationServices -framework CoreFoundation -lqtpng -lqtharfbuzzng -framework OpenGL -framework AGL -lQt5Core -lz -lqtpcre -lm -framework AppKit -lz -framework Carbon -framework OpenGL -framework AGL -lQt5Gui -lQt5Core -framework DiskArbitration -framework IOKit -lz -lqtpcre -lm -framework Foundation -framework CoreServices -framework AppKit -framework ApplicationServices -framework CoreFoundation -framework AppKit -framework Foundation -lqtpng -lqtharfbuzzng -framework ApplicationServices -lz -framework OpenGL -framework AGL -lQt5Core -framework DiskArbitration -framework IOKit -lz -lqtpcre -lm -framework Foundation -framework CoreServices -framework AppKit -framework ApplicationServices -framework CoreFoundation'
pkg_cv_QT_CFLAGS='-I/root/telos/depends/x86_64-apple-darwin11/include/QtNetwork -I/root/telos/depends/x86_64-apple-darwin11/include/QtWidgets -I/root/telos/depends/x86_64-apple-darwin11/include/QtGui -I/root/telos/depends/x86_64-apple-darwin11/include/QtCore'
pkg_cv_QT_DBUS_CFLAGS='-I/root/telos/depends/x86_64-apple-darwin11/include/QtDBus -I/root/telos/depends/x86_64-apple-darwin11/include/QtCore'
pkg_cv_QT_DBUS_LIBS='-L/root/telos/depends/x86_64-apple-darwin11/lib -lQt5DBus -lQt5Core -framework DiskArbitration -framework IOKit -lz -lqtpcre -lm -framework Foundation -framework CoreServices -framework AppKit -framework ApplicationServices -framework CoreFoundation -lQt5Core -framework DiskArbitration -framework IOKit -lz -lqtpcre -lm -framework Foundation -framework CoreServices -framework AppKit -framework ApplicationServices -framework CoreFoundation'
pkg_cv_QT_LIBS='-L/root/telos/depends/x86_64-apple-darwin11/lib -lQt5Network -lQt5Core -framework DiskArbitration -framework IOKit -lz -lqtpcre -lm -framework Foundation -framework CoreServices -framework AppKit -framework ApplicationServices -framework CoreFoundation -framework Security -lz -framework SystemConfiguration -framework CoreFoundation -framework CoreServices -lssl -lcrypto -lQt5Widgets -lQt5Gui -framework DiskArbitration -framework IOKit -framework Foundation -framework CoreServices -framework AppKit -framework ApplicationServices -framework CoreFoundation -lqtpng -lqtharfbuzzng -framework OpenGL -framework AGL -lQt5Core -lz -lqtpcre -lm -framework AppKit -lz -framework Carbon -framework OpenGL -framework AGL -lQt5Gui -lQt5Core -framework DiskArbitration -framework IOKit -lz -lqtpcre -lm -framework Foundation -framework CoreServices -framework AppKit -framework ApplicationServices -framework CoreFoundation -framework AppKit -framework Foundation -lqtpng -lqtharfbuzzng -framework ApplicationServices -lz -framework OpenGL -framework AGL -lQt5Core -framework DiskArbitration -framework IOKit -lz -lqtpcre -lm -framework Foundation -framework CoreServices -framework AppKit -framework ApplicationServices -framework CoreFoundation'
pkg_cv_QT_TEST_CFLAGS='-I/root/telos/depends/x86_64-apple-darwin11/include/QtTest -I/root/telos/depends/x86_64-apple-darwin11/include/QtCore'
pkg_cv_QT_TEST_LIBS='-L/root/telos/depends/x86_64-apple-darwin11/lib -lQt5Test -framework Security -framework Foundation -framework ApplicationServices -framework IOKit -lQt5Core -framework DiskArbitration -lz -lqtpcre -lm -framework CoreServices -framework AppKit -framework CoreFoundation -lQt5Core -framework DiskArbitration -framework IOKit -lz -lqtpcre -lm -framework Foundation -framework CoreServices -framework AppKit -framework ApplicationServices -framework CoreFoundation'
pkg_cv_SSL_CFLAGS=-I/root/telos/depends/x86_64-apple-darwin11/include
pkg_cv_SSL_LIBS='-L/root/telos/depends/x86_64-apple-darwin11/lib -lssl -lcrypto'
pkg_cv_ZMQ_CFLAGS=-I/root/telos/depends/x86_64-apple-darwin11/include
pkg_cv_ZMQ_LIBS='-L/root/telos/depends/x86_64-apple-darwin11/lib -lzmq'

## ----------------- ##
## Output variables. ##
## ----------------- ##

ACLOCAL='${SHELL} /root/telos/build-aux/missing aclocal-1.15'
AMDEPBACKSLASH='\'
AMDEP_FALSE='#'
AMDEP_TRUE=''
AMTAR='$${TAR-tar}'
AM_BACKSLASH='\'
AM_DEFAULT_V='$(AM_DEFAULT_VERBOSITY)'
AM_DEFAULT_VERBOSITY='0'
AM_V='$(V)'
AR='/root/telos/depends/x86_64-apple-darwin11/native/bin/x86_64-apple-darwin11-ar'
AUTOCONF='${SHELL} /root/telos/build-aux/missing autoconf'
AUTOHEADER='${SHELL} /root/telos/build-aux/missing autoheader'
AUTOMAKE='${SHELL} /root/telos/build-aux/missing automake-1.15'
AWK='gawk'
BDB_CPPFLAGS=''
BDB_LIBS='-ldb_cxx-4.8'
BITCOIN_CLI_NAME='transcendence-cli'
BITCOIN_DAEMON_NAME='transcendenced'
BITCOIN_GUI_NAME='transcendence-qt'
BITCOIN_TX_NAME='transcendence-tx'
BOOST_CHRONO_LIB='-lboost_chrono-mt'
BOOST_CPPFLAGS='-pthread -I/root/telos/depends/x86_64-apple-darwin11/share/../include'
BOOST_FILESYSTEM_LIB='-lboost_filesystem-mt'
BOOST_LDFLAGS='-L/root/telos/depends/x86_64-apple-darwin11/share/../lib'
BOOST_LIBS='-L/root/telos/depends/x86_64-apple-darwin11/share/../lib -lboost_system-mt -lboost_filesystem-mt -lboost_program_options-mt -lboost_thread-mt -lboost_chrono-mt'
BOOST_PROGRAM_OPTIONS_LIB='-lboost_program_options-mt'
BOOST_SYSTEM_LIB='-lboost_system-mt'
BOOST_THREAD_LIB='-lboost_thread-mt'
BOOST_UNIT_TEST_FRAMEWORK_LIB=''
BREW='no'
BUILD_BITCOIND_FALSE='#'
BUILD_BITCOIND_TRUE=''
BUILD_BITCOIN_LIBS_FALSE=''
BUILD_BITCOIN_LIBS_TRUE='#'
BUILD_BITCOIN_UTILS_FALSE='#'
BUILD_BITCOIN_UTILS_TRUE=''
BUILD_DARWIN_FALSE=''
BUILD_DARWIN_TRUE='#'
BUILD_QT='qt'
BUILD_TEST=''
BUILD_TEST_QT=''
CC='/root/telos/depends/x86_64-apple-darwin11/share/../native/bin/ccache /root/telos/depends/x86_64-apple-darwin11/native/bin/clang -target x86_64-apple-darwin11 -mmacosx-version-min=10.8 --sysroot /root/telos/depends/SDKs/MacOSX10.11.sdk -mlinker-version=253.9'
CCACHE='/root/telos/depends/x86_64-apple-darwin11/share/../native/bin/ccache'
CCDEPMODE='depmode=gcc3'
CFLAGS='-pipe -O2 '
CLIENT_VERSION_BUILD='0'
CLIENT_VERSION_IS_RELEASE='true'
CLIENT_VERSION_MAJOR='1'
CLIENT_VERSION_MINOR='0'
CLIENT_VERSION_REVISION='0'
COMPARISON_TOOL_REORG_TESTS='0'
COPYRIGHT_YEAR='2017'
CPP='/root/telos/depends/x86_64-apple-darwin11/native/bin/clang -target x86_64-apple-darwin11 -mmacosx-version-min=10.8 --sysroot /root/telos/depends/SDKs/MacOSX10.11.sdk -mlinker-version=253.9 -E'
CPPFILT='/usr/bin/c++filt'
CPPFLAGS='-Qunused-arguments -I/root/telos/depends/x86_64-apple-darwin11/share/../include/  -DBOOST_SPIRIT_THREADSAFE -DHAVE_BUILD_INFO -D__STDC_FORMAT_MACROS -DMAC_OSX  -U_FORTIFY_SOURCE -D_FORTIFY_SOURCE=2 -DHAVE_QT5'
CRYPTO_CFLAGS='-I/root/telos/depends/x86_64-apple-darwin11/include'
CRYPTO_LIBS='-L/root/telos/depends/x86_64-apple-darwin11/lib -lcrypto'
CXX='/root/telos/depends/x86_64-apple-darwin11/share/../native/bin/ccache /root/telos/depends/x86_64-apple-darwin11/native/bin/clang++ -target x86_64-apple-darwin11 -mmacosx-version-min=10.8 --sysroot /root/telos/depends/SDKs/MacOSX10.11.sdk -mlinker-version=253.9 -stdlib=libc++ -std=c++11'
CXXCPP='/root/telos/depends/x86_64-apple-darwin11/native/bin/clang++ -target x86_64-apple-darwin11 -mmacosx-version-min=10.8 --sysroot /root/telos/depends/SDKs/MacOSX10.11.sdk -mlinker-version=253.9 -stdlib=libc++ -std=c++11 -E'
CXXDEPMODE='depmode=gcc3'
CXXFLAGS='-pipe -O2   -Wstack-protector -fstack-protector-all -fPIC -fvisibility=hidden'
CYGPATH_W='echo'
DEFS='-DHAVE_CONFIG_H'
DEPDIR='.deps'
DLLTOOL='false'
DSYMUTIL='x86_64-apple-darwin11-dsymutil'
DUMPBIN=''
ECHO_C=''
ECHO_N='-n'
ECHO_T=''
EGREP='/bin/grep -E'
EMBEDDED_LEVELDB_FALSE='#'
EMBEDDED_LEVELDB_TRUE=''
ENABLE_QT_FALSE='#'
ENABLE_QT_TESTS_FALSE=''
ENABLE_QT_TESTS_TRUE='#'
ENABLE_QT_TRUE=''
ENABLE_TESTS_FALSE=''
ENABLE_TESTS_TRUE='#'
ENABLE_WALLET_FALSE='#'
ENABLE_WALLET_TRUE=''
ENABLE_ZMQ_FALSE='#'
ENABLE_ZMQ_TRUE=''
EVENT_CFLAGS='-I/root/telos/depends/x86_64-apple-darwin11/include'
EVENT_LIBS='-L/root/telos/depends/x86_64-apple-darwin11/lib -levent'
EVENT_PTHREADS_CFLAGS='-D_THREAD_SAFE -I/root/telos/depends/x86_64-apple-darwin11/include'
EVENT_PTHREADS_LIBS='-L/root/telos/depends/x86_64-apple-darwin11/lib -levent_pthreads -levent'
EXEEXT=''
FGREP='/bin/grep -F'
GCOV='/usr/bin/gcov'
GENHTML=''
GENISOIMAGE='/root/telos/depends/x86_64-apple-darwin11/share/../native/bin/genisoimage'
GIT='/usr/bin/git'
GLIBC_BACK_COMPAT_FALSE=''
GLIBC_BACK_COMPAT_TRUE='#'
GREP='/bin/grep'
HAVE_CXX11='1'
HAVE_QT5_FALSE='#'
HAVE_QT5_TRUE=''
HEXDUMP='/usr/bin/hexdump'
IMAGEMAGICK_CONVERT='/usr/bin/convert'
INSTALLNAMETOOL='/root/telos/depends/x86_64-apple-darwin11/share/../native/bin/x86_64-apple-darwin11-install_name_tool'
INSTALL_DATA='${INSTALL} -m 644'
INSTALL_PROGRAM='${INSTALL}'
INSTALL_SCRIPT='${INSTALL}'
INSTALL_STRIP_PROGRAM='$(install_sh) -c -s'
JAVA=''
JAVA_COMPARISON_TOOL=''
LCOV=''
LD='/root/telos/depends/x86_64-apple-darwin11/native/bin/x86_64-apple-darwin11-ld'
LDFLAGS='-L/root/telos/depends/x86_64-apple-darwin11/share/../lib  -Wl,-headerpad_max_install_names  -Wl,-dead_strip'
LEVELDB_CPPFLAGS=''
LEVELDB_TARGET_FLAGS='TARGET_OS=Darwin'
LIBLEVELDB=''
LIBMEMENV=''
LIBOBJS=''
LIBS='-lcrypto '
LIBTOOL='$(SHELL) $(top_builddir)/libtool'
LIBTOOL_APP_LDFLAGS=''
LIPO='x86_64-apple-darwin11-lipo'
LN_S='ln -s'
LRELEASE='/root/telos/depends/x86_64-apple-darwin11/share/../native/bin/lrelease'
LTLIBOBJS=''
LT_SYS_LIBRARY_PATH=''
LUPDATE=''
MAINT=''
MAINTAINER_MODE_FALSE='#'
MAINTAINER_MODE_TRUE=''
MAKEINFO='${SHELL} /root/telos/build-aux/missing makeinfo'
MAKENSIS=''
MANIFEST_TOOL=':'
MINIUPNPC_CPPFLAGS=''
MINIUPNPC_LIBS='-lminiupnpc'
MKDIR_P='/bin/mkdir -p'
MOC='/root/telos/depends/x86_64-apple-darwin11/share/../native/bin/moc'
MOC_DEFS='-DHAVE_CONFIG_H -I$(srcdir) -DQ_OS_MAC'
NM='/root/telos/depends/x86_64-apple-darwin11/native/bin/x86_64-apple-darwin11-nm'
NMEDIT='x86_64-apple-darwin11-nmedit'
OBJCOPY='/usr/bin/objcopy'
OBJCXX='/root/telos/depends/x86_64-apple-darwin11/native/bin/clang++ -target x86_64-apple-darwin11 -mmacosx-version-min=10.8 --sysroot /root/telos/depends/SDKs/MacOSX10.11.sdk -mlinker-version=253.9 -stdlib=libc++ -std=c++11'
OBJCXXDEPMODE='depmode=gcc3'
OBJCXXFLAGS='-pipe -O2   -Wstack-protector -fstack-protector-all -fPIC'
OBJDUMP='objdump'
OBJEXT='o'
OTOOL64=':'
OTOOL='/root/telos/depends/x86_64-apple-darwin11/share/../native/bin/x86_64-apple-darwin11-otool'
PACKAGE='transcendence'
PACKAGE_BUGREPORT='www.transcendence.org'
PACKAGE_NAME='Transcendence Core'
PACKAGE_STRING='Transcendence Core 1.0.0'
PACKAGE_TARNAME='transcendence'
PACKAGE_URL=''
PACKAGE_VERSION='1.0.0'
PATH_SEPARATOR=':'
PKG_CONFIG='/usr/bin/pkg-config --static'
PKG_CONFIG_LIBDIR='/root/telos/depends/x86_64-apple-darwin11/share/../lib/pkgconfig'
PKG_CONFIG_PATH='/root/telos/depends/x86_64-apple-darwin11/share/../share/pkgconfig'
PORT='no'
PROTOBUF_CFLAGS='-D_THREAD_SAFE -I/root/telos/depends/x86_64-apple-darwin11/include'
PROTOBUF_LIBS='-L/root/telos/depends/x86_64-apple-darwin11/lib -lprotobuf -D_THREAD_SAFE -lz'
PROTOC='/root/telos/depends/x86_64-apple-darwin11/share/../native/bin/protoc'
PTHREAD_CC='/root/telos/depends/x86_64-apple-darwin11/native/bin/clang -target x86_64-apple-darwin11 -mmacosx-version-min=10.8 --sysroot /root/telos/depends/SDKs/MacOSX10.11.sdk -mlinker-version=253.9'
PTHREAD_CFLAGS='-D_THREAD_SAFE -pthread'
PTHREAD_LIBS=''
PYTHON='/usr/bin/python3'
PYTHONPATH='/root/telos/depends/x86_64-apple-darwin11/share/../native/lib/python/dist-packages:'
QR_CFLAGS='-I/root/telos/depends/x86_64-apple-darwin11/include'
QR_LIBS='-L/root/telos/depends/x86_64-apple-darwin11/lib -lqrencode -lpthread'
QTPLATFORM_CFLAGS='-I/root/telos/depends/x86_64-apple-darwin11/include/QtPlatformSupport -I/root/telos/depends/x86_64-apple-darwin11/include/QtGui -I/root/telos/depends/x86_64-apple-darwin11/include/QtCore'
QTPLATFORM_LIBS='-L/root/telos/depends/x86_64-apple-darwin11/lib -lQt5PlatformSupport -lQt5Gui -framework DiskArbitration -framework IOKit -framework Foundation -framework CoreServices -framework AppKit -framework ApplicationServices -framework CoreFoundation -lqtpng -lqtharfbuzzng -framework OpenGL -framework AGL -lQt5Core -lz -lqtpcre -lm -lz -framework AppKit -framework OpenGL -framework ApplicationServices -framework AGL -lQt5Gui -lQt5Core -framework DiskArbitration -framework IOKit -lz -lqtpcre -lm -framework Foundation -framework CoreServices -framework AppKit -framework ApplicationServices -framework CoreFoundation -framework AppKit -framework Foundation -lqtpng -lqtharfbuzzng -framework ApplicationServices -lz -framework OpenGL -framework AGL -lQt5Core -framework DiskArbitration -framework IOKit -lz -lqtpcre -lm -framework Foundation -framework CoreServices -framework AppKit -framework ApplicationServices -framework CoreFoundation'
QTPRINT_CFLAGS='-I/root/telos/depends/x86_64-apple-darwin11/include/QtPrintSupport -I/root/telos/depends/x86_64-apple-darwin11/include/QtWidgets -I/root/telos/depends/x86_64-apple-darwin11/include/QtGui -I/root/telos/depends/x86_64-apple-darwin11/include/QtCore'
QTPRINT_LIBS='-L/root/telos/depends/x86_64-apple-darwin11/lib -lQt5PrintSupport -lQt5Widgets -framework DiskArbitration -framework IOKit -framework Foundation -framework CoreServices -framework AppKit -framework ApplicationServices -framework CoreFoundation -framework OpenGL -framework AGL -framework Carbon -lQt5Gui -lqtpng -lqtharfbuzzng -lQt5Core -lz -lqtpcre -lm -framework AppKit -framework OpenGL -framework AGL -lQt5Widgets -lQt5Gui -framework DiskArbitration -framework IOKit -framework Foundation -framework CoreServices -framework AppKit -framework ApplicationServices -framework CoreFoundation -lqtpng -lqtharfbuzzng -framework OpenGL -framework AGL -lQt5Core -lz -lqtpcre -lm -framework AppKit -lz -framework Carbon -framework OpenGL -framework AGL -lQt5Gui -lQt5Core -framework DiskArbitration -framework IOKit -lz -lqtpcre -lm -framework Foundation -framework CoreServices -framework AppKit -framework ApplicationServices -framework CoreFoundation -framework AppKit -framework Foundation -lqtpng -lqtharfbuzzng -framework ApplicationServices -lz -framework OpenGL -framework AGL -lQt5Core -framework DiskArbitration -framework IOKit -lz -lqtpcre -lm -framework Foundation -framework CoreServices -framework AppKit -framework ApplicationServices -framework CoreFoundation'
QTXCBQPA_CFLAGS=''
QTXCBQPA_LIBS=''
QT_CFLAGS='-I/root/telos/depends/x86_64-apple-darwin11/include/QtNetwork -I/root/telos/depends/x86_64-apple-darwin11/include/QtWidgets -I/root/telos/depends/x86_64-apple-darwin11/include/QtGui -I/root/telos/depends/x86_64-apple-darwin11/include/QtCore'
QT_DBUS_CFLAGS='-I/root/telos/depends/x86_64-apple-darwin11/include/QtDBus -I/root/telos/depends/x86_64-apple-darwin11/include/QtCore'
QT_DBUS_INCLUDES='-I/root/telos/depends/x86_64-apple-darwin11/include/QtDBus -I/root/telos/depends/x86_64-apple-darwin11/include/QtCore'
QT_DBUS_LIBS='-L/root/telos/depends/x86_64-apple-darwin11/lib -lQt5DBus -lQt5Core -framework DiskArbitration -framework IOKit -lz -lqtpcre -lm -framework Foundation -framework CoreServices -framework AppKit -framework ApplicationServices -framework CoreFoundation -lQt5Core -framework DiskArbitration -framework IOKit -lz -lqtpcre -lm -framework Foundation -framework CoreServices -framework AppKit -framework ApplicationServices -framework CoreFoundation'
QT_INCLUDES='-I/root/telos/depends/x86_64-apple-darwin11/include/QtNetwork -I/root/telos/depends/x86_64-apple-darwin11/include/QtWidgets -I/root/telos/depends/x86_64-apple-darwin11/include/QtGui -I/root/telos/depends/x86_64-apple-darwin11/include/QtCore'
QT_LDFLAGS=''
QT_LIBS='-lqcocoa -L/root/telos/depends/x86_64-apple-darwin11/lib -lQt5PrintSupport -lQt5Widgets -framework DiskArbitration -framework IOKit -framework Foundation -framework CoreServices -framework AppKit -framework ApplicationServices -framework CoreFoundation -framework OpenGL -framework AGL -framework Carbon -lQt5Gui -lqtpng -lqtharfbuzzng -lQt5Core -lz -lqtpcre -lm -framework AppKit -framework OpenGL -framework AGL -lQt5Widgets -lQt5Gui -framework DiskArbitration -framework IOKit -framework Foundation -framework CoreServices -framework AppKit -framework ApplicationServices -framework CoreFoundation -lqtpng -lqtharfbuzzng -framework OpenGL -framework AGL -lQt5Core -lz -lqtpcre -lm -framework AppKit -lz -framework Carbon -framework OpenGL -framework AGL -lQt5Gui -lQt5Core -framework DiskArbitration -framework IOKit -lz -lqtpcre -lm -framework Foundation -framework CoreServices -framework AppKit -framework ApplicationServices -framework CoreFoundation -framework AppKit -framework Foundation -lqtpng -lqtharfbuzzng -framework ApplicationServices -lz -framework OpenGL -framework AGL -lQt5Core -framework DiskArbitration -framework IOKit -lz -lqtpcre -lm -framework Foundation -framework CoreServices -framework AppKit -framework ApplicationServices -framework CoreFoundation -L/root/telos/depends/x86_64-apple-darwin11/lib -lQt5PlatformSupport -lQt5Gui -framework DiskArbitration -framework IOKit -framework Foundation -framework CoreServices -framework AppKit -framework ApplicationServices -framework CoreFoundation -lqtpng -lqtharfbuzzng -framework OpenGL -framework AGL -lQt5Core -lz -lqtpcre -lm -lz -framework AppKit -framework OpenGL -framework ApplicationServices -framework AGL -lQt5Gui -lQt5Core -framework DiskArbitration -framework IOKit -lz -lqtpcre -lm -framework Foundation -framework CoreServices -framework AppKit -framework ApplicationServices -framework CoreFoundation -framework AppKit -framework Foundation -lqtpng -lqtharfbuzzng -framework ApplicationServices -lz -framework OpenGL -framework AGL -lQt5Core -framework DiskArbitration -framework IOKit -lz -lqtpcre -lm -framework Foundation -framework CoreServices -framework AppKit -framework ApplicationServices -framework CoreFoundation -L/root/telos/depends/x86_64-apple-darwin11/lib -lQt5Network -lQt5Core -framework DiskArbitration -framework IOKit -lz -lqtpcre -lm -framework Foundation -framework CoreServices -framework AppKit -framework ApplicationServices -framework CoreFoundation -framework Security -lz -framework SystemConfiguration -framework CoreFoundation -framework CoreServices -lssl -lcrypto -lQt5Widgets -lQt5Gui -framework DiskArbitration -framework IOKit -framework Foundation -framework CoreServices -framework AppKit -framework ApplicationServices -framework CoreFoundation -lqtpng -lqtharfbuzzng -framework OpenGL -framework AGL -lQt5Core -lz -lqtpcre -lm -framework AppKit -lz -framework Carbon -framework OpenGL -framework AGL -lQt5Gui -lQt5Core -framework DiskArbitration -framework IOKit -lz -lqtpcre -lm -framework Foundation -framework CoreServices -framework AppKit -framework ApplicationServices -framework CoreFoundation -framework AppKit -framework Foundation -lqtpng -lqtharfbuzzng -framework ApplicationServices -lz -framework OpenGL -framework AGL -lQt5Core -framework DiskArbitration -framework IOKit -lz -lqtpcre -lm -framework Foundation -framework CoreServices -framework AppKit -framework ApplicationServices -framework CoreFoundation -L/root/telos/depends/x86_64-apple-darwin11/share/../plugins/platforms -framework IOKit -framework Foundation -framework ApplicationServices -framework AppKit'
QT_PIE_FLAGS=''
QT_SELECT='qt5'
QT_TEST_CFLAGS='-I/root/telos/depends/x86_64-apple-darwin11/include/QtTest -I/root/telos/depends/x86_64-apple-darwin11/include/QtCore'
QT_TEST_INCLUDES='-I/root/telos/depends/x86_64-apple-darwin11/include/QtTest -I/root/telos/depends/x86_64-apple-darwin11/include/QtCore'
QT_TEST_LIBS='-L/root/telos/depends/x86_64-apple-darwin11/lib -lQt5Test -framework Security -framework Foundation -framework ApplicationServices -framework IOKit -lQt5Core -framework DiskArbitration -lz -lqtpcre -lm -framework CoreServices -framework AppKit -framework CoreFoundation -lQt5Core -framework DiskArbitration -framework IOKit -lz -lqtpcre -lm -framework Foundation -framework CoreServices -framework AppKit -framework ApplicationServices -framework CoreFoundation'
QT_TRANSLATION_DIR='/root/telos/depends/x86_64-apple-darwin11/share/../translations'
RANLIB='/root/telos/depends/x86_64-apple-darwin11/native/bin/x86_64-apple-darwin11-ranlib'
RCC='/root/telos/depends/x86_64-apple-darwin11/share/../native/bin/rcc'
READELF='/usr/bin/readelf'
RELDFLAGS=''
RSVG_CONVERT='/usr/bin/rsvg-convert'
SED='/bin/sed'
SET_MAKE=''
SHELL='/bin/bash'
SSL_CFLAGS='-I/root/telos/depends/x86_64-apple-darwin11/include'
SSL_LIBS='-L/root/telos/depends/x86_64-apple-darwin11/lib -lssl -lcrypto'
STRIP='/root/telos/depends/x86_64-apple-darwin11/share/../native/bin/x86_64-apple-darwin11-strip'
TARGET_DARWIN_FALSE='#'
TARGET_DARWIN_TRUE=''
TARGET_WINDOWS_FALSE=''
TARGET_WINDOWS_TRUE='#'
TESTDEFS=''
TIFFCP='/usr/bin/tiffcp'
UIC='/root/telos/depends/x86_64-apple-darwin11/share/../native/bin/uic'
USE_COMPARISON_TOOL_FALSE=''
USE_COMPARISON_TOOL_REORG_TESTS_FALSE='#'
USE_COMPARISON_TOOL_REORG_TESTS_TRUE=''
USE_COMPARISON_TOOL_TRUE='#'
USE_LCOV_FALSE=''
USE_LCOV_TRUE='#'
USE_LIBSECP256K1_FALSE=''
USE_LIBSECP256K1_TRUE='#'
USE_QRCODE=''
USE_QRCODE_FALSE='#'
USE_QRCODE_TRUE=''
USE_UPNP=''
VERSION='1.0.0'
WINDOWS_BITS=''
WINDRES=''
X11XCB_CFLAGS=''
X11XCB_LIBS=''
XGETTEXT=''
ZMQ_CFLAGS='-I/root/telos/depends/x86_64-apple-darwin11/include'
ZMQ_LIBS='-L/root/telos/depends/x86_64-apple-darwin11/lib -lzmq'
ac_ct_AR=''
ac_ct_CC=''
ac_ct_CXX=''
ac_ct_DUMPBIN=''
ac_ct_OBJCXX=''
am__EXEEXT_FALSE=''
am__EXEEXT_TRUE='#'
am__fastdepCC_FALSE='#'
am__fastdepCC_TRUE=''
am__fastdepCXX_FALSE='#'
am__fastdepCXX_TRUE=''
am__fastdepOBJCXX_FALSE='#'
am__fastdepOBJCXX_TRUE=''
am__include='include'
am__isrc=''
am__leading_dot='.'
am__nodep='_no'
am__quote=''
am__tar='$${TAR-tar} chof - "$$tardir"'
am__untar='$${TAR-tar} xf -'
ax_pthread_config=''
bindir='${exec_prefix}/bin'
build='x86_64-pc-linux-gnu'
build_alias=''
build_cpu='x86_64'
build_os='linux-gnu'
build_vendor='pc'
datadir='${datarootdir}'
datarootdir='${prefix}/share'
docdir='${datarootdir}/doc/${PACKAGE_TARNAME}'
dvidir='${docdir}'
exec_prefix='${prefix}'
host='x86_64-apple-darwin11'
host_alias='x86_64-apple-darwin11'
host_cpu='x86_64'
host_os='darwin11'
host_vendor='apple'
htmldir='${docdir}'
includedir='${prefix}/include'
infodir='${datarootdir}/info'
install_sh='${SHELL} /root/telos/build-aux/install-sh'
libdir='${exec_prefix}/lib'
libexecdir='${exec_prefix}/libexec'
localedir='${datarootdir}/locale'
localstatedir='${prefix}/var'
mandir='${datarootdir}/man'
mkdir_p='$(MKDIR_P)'
oldincludedir='/usr/include'
pdfdir='${docdir}'
prefix='/'
program_transform_name='s,x,x,'
psdir='${docdir}'
runstatedir='${localstatedir}/run'
sbindir='${exec_prefix}/sbin'
sharedstatedir='${prefix}/com'
subdirs=' src/secp256k1'
sysconfdir='${prefix}/etc'
target_alias=''

## ----------- ##
## confdefs.h. ##
## ----------- ##

/* confdefs.h */
#define PACKAGE_NAME "Transcendence Core"
#define PACKAGE_TARNAME "transcendence"
#define PACKAGE_VERSION "1.0.0"
#define PACKAGE_STRING "Transcendence Core 1.0.0"
#define PACKAGE_BUGREPORT "www.transcendence.org"
#define PACKAGE_URL ""
#define HAVE_CXX11 1
#define STDC_HEADERS 1
#define HAVE_SYS_TYPES_H 1
#define HAVE_SYS_STAT_H 1
#define HAVE_STDLIB_H 1
#define HAVE_STRING_H 1
#define HAVE_MEMORY_H 1
#define HAVE_STRINGS_H 1
#define HAVE_INTTYPES_H 1
#define HAVE_STDINT_H 1
#define HAVE_UNISTD_H 1
#define HAVE_DLFCN_H 1
#define LT_OBJDIR ".libs/"
#define HAVE_PTHREAD_PRIO_INHERIT 1
#define HAVE_PTHREAD 1
#define HAVE_DECL_STRERROR_R 1
#define HAVE_STRERROR_R 1
#define HAVE_FUNC_ATTRIBUTE_VISIBILITY 1
#define HAVE_STDIO_H 1
#define HAVE_STDLIB_H 1
#define HAVE_UNISTD_H 1
#define HAVE_STRINGS_H 1
#define HAVE_SYS_TYPES_H 1
#define HAVE_SYS_STAT_H 1
#define HAVE_SYS_SELECT_H 1
#define HAVE_INET_PTON 1
#define HAVE_DECL_STRNLEN 1
#define HAVE_DECL_LE32TOH 0
#define HAVE_DECL_LE64TOH 0
#define HAVE_DECL_HTOLE32 0
#define HAVE_DECL_HTOLE64 0
#define HAVE_DECL_BE32TOH 0
#define HAVE_DECL_BE64TOH 0
#define HAVE_DECL_HTOBE32 0
#define HAVE_DECL_HTOBE64 0
#define HAVE_VISIBILITY_ATTRIBUTE 1
#define HAVE_MINIUPNPC_MINIWGET_H 1
#define HAVE_MINIUPNPC_MINIUPNPC_H 1
#define HAVE_MINIUPNPC_UPNPCOMMANDS_H 1
#define HAVE_MINIUPNPC_UPNPERRORS_H 1
#define QT_STATICPLUGIN 1
#define QT_QPA_PLATFORM_COCOA 1
#define HAVE_QT5 1
#define HAVE_BOOST /**/
#define HAVE_BOOST_SYSTEM /**/
#define HAVE_BOOST_FILESYSTEM /**/
#define HAVE_BOOST_PROGRAM_OPTIONS /**/
#define HAVE_BOOST_THREAD /**/
#define HAVE_BOOST_CHRONO /**/
#define HAVE_WORKING_BOOST_SLEEP_FOR 1
#define ENABLE_ZMQ 1
#define HAVE_LIBCRYPTO 1
#define ENABLE_WALLET 1
#define USE_UPNP 0
#define USE_DBUS 1
#define USE_QRCODE 1
#define CLIENT_VERSION_MAJOR 1
#define CLIENT_VERSION_MINOR 0
#define CLIENT_VERSION_REVISION 0
#define CLIENT_VERSION_BUILD 0
#define CLIENT_VERSION_IS_RELEASE true
#define COPYRIGHT_YEAR 2017

configure: exit 0
